2025-05-19 00:06:59,939 [INFO] WebApp:194 - Connection lost
2025-05-19 00:07:00,329 [INFO] WebApp:191 - Connection restablished
2025-05-19 00:16:26,874 [INFO] WebApp:194 - Connection lost
2025-05-19 00:16:27,348 [INFO] WebApp:191 - Connection restablished
2025-05-19 00:32:41,899 [INFO] WebApp:194 - Connection lost
2025-05-19 00:32:42,179 [INFO] WebApp:191 - Connection restablished
2025-05-19 00:51:22,966 [INFO] WebApp:194 - Connection lost
2025-05-19 00:51:23,254 [INFO] WebApp:191 - Connection restablished
2025-05-19 00:51:29,022 [INFO] WebApp:194 - Connection lost
2025-05-19 00:51:29,232 [INFO] WebApp:191 - Connection restablished
2025-05-19 01:09:17,893 [INFO] WebApp:194 - Connection lost
2025-05-19 01:09:18,193 [INFO] WebApp:191 - Connection restablished
2025-05-19 01:25:23,969 [INFO] WebApp:194 - Connection lost
2025-05-19 01:25:24,199 [INFO] WebApp:191 - Connection restablished
2025-05-19 01:42:20,922 [INFO] WebApp:194 - Connection lost
2025-05-19 01:42:21,690 [INFO] WebApp:191 - Connection restablished
2025-05-19 01:59:29,918 [INFO] WebApp:194 - Connection lost
2025-05-19 01:59:30,232 [INFO] WebApp:191 - Connection restablished
2025-05-19 01:59:35,985 [INFO] WebApp:194 - Connection lost
2025-05-19 01:59:36,207 [INFO] WebApp:191 - Connection restablished
2025-05-19 02:16:16,922 [INFO] WebApp:194 - Connection lost
2025-05-19 02:16:17,234 [INFO] WebApp:191 - Connection restablished
2025-05-19 02:33:32,851 [INFO] WebApp:194 - Connection lost
2025-05-19 02:33:33,112 [INFO] WebApp:191 - Connection restablished
2025-05-19 02:49:27,877 [INFO] WebApp:194 - Connection lost
2025-05-19 02:49:29,605 [INFO] WebApp:191 - Connection restablished
2025-05-19 03:06:33,921 [INFO] WebApp:194 - Connection lost
2025-05-19 03:06:34,197 [INFO] WebApp:191 - Connection restablished
2025-05-19 03:23:25,930 [INFO] WebApp:194 - Connection lost
2025-05-19 03:23:26,421 [INFO] WebApp:191 - Connection restablished
2025-05-19 03:41:07,741 [INFO] WebApp:194 - Connection lost
2025-05-19 03:41:08,569 [INFO] WebApp:191 - Connection restablished
2025-05-19 03:56:57,762 [INFO] WebApp:194 - Connection lost
2025-05-19 03:56:58,789 [INFO] WebApp:191 - Connection restablished
2025-05-19 04:13:40,762 [INFO] WebApp:194 - Connection lost
2025-05-19 04:13:41,174 [INFO] WebApp:191 - Connection restablished
2025-05-19 04:13:46,797 [INFO] WebApp:194 - Connection lost
2025-05-19 04:13:47,129 [INFO] WebApp:191 - Connection restablished
2025-05-19 04:13:54,919 [INFO] WebApp:194 - Connection lost
2025-05-19 04:13:55,122 [INFO] WebApp:191 - Connection restablished
2025-05-19 04:29:44,799 [INFO] WebApp:194 - Connection lost
2025-05-19 04:29:45,032 [INFO] WebApp:191 - Connection restablished
2025-05-19 04:47:29,816 [INFO] WebApp:194 - Connection lost
2025-05-19 04:47:30,890 [INFO] WebApp:191 - Connection restablished
2025-05-19 05:05:02,836 [INFO] WebApp:194 - Connection lost
2025-05-19 05:05:02,980 [INFO] WebApp:191 - Connection restablished
2025-05-19 05:23:18,843 [INFO] WebApp:194 - Connection lost
2025-05-19 05:23:19,076 [INFO] WebApp:191 - Connection restablished
2025-05-19 05:40:30,875 [INFO] WebApp:194 - Connection lost
2025-05-19 05:40:31,885 [INFO] WebApp:191 - Connection restablished
2025-05-19 05:56:31,837 [INFO] WebApp:194 - Connection lost
2025-05-19 05:56:32,086 [INFO] WebApp:191 - Connection restablished
2025-05-19 06:13:40,986 [INFO] WebApp:194 - Connection lost
2025-05-19 06:13:41,737 [INFO] WebApp:191 - Connection restablished
2025-05-19 06:31:18,854 [INFO] WebApp:194 - Connection lost
2025-05-19 06:31:19,284 [INFO] WebApp:191 - Connection restablished
2025-05-19 06:46:36,855 [INFO] WebApp:194 - Connection lost
2025-05-19 06:46:37,145 [INFO] WebApp:191 - Connection restablished
2025-05-19 07:04:00,873 [INFO] WebApp:194 - Connection lost
2025-05-19 07:04:01,167 [INFO] WebApp:191 - Connection restablished
2025-05-19 07:19:56,806 [INFO] WebApp:194 - Connection lost
2025-05-19 07:19:57,168 [INFO] WebApp:191 - Connection restablished
2025-05-19 07:36:33,816 [INFO] WebApp:194 - Connection lost
2025-05-19 07:36:34,153 [INFO] WebApp:191 - Connection restablished
2025-05-19 07:51:40,794 [INFO] WebApp:194 - Connection lost
2025-05-19 07:51:41,582 [INFO] WebApp:191 - Connection restablished
2025-05-19 07:59:50,734 [INFO] WebApp:194 - Connection lost
2025-05-19 07:59:51,549 [INFO] WebApp:191 - Connection restablished
2025-05-19 08:31:10,773 [INFO] WebApp:194 - Connection lost
2025-05-19 08:31:11,135 [INFO] WebApp:191 - Connection restablished
2025-05-19 08:37:13,462 [INFO] WebApp:194 - Connection lost
2025-05-19 08:37:14,034 [INFO] WebApp:191 - Connection restablished
2025-05-19 08:37:25,490 [INFO] WebApp:194 - Connection lost
2025-05-19 08:37:25,828 [INFO] WebApp:191 - Connection restablished
2025-05-19 08:37:39,873 [INFO] WebApp:194 - Connection lost
2025-05-19 08:37:40,197 [INFO] WebApp:191 - Connection restablished
2025-05-19 08:42:27,309 [INFO] WebApp:194 - Connection lost
2025-05-19 08:42:27,644 [INFO] WebApp:191 - Connection restablished
2025-05-19 08:45:41,019 [INFO] WebApp:194 - Connection lost
2025-05-19 08:45:41,598 [INFO] WebApp:191 - Connection restablished
2025-05-19 08:49:39,968 [INFO] WebApp:194 - Connection lost
2025-05-19 08:49:40,297 [INFO] WebApp:191 - Connection restablished
2025-05-19 08:52:46,014 [INFO] WebApp:194 - Connection lost
2025-05-19 08:52:46,460 [INFO] WebApp:191 - Connection restablished
2025-05-19 09:08:20,855 [INFO] WebApp:194 - Connection lost
2025-05-19 09:08:21,197 [INFO] WebApp:191 - Connection restablished
2025-05-19 09:23:01,167 [INFO] WebApp:194 - Connection lost
2025-05-19 09:23:03,503 [INFO] WebApp:191 - Connection restablished
2025-05-19 09:23:46,317 [INFO] WebApp:194 - Connection lost
2025-05-19 09:23:47,085 [INFO] WebApp:191 - Connection restablished
2025-05-19 09:39:17,918 [INFO] WebApp:194 - Connection lost
2025-05-19 09:39:18,171 [INFO] WebApp:191 - Connection restablished
2025-05-19 09:55:04,854 [INFO] WebApp:194 - Connection lost
2025-05-19 09:55:05,346 [INFO] WebApp:191 - Connection restablished
2025-05-19 10:00:50,619 [INFO] WebApp:194 - Connection lost
2025-05-19 10:00:51,704 [INFO] WebApp:191 - Connection restablished
2025-05-19 10:17:56,777 [INFO] WebApp:194 - Connection lost
2025-05-19 10:17:57,579 [INFO] WebApp:191 - Connection restablished
2025-05-19 10:34:54,673 [INFO] WebApp:194 - Connection lost
2025-05-19 10:34:55,613 [INFO] WebApp:191 - Connection restablished
2025-05-19 10:35:00,675 [INFO] WebApp:194 - Connection lost
2025-05-19 10:35:01,019 [INFO] WebApp:191 - Connection restablished
2025-05-19 10:53:00,831 [INFO] WebApp:194 - Connection lost
2025-05-19 10:53:01,245 [INFO] WebApp:191 - Connection restablished
2025-05-19 11:01:50,793 [INFO] WebApp:194 - Connection lost
2025-05-19 11:01:51,072 [INFO] WebApp:191 - Connection restablished
2025-05-19 11:16:47,009 [INFO] WebApp:194 - Connection lost
2025-05-19 11:16:47,312 [INFO] WebApp:191 - Connection restablished
2025-05-19 11:32:08,828 [INFO] WebApp:194 - Connection lost
2025-05-19 11:32:09,382 [INFO] WebApp:191 - Connection restablished
2025-05-19 11:47:40,829 [INFO] WebApp:194 - Connection lost
2025-05-19 11:47:41,507 [INFO] WebApp:191 - Connection restablished
2025-05-19 11:58:17,732 [INFO] WebApp:194 - Connection lost
2025-05-19 11:58:18,659 [INFO] WebApp:191 - Connection restablished
2025-05-19 12:02:50,900 [INFO] WebApp:194 - Connection lost
2025-05-19 12:02:51,195 [INFO] WebApp:191 - Connection restablished
2025-05-19 12:04:52,967 [INFO] WebApp:194 - Connection lost
2025-05-19 12:04:53,263 [INFO] WebApp:191 - Connection restablished
2025-05-19 12:09:57,780 [INFO] WebApp:194 - Connection lost
2025-05-19 12:09:58,076 [INFO] WebApp:191 - Connection restablished
2025-05-19 12:12:49,191 [INFO] WebApp:194 - Connection lost
2025-05-19 12:12:49,503 [INFO] WebApp:191 - Connection restablished
2025-05-19 12:25:51,347 [INFO] WebApp:194 - Connection lost
2025-05-19 12:25:51,842 [INFO] WebApp:191 - Connection restablished
2025-05-19 12:25:55,668 [INFO] WebApp:194 - Connection lost
2025-05-19 12:25:56,201 [INFO] WebApp:191 - Connection restablished
2025-05-19 12:26:01,322 [INFO] WebApp:194 - Connection lost
2025-05-19 12:26:02,674 [INFO] WebApp:191 - Connection restablished
2025-05-19 12:46:23,820 [INFO] WebApp:194 - Connection lost
2025-05-19 12:46:24,120 [INFO] WebApp:191 - Connection restablished
2025-05-19 12:54:47,175 [INFO] WebApp:194 - Connection lost
2025-05-19 12:54:48,029 [INFO] WebApp:191 - Connection restablished
2025-05-19 12:57:34,460 [INFO] WebApp:194 - Connection lost
2025-05-19 12:57:34,709 [INFO] WebApp:191 - Connection restablished
2025-05-19 13:03:50,792 [INFO] WebApp:194 - Connection lost
2025-05-19 13:03:51,099 [INFO] WebApp:191 - Connection restablished
2025-05-19 13:09:19,603 [INFO] WebApp:194 - Connection lost
2025-05-19 13:09:20,145 [INFO] WebApp:191 - Connection restablished
2025-05-19 13:09:34,072 [INFO] WebApp:194 - Connection lost
2025-05-19 13:09:34,402 [INFO] WebApp:191 - Connection restablished
2025-05-19 13:26:26,801 [INFO] WebApp:194 - Connection lost
2025-05-19 13:26:27,089 [INFO] WebApp:191 - Connection restablished
2025-05-19 13:26:32,757 [INFO] WebApp:194 - Connection lost
2025-05-19 13:26:33,829 [INFO] WebApp:191 - Connection restablished
2025-05-19 13:44:08,709 [INFO] WebApp:194 - Connection lost
2025-05-19 13:44:09,206 [INFO] WebApp:191 - Connection restablished
2025-05-19 13:59:04,531 [INFO] WebApp:194 - Connection lost
2025-05-19 13:59:05,152 [INFO] WebApp:191 - Connection restablished
2025-05-19 13:59:51,855 [INFO] MainUpdater:2872 - connection check result : 10
2025-05-19 13:59:51,860 [INFO] McuFinderGlobals:76 - Set McuFinderConnectedMode to true
2025-05-19 13:59:52,290 [INFO] ServerAccessManage:473 - Download File mcusAds.json._tmp_
2025-05-19 13:59:52,412 [INFO] LoadUrlFilesThread:156 - End of LoadUrlFiles Thread
2025-05-19 13:59:52,668 [INFO] ServerAccessManage:473 - Download File cube-finder-db.zip
2025-05-19 13:59:53,536 [INFO] FileExtend:242 - Unzip File : cube-finder-db.zip
2025-05-19 13:59:53,537 [INFO] FileExtend:257 - Standard Zip Deflate
2025-05-19 13:59:54,261 [INFO] LoadUrlFilesThread:156 - End of LoadUrlFiles Thread
2025-05-19 13:59:55,174 [INFO] ServerAccessManage:473 - Download File crdb.zip
2025-05-19 13:59:55,866 [INFO] FileExtend:242 - Unzip File : crdb.zip
2025-05-19 13:59:55,868 [INFO] FileExtend:257 - Standard Zip Deflate
2025-05-19 13:59:56,002 [INFO] LoadUrlFilesThread:156 - End of LoadUrlFiles Thread
2025-05-19 13:59:56,213 [INFO] ServerAccessManage:473 - Download File tutoVideoDB.zip
2025-05-19 13:59:56,249 [INFO] FileExtend:242 - Unzip File : tutoVideoDB.zip
2025-05-19 13:59:56,250 [INFO] FileExtend:257 - Standard Zip Deflate
2025-05-19 13:59:56,358 [INFO] LoadUrlFilesThread:156 - End of LoadUrlFiles Thread
2025-05-19 13:59:56,364 [WARN] DbFile:41 - Overriding database path with different value: /Users/johnnario/.stmcufinder/plugins/mcufinder/ => /Users/johnnario/.stmcufinder/plugins/mcufinder
2025-05-19 13:59:56,497 [INFO] ServerAccessManage:473 - Download File api_config.json
2025-05-19 13:59:56,606 [INFO] LoadUrlFilesThread:156 - End of LoadUrlFiles Thread
2025-05-19 13:59:56,610 [INFO] DbMcusAds:53 - JSON generation date=Wed May 07 05:07:55 EDT 2025 (1746608875187)
2025-05-19 13:59:56,614 [INFO] ApiDb:448 - Save user favorites file /Users/johnnario/.stm32cubeide/favorites.mcus.txt: 0 item(s)
2025-05-19 13:59:56,615 [INFO] ApiDb:452 - User favorites MCUs=[]
2025-05-19 13:59:56,672 [INFO] ApiDb:581 - Connected to CubeFinder SQLite database (/Users/johnnario/.stmcufinder/plugins/mcufinder/mcu/cube-finder-db.db)
2025-05-19 13:59:56,702 [INFO] ApiDb:668 - CubeFinder database Data Model version=2.1
2025-05-19 13:59:56,702 [INFO] ApiDb:669 - CubeFinder database Configuration version=3.0.39
2025-05-19 13:59:56,703 [INFO] ApiDb:670 - CubeFinder database generation date=2025-04-23 (1745419778)
2025-05-19 13:59:56,703 [INFO] ApiDb:671 - CubeFinder database FW Pack versions=[FP-ATR-ASTRA1_V2.0.0, FP-SNS-FLIGHT1_V5.1.0, FP-SNS-MOTENV1_V5.0.0, FP-SNS-MOTENVWB1_V1.4.0, FP-SNS-SMARTAG2_V1.2.0, FP-SNS-STBOX1_V2.0.0, STM32Cube_FW_C0_V1.4.0, STM32Cube_FW_F4_V1.28.1, STM32Cube_FW_F7_V1.17.2, STM32Cube_FW_G0_V1.6.2, STM32Cube_FW_G4_V1.6.1, STM32Cube_FW_H5_V1.5.0, STM32Cube_FW_H7RS_V1.2.0, STM32Cube_FW_H7_V1.12.1, STM32Cube_FW_L0_V1.12.2, STM32Cube_FW_L4_V1.18.1, STM32Cube_FW_L5_V1.5.1, STM32Cube_FW_N6_V1.1.1, STM32Cube_FW_U0_V1.2.0, STM32Cube_FW_U3_V1.1.0, STM32Cube_FW_U5_V1.7.0, STM32Cube_FW_WB0_V1.2.0, STM32Cube_FW_WBA_V1.6.0, STM32Cube_FW_WB_V1.22.0, STM32Cube_FW_WL3_V1.1.0, STM32Cube_FW_WL_V1.3.1, X-CUBE-ALGOBUILD_V1.4.0, X-CUBE-ALS_V1.0.2, X-CUBE-AZRTOS-F4_V1.1.0, X-CUBE-AZRTOS-F7_V1.1.0, X-CUBE-AZRTOS-G0_V1.1.0, X-CUBE-AZRTOS-G4_V2.0.0, X-CUBE-AZRTOS-H7RS_V1.1.0, X-CUBE-AZRTOS-H7_V3.3.0, X-CUBE-AZRTOS-L4_V2.0.0, X-CUBE-AZRTOS-L5_V2.0.0, X-CUBE-AZRTOS-WB_V2.0.0, X-CUBE-AZRTOS-WL_V2.0.0, X-CUBE-BLE1_V7.1.0, X-CUBE-BLE2_V3.3.0, X-CUBE-BLEMGR_V4.0.0, X-CUBE-EEPRMA1_V5.1.0, X-CUBE-FREERTOS_V1.3.0, X-CUBE-GNSS1_V6.0.0, X-CUBE-MEMS1_V11.2.0, X-CUBE-NFC4_V3.0.0, X-CUBE-NFC7_V1.0.1, X-CUBE-SFXS2LP1_V4.0.0, X-CUBE-SUBG2_V5.0.0, X-CUBE-TOF1_V3.4.3]
2025-05-19 13:59:57,542 [INFO] ApiDb:240 - Found 895 in-development CPN: [B-G473E-ZEST1S, B-WB1M-WPAN1, B-WBA5M-WPAN, B-WL5M-SUBG1, NUCLEO-C031C6, NUCLEO-C051C8, NUCLEO-C071RB, NUCLEO-C092RC, NUCLEO-H503RB, NUCLEO-H533RE, NUCLEO-H563ZI, NUCLEO-H7S3L8, NUCLEO-N657X0-Q, NUCLEO-U031R8, NUCLEO-U083RC, NUCLEO-U385RG-Q, NUCLEO-U545RE-Q, NUCLEO-U5A5ZJ-Q, NUCLEO-WB05KZ, NUCLEO-WB07CC, NUCLEO-WB09KE, NUCLEO-WBA52CG, NUCLEO-WBA55CG, NUCLEO-WBA65RI, NUCLEO-WL33CC1, NUCLEO-WL33CC2, STEVAL-PROTEUS1, STEVAL-SMARTAG2, STEVAL-STWINBX1, STM320518-EVAL, STM32C0116-DK, STM32C011D6Y3TR, STM32C011D6Y6TR, STM32C011F4P3, STM32C011F4P6, STM32C011F4U3, STM32C011F4U6TR, STM32C011F6P3, STM32C011F6P6, STM32C011F6U3, STM32C011F6U6TR, STM32C011J4M3, STM32C011J4M6, STM32C011J6M3, STM32C011J6M6, STM32C0316-DK, STM32C031C4T3, STM32C031C4T6, STM32C031C4U3, STM32C031C4U6, STM32C031C6T3, STM32C031C6T6, STM32C031C6U3, STM32C031C6U6, STM32C031F4P3, STM32C031F4P6, STM32C031F6P3, STM32C031F6P6, STM32C031G4U3, STM32C031G4U6, STM32C031G6U3, STM32C031G6U6, STM32C031K4T3, STM32C031K4T6, STM32C031K4U3, STM32C031K4U6, STM32C031K6T3, STM32C031K6T6, STM32C031K6U3, STM32C031K6U6, STM32C051C6T6, STM32C051C6U6, STM32C051C8T6, STM32C051C8U6, STM32C051D8Y6TR, STM32C051F6P6, STM32C051F8P6, STM32C051G6U6, STM32C051G8U6, STM32C051K6T6, STM32C051K6U6, STM32C051K8T6, STM32C071C8T6, STM32C071C8T6N, STM32C071C8U6, STM32C071C8U6N, STM32C071CBT6, STM32C071CBT6N, STM32C071CBU6, STM32C071CBU6N, STM32C071F8P6, STM32C071F8P6N, STM32C071FBP6, STM32C071FBP6N, STM32C071FBY6TR, STM32C071G8U6, STM32C071G8U6N, STM32C071GBU6, STM32C071GBU6N, STM32C071K8T6, STM32C071K8T6N, STM32C071K8U6, STM32C071K8U6N, STM32C071KBT6, STM32C071KBT6N, STM32C071KBU6, STM32C071KBU6N, STM32C071R8T6, STM32C071R8T6N, STM32C071RBI6N, STM32C071RBT6, STM32C071RBT6N, STM32C091CBT6, STM32C091CBU6, STM32C091CCT6, STM32C091CCU6, STM32C091ECY6TR, STM32C091FBP6, STM32C091FCP6, STM32C091GBU6, STM32C091GCU6, STM32C091KBT6, STM32C091KBU6, STM32C091KCT6, STM32C091KCU6, STM32C091RBT6, STM32C091RCI6, STM32C091RCT6, STM32C092CBT6, STM32C092CBU6, STM32C092CCT6, STM32C092CCU6, STM32C092ECY6TR, STM32C092FBP6, STM32C092FCP6, STM32C092GBU6, STM32C092GCU6, STM32C092KBT6, STM32C092KBU6, STM32C092KCT6, STM32C092KCU6, STM32C092RBT6, STM32C092RCI6, STM32C092RCT6, STM32G071K8TXN, STM32G071K8UXN, STM32G081GBU6N, STM32G081KBT6N, STM32G081KBUXN, STM32G0B1CCT6N, STM32G0B1KCT6, STM32G0B1NEY6TR, STM32G0B1RCT6N, STM32G0C1CCT6, STM32G0C1CCT6N, STM32G0C1CCU6N, STM32G0C1CET6N, STM32G0C1CEU6N, STM32G0C1KCT6, STM32G0C1NEY6TR, STM32G0C1RCI6N, STM32G0C1RCT6N, STM32G0C1REI6N, STM32G0C1RET6N, STM32G0C1VCI6, STM32G0C1VEI6, STM32G411C6T3, STM32G411C6T6, STM32G411C6U3, STM32G411C6U6, STM32G411C8T3, STM32G411C8T6, STM32G411C8U3, STM32G411C8U6, STM32G411CBT3, STM32G411CBT6, STM32G411CBU3, STM32G411CBU6, STM32G411CCT3, STM32G411CCT6, STM32G411CCU3, STM32G411CCU6, STM32G411K6T3, STM32G411K6T6, STM32G411K6U3, STM32G411K6U6, STM32G411K8T3, STM32G411K8T6, STM32G411K8U3, STM32G411K8U6, STM32G411KBT3, STM32G411KBT6, STM32G411KBU3, STM32G411KBU6, STM32G411M6T3, STM32G411M6T6, STM32G411M8T3, STM32G411M8T6, STM32G411MBT3, STM32G411MBT6, STM32G411MCT3, STM32G411MCT6, STM32G411R6T3, STM32G411R6T6, STM32G411R8T3, STM32G411R8T6, STM32G411RBT3, STM32G411RBT6, STM32G411RCT3, STM32G411RCT6, STM32G414CBT3, STM32G414CBT6, STM32G414CBU3, STM32G414CBU6, STM32G414CCT3, STM32G414CCT6, STM32G414CCU3, STM32G414CCU6, STM32G414MBT3, STM32G414MBT6, STM32G414MCT3, STM32G414MCT6, STM32G414RBT3, STM32G414RBT6, STM32G414RCT3, STM32G414RCT6, STM32G414VBT3, STM32G414VBT6, STM32G414VCT3, STM32G414VCT6, STM32G431CBT3Z, STM32G431RBT3Z, STM32G471CCT6, STM32G471CCU6, STM32G471CET3, STM32G471CET6, STM32G471CEU3, STM32G471CEU6, STM32G471MCT6, STM32G471MET3, STM32G471MET6, STM32G471MEY6TR, STM32G471QCT6, STM32G471QET3, STM32G471RCT6, STM32G471RET3, STM32G471RET6, STM32G471VCH6, STM32G471VCI6, STM32G471VCT6, STM32G471VEH3, STM32G471VEH6, STM32G471VEI3, STM32G471VEI6, STM32G471VET3, STM32G471VET6, STM32G473QET3Z, STM32G473RET3Z, STM32G474CCT6, STM32G491RET3Z, STM32H503CBT6, STM32H503CBU6, STM32H503EBY6TR, STM32H503KBU6, STM32H503RBT6, STM32H523CCT6, STM32H523CCU6, STM32H523CET6, STM32H523CEU6, STM32H523HEY6TR, STM32H523RCT6, STM32H523RET6, STM32H523VCI6, STM32H523VCT6, STM32H523VEI6, STM32H523VET6, STM32H523ZCJ6, STM32H523ZCT6, STM32H523ZEJ6, STM32H523ZET6, STM32H533CET6, STM32H533CEU6, STM32H533HEY6TR, STM32H533RET6, STM32H533VEI6, STM32H533VET6, STM32H533ZEJ6, STM32H533ZET6, STM32H562AGI6, STM32H562AII6, STM32H562IGK6, STM32H562IGT6, STM32H562IIK6, STM32H562IIT6, STM32H562RGT6, STM32H562RGV6, STM32H562RIT6, STM32H562RIV6, STM32H562VGT6, STM32H562VIT6, STM32H562ZGT6, STM32H562ZIT6, STM32H563AGI6, STM32H563AII3Q, STM32H563AII6, STM32H563IGK6, STM32H563IGT6, STM32H563IIK3Q, STM32H563IIK6, STM32H563IIT3Q, STM32H563IIT6, STM32H563MIY3QTR, STM32H563RGT6, STM32H563RGV6, STM32H563RIT6, STM32H563RIV6, STM32H563VGT6, STM32H563VIT3Q, STM32H563VIT6, STM32H563ZGT6, STM32H563ZIT3Q, STM32H563ZIT6, STM32H573AII3Q, STM32H573AII6, STM32H573I-DK, STM32H573IIK3Q, STM32H573IIK6, STM32H573IIT3Q, STM32H573IIT6, STM32H573MIY3QTR, STM32H573RIT6, STM32H573RIV6, STM32H573VIT3Q, STM32H573VIT6, STM32H573ZIT3Q, STM32H573ZIT6, STM32H7R3A8I6, STM32H7R3I8K6, STM32H7R3I8T6, STM32H7R3L8H6, STM32H7R3L8H6H, STM32H7R3R8V6, STM32H7R3V8H6, STM32H7R3V8T6, STM32H7R3V8Y6TR, STM32H7R3Z8J6, STM32H7R3Z8T6, STM32H7R7A8I6, STM32H7R7I8K6, STM32H7R7I8T6, STM32H7R7L8H6, STM32H7R7L8H6H, STM32H7R7Z8J6, STM32H7S3A8I6, STM32H7S3I8K6, STM32H7S3I8T6, STM32H7S3L8H6, STM32H7S3L8H6H, STM32H7S3R8V6, STM32H7S3V8H6, STM32H7S3V8T6, STM32H7S3V8Y6TR, STM32H7S3Z8J6, STM32H7S3Z8T6, STM32H7S78-DK, STM32H7S7A8I6, STM32H7S7I8K6, STM32H7S7I8T6, STM32H7S7L8H6, STM32H7S7L8H6H, STM32H7S7Z8J6, STM32L4R5QGI6STR, STM32MP131AAE3, STM32MP131AAF3, STM32MP131AAG3, STM32MP131CAE3, STM32MP131CAF3, STM32MP131CAG3, STM32MP131DAE7, STM32MP131DAF7, STM32MP131DAG7, STM32MP131FAE7, STM32MP131FAF7, STM32MP131FAG7, STM32MP133AAE3, STM32MP133AAF3, STM32MP133AAG3, STM32MP133CAE3, STM32MP133CAF3, STM32MP133CAG3, STM32MP133DAE7, STM32MP133DAF7, STM32MP133DAG7, STM32MP133FAE7, STM32MP133FAF7, STM32MP133FAG7, STM32MP135AAE3, STM32MP135AAF3, STM32MP135AAG3, STM32MP135CAE3, STM32MP135CAF3, STM32MP135CAG3, STM32MP135DAE7, STM32MP135DAF7, STM32MP135DAG7, STM32MP135F-DK, STM32MP135FAE7, STM32MP135FAF7, STM32MP135FAF7T, STM32MP135FAF7U, STM32MP135FAG7, STM32MP231AAJ3, STM32MP231AAK3, STM32MP231AAL3, STM32MP231CAJ3, STM32MP231CAK3, STM32MP231CAL3, STM32MP231DAJ3, STM32MP231DAK3, STM32MP231DAL3, STM32MP231FAJ3, STM32MP231FAK3, STM32MP231FAL3, STM32MP233AAJ3, STM32MP233AAK3, STM32MP233AAL3, STM32MP233CAJ3, STM32MP233CAK3, STM32MP233CAL3, STM32MP233DAJ3, STM32MP233DAK3, STM32MP233DAL3, STM32MP233FAJ3, STM32MP233FAK3, STM32MP233FAL3, STM32MP235AAJ3, STM32MP235AAK3, STM32MP235AAL3, STM32MP235CAJ3, STM32MP235CAK3, STM32MP235CAL3, STM32MP235DAJ3, STM32MP235DAK3, STM32MP235DAL3, STM32MP235FAJ3, STM32MP235FAK3, STM32MP235FAL3, STM32MP251AAI3, STM32MP251AAJ3, STM32MP251AAK3, STM32MP251AAL3, STM32MP251CAI3, STM32MP251CAJ3, STM32MP251CAK3, STM32MP251CAL3, STM32MP251DAI3, STM32MP251DAJ3, STM32MP251DAK3, STM32MP251DAL3, STM32MP251FAI3, STM32MP251FAJ3, STM32MP251FAK3, STM32MP251FAL3, STM32MP253AAI3, STM32MP253AAJ3, STM32MP253AAK3, STM32MP253AAL3, STM32MP253CAI3, STM32MP253CAJ3, STM32MP253CAK3, STM32MP253CAL3, STM32MP253DAI3, STM32MP253DAJ3, STM32MP253DAK3, STM32MP253DAL3, STM32MP253FAI3, STM32MP253FAJ3, STM32MP253FAK3, STM32MP253FAL3, STM32MP255AAI3, STM32MP255AAJ3, STM32MP255AAK3, STM32MP255AAL3, STM32MP255CAI3, STM32MP255CAJ3, STM32MP255CAK3, STM32MP255CAL3, STM32MP255DAI3, STM32MP255DAJ3, STM32MP255DAK3, STM32MP255DAL3, STM32MP255FAI3, STM32MP255FAJ3, STM32MP255FAK3, STM32MP255FAL3, STM32MP257AAI3, STM32MP257AAJ3, STM32MP257AAK3, STM32MP257AAL3, STM32MP257CAI3, STM32MP257CAJ3, STM32MP257CAK3, STM32MP257CAL3, STM32MP257DAI3, STM32MP257DAJ3, STM32MP257DAK3, STM32MP257DAL3, STM32MP257F-DK, STM32MP257F-EV1, STM32MP257FAI3, STM32MP257FAJ3, STM32MP257FAK3, STM32MP257FAL3, STM32N645A0H3Q, STM32N645B0H3Q, STM32N645I0H3Q, STM32N645L0H3Q, STM32N645X0H3Q, STM32N645Z0H3Q, STM32N647A0H3Q, STM32N647B0H3Q, STM32N647I0H3Q, STM32N647L0H3Q, STM32N647X0H3Q, STM32N647Z0H3Q, STM32N655A0H3Q, STM32N655B0H3Q, STM32N655I0H3Q, STM32N655L0H3Q, STM32N655X0H3Q, STM32N655Z0H3Q, STM32N6570-DK, STM32N657A0H3Q, STM32N657B0H3Q, STM32N657I0H3Q, STM32N657L0H3Q, STM32N657X0H3Q, STM32N657Z0H3Q, STM32U031C6T6, STM32U031C6U6, STM32U031C8T6, STM32U031C8U6, STM32U031F4P6, STM32U031F6P6, STM32U031F8P6, STM32U031G6Y6TR, STM32U031G8Y6TR, STM32U031K4U6, STM32U031K6U6, STM32U031K8U6, STM32U031R6I6, STM32U031R6T6, STM32U031R8I6, STM32U031R8T6, STM32U073C8T6, STM32U073C8U6, STM32U073CBT6, STM32U073CBU6, STM32U073CCT6, STM32U073CCU6, STM32U073H8Y6TR, STM32U073HBY6TR, STM32U073HCY6TR, STM32U073K8U6, STM32U073KBU6, STM32U073KCU6, STM32U073M8I6, STM32U073M8T6, STM32U073MBI6, STM32U073MBT6, STM32U073MCI6, STM32U073MCT6, STM32U073R8I6, STM32U073R8T6, STM32U073RBI6, STM32U073RBT6, STM32U073RCI6, STM32U073RCT6, STM32U083C-DK, STM32U083CCT6, STM32U083CCU6, STM32U083HCY6TR, STM32U083KCU6, STM32U083MCI6, STM32U083MCT6, STM32U083RCI6, STM32U083RCT6, STM32U375CET6, STM32U375CET6Q, STM32U375CEU6, STM32U375CEU6Q, STM32U375CEY6QTR, STM32U375CGT6, STM32U375CGT6Q, STM32U375CGU6, STM32U375CGU6Q, STM32U375CGY6QTR, STM32U375KEU6, STM32U375KGU6, STM32U375REI6, STM32U375REI6Q, STM32U375RET6, STM32U375RET6Q, STM32U375REY6GTR, STM32U375REY6QTR, STM32U375RGI6, STM32U375RGI6Q, STM32U375RGT6, STM32U375RGT6Q, STM32U375RGY6GTR, STM32U375RGY6QTR, STM32U375VEI6, STM32U375VEI6Q, STM32U375VET6, STM32U375VET6Q, STM32U375VGI6, STM32U375VGI6Q, STM32U375VGT6, STM32U375VGT6Q, STM32U385CGT6, STM32U385CGT6Q, STM32U385CGU6, STM32U385CGU6Q, STM32U385CGY6QTR, STM32U385KGU6, STM32U385RGI6, STM32U385RGI6Q, STM32U385RGT6, STM32U385RGT6Q, STM32U385RGY6GTR, STM32U385RGY6QTR, STM32U385VGI6, STM32U385VGI6Q, STM32U385VGT6, STM32U385VGT6Q, STM32U535CBT6, STM32U535CBT6Q, STM32U535CBU6, STM32U535CBU6Q, STM32U535CCT6, STM32U535CCT6Q, STM32U535CCU6, STM32U535CCU6Q, STM32U535CET6, STM32U535CET6Q, STM32U535CEU6, STM32U535CEU6Q, STM32U535JEY6QTR, STM32U535NCY6QTR, STM32U535NEY6QTR, STM32U535RBI6, STM32U535RBI6Q, STM32U535RBT6, STM32U535RBT6Q, STM32U535RCI6, STM32U535RCI6Q, STM32U535RCT6, STM32U535RCT6Q, STM32U535REI6, STM32U535REI6Q, STM32U535RET6, STM32U535RET6Q, STM32U535VCI6, STM32U535VCI6Q, STM32U535VCT6, STM32U535VCT6Q, STM32U535VEI6, STM32U535VEI6Q, STM32U535VET6, STM32U535VET6Q, STM32U545CET6, STM32U545CET6Q, STM32U545CEU6, STM32U545CEU6Q, STM32U545JEY6QTR, STM32U545NEY6QTR, STM32U545REI6, STM32U545REI6Q, STM32U545RET6, STM32U545RET6Q, STM32U545VEI6, STM32U545VEI6Q, STM32U545VET6, STM32U545VET6Q, STM32U595AIH6, STM32U595AIH6Q, STM32U595AJH6, STM32U595AJH6Q, STM32U595QII6, STM32U595QII6Q, STM32U595QJI6, STM32U595QJI6Q, STM32U595RIT6, STM32U595RIT6Q, STM32U595RJT6, STM32U595RJT6Q, STM32U595VIT6, STM32U595VIT6Q, STM32U595VJT6, STM32U595VJT6Q, STM32U595ZIT6, STM32U595ZIT6Q, STM32U595ZIY6QTR, STM32U595ZJT6, STM32U595ZJT6Q, STM32U595ZJY6QTR, STM32U599BJY6QTR, STM32U599NIH6Q, STM32U599NJH6Q, STM32U599VIT6Q, STM32U599VJT6, STM32U599VJT6Q, STM32U599ZIT6Q, STM32U599ZIY6QTR, STM32U599ZJT6Q, STM32U599ZJY6QTR, STM32U5A5AJH6, STM32U5A5AJH6Q, STM32U5A5QII3Q , STM32U5A5QJI6, STM32U5A5QJI6Q, STM32U5A5RJT6, STM32U5A5RJT6Q, STM32U5A5VJT6, STM32U5A5VJT6Q, STM32U5A5ZJT6, STM32U5A5ZJT6Q, STM32U5A5ZJY6QTR, STM32U5A9BJY6QTR, STM32U5A9J-DK, STM32U5A9NJH6Q, STM32U5A9VJT6Q, STM32U5A9ZJT6Q, STM32U5A9ZJY6QTR, STM32U5F7VIT6, STM32U5F7VIT6Q, STM32U5F7VJT6, STM32U5F7VJT6Q, STM32U5F9BJY6QTR, STM32U5F9NJH6Q, STM32U5F9VIT6Q, STM32U5F9VJT6Q, STM32U5F9ZIJ6QTR, STM32U5F9ZIT6Q, STM32U5F9ZJJ6QTR, STM32U5F9ZJT6Q, STM32U5G7VJT6, STM32U5G7VJT6Q, STM32U5G9BJY6QTR, STM32U5G9J-DK1, STM32U5G9J-DK2, STM32U5G9NJH6Q, STM32U5G9VJT6Q, STM32U5G9ZJJ6QTR, STM32U5G9ZJT6Q, STM32WB05KZV6TR, STM32WB05KZV7TR, STM32WB05TZF6TR, STM32WB05TZF7TR, STM32WB06CCF6TR, STM32WB06CCF7TR, STM32WB06CCV6TR, STM32WB06CCV7TR, STM32WB06KCV6TR, STM32WB06KCV7TR, STM32WB07CCF6TR, STM32WB07CCF7TR, STM32WB07CCV6TR, STM32WB07CCV7TR, STM32WB07KCV6TR, STM32WB07KCV7TR, STM32WB09KEV6TR, STM32WB09KEV7TR, STM32WB09TEF6TR, STM32WB09TEF7TR, STM32WB1MMCH6, STM32WBA50KGU6, STM32WBA50KGU6TR, STM32WBA52CEU6, STM32WBA52CEU6TR, STM32WBA52CEU7, STM32WBA52CEU7TR, STM32WBA52CGU6, STM32WBA52CGU6TR, STM32WBA52CGU6U, STM32WBA52CGU7, STM32WBA52CGU7TR, STM32WBA52KEU6, STM32WBA52KEU6TR, STM32WBA52KGU6, STM32WBA52KGU6TR, STM32WBA54CEU6, STM32WBA54CEU6TR, STM32WBA54CEU7, STM32WBA54CEU7TR, STM32WBA54CGU6, STM32WBA54CGU6TR, STM32WBA54CGU7, STM32WBA54CGU7TR, STM32WBA54KEU6, STM32WBA54KEU6TR, STM32WBA54KEU7, STM32WBA54KEU7TR, STM32WBA54KGU6, STM32WBA54KGU6TR, STM32WBA54KGU7, STM32WBA54KGU7TR, STM32WBA55CEU6, STM32WBA55CEU6TR, STM32WBA55CEU7, STM32WBA55CEU7TR, STM32WBA55CGU6, STM32WBA55CGU6TR, STM32WBA55CGU6U, STM32WBA55CGU7, STM32WBA55CGU7TR, STM32WBA55G-DK1, STM32WBA55HEF6, STM32WBA55HEF7, STM32WBA55HGF6, STM32WBA55HGF7, STM32WBA55UEI6, STM32WBA55UEI6TR, STM32WBA55UEI7, STM32WBA55UEI7TR, STM32WBA55UGI6, STM32WBA55UGI6TR, STM32WBA55UGI7, STM32WBA55UGI7TR, STM32WBA5MJGH6TR, STM32WBA62CGU6, STM32WBA62CIU6, STM32WBA62MGF6, STM32WBA62MIF6, STM32WBA62PGI6, STM32WBA62PII6, STM32WBA63CGU6, STM32WBA63CGU7, STM32WBA63CIU6, STM32WBA63CIU7, STM32WBA64CGU6, STM32WBA64CGU7, STM32WBA64CIU6, STM32WBA64CIU7, STM32WBA65CGU6, STM32WBA65CGU7, STM32WBA65CIU6, STM32WBA65CIU7, STM32WBA65I-DK1, STM32WBA65MGF6, STM32WBA65MGF7, STM32WBA65MIF6, STM32WBA65MIF7, STM32WBA65PGI6, STM32WBA65PGI7, STM32WBA65PII6, STM32WBA65PII7, STM32WBA65RGV6, STM32WBA65RGV7, STM32WBA65RIV6, STM32WBA65RIV7, STM32WL30K8V6, STM32WL30KBV6, STM32WL31C8V6, STM32WL31CBV6, STM32WL31K8V6, STM32WL31KBV6, STM32WL33C8V6, STM32WL33C8V6TR, STM32WL33C8V7, STM32WL33C8V7TR, STM32WL33CBV6, STM32WL33CBV6TR, STM32WL33CBV7, STM32WL33CBV7TR, STM32WL33CCV6, STM32WL33CCV6TR, STM32WL33CCV7, STM32WL33CCV7A, STM32WL33CCV7ATR, STM32WL33CCV7TR, STM32WL33K8V6, STM32WL33K8V6TR, STM32WL33K8V7, STM32WL33K8V7TR, STM32WL33KBV6, STM32WL33KBV6TR, STM32WL33KBV7, STM32WL33KBV7TR, STM32WL33KCV6, STM32WL33KCV6TR, STM32WL33KCV7, STM32WL33KCV7TR, STM32WL5MOCH6, STM32WL5MOCH6TR]
2025-05-19 13:59:57,546 [INFO] DbMcus:218 - Found 4686 MCUs, 4686 are supported
2025-05-19 13:59:57,546 [INFO] ApiDb:423 - Load user favorites file /Users/johnnario/.stm32cubeide/favorites.mcus.txt: 0 item(s)
2025-05-19 13:59:57,546 [INFO] ApiDb:427 - User favorites MCUs=[]
2025-05-19 13:59:57,547 [INFO] DbMcus:224 - Set 0 / 0 favorites MCUs
2025-05-19 13:59:57,758 [INFO] ApiDb:448 - Save user favorites file /Users/johnnario/.stm32cubeide/favorites.boards.txt: 0 item(s)
2025-05-19 13:59:57,759 [INFO] ApiDb:452 - User favorites Boards=[]
2025-05-19 13:59:57,760 [INFO] ApiDb:581 - Connected to CubeFinder SQLite database (/Users/johnnario/.stmcufinder/plugins/mcufinder/mcu/cube-finder-db.db)
2025-05-19 13:59:57,786 [INFO] ApiDb:668 - CubeFinder database Data Model version=2.1
2025-05-19 13:59:57,786 [INFO] ApiDb:669 - CubeFinder database Configuration version=3.0.39
2025-05-19 13:59:57,787 [INFO] ApiDb:670 - CubeFinder database generation date=2025-04-23 (1745419778)
2025-05-19 13:59:57,787 [INFO] ApiDb:671 - CubeFinder database FW Pack versions=[FP-ATR-ASTRA1_V2.0.0, FP-SNS-FLIGHT1_V5.1.0, FP-SNS-MOTENV1_V5.0.0, FP-SNS-MOTENVWB1_V1.4.0, FP-SNS-SMARTAG2_V1.2.0, FP-SNS-STBOX1_V2.0.0, STM32Cube_FW_C0_V1.4.0, STM32Cube_FW_F4_V1.28.1, STM32Cube_FW_F7_V1.17.2, STM32Cube_FW_G0_V1.6.2, STM32Cube_FW_G4_V1.6.1, STM32Cube_FW_H5_V1.5.0, STM32Cube_FW_H7RS_V1.2.0, STM32Cube_FW_H7_V1.12.1, STM32Cube_FW_L0_V1.12.2, STM32Cube_FW_L4_V1.18.1, STM32Cube_FW_L5_V1.5.1, STM32Cube_FW_N6_V1.1.1, STM32Cube_FW_U0_V1.2.0, STM32Cube_FW_U3_V1.1.0, STM32Cube_FW_U5_V1.7.0, STM32Cube_FW_WB0_V1.2.0, STM32Cube_FW_WBA_V1.6.0, STM32Cube_FW_WB_V1.22.0, STM32Cube_FW_WL3_V1.1.0, STM32Cube_FW_WL_V1.3.1, X-CUBE-ALGOBUILD_V1.4.0, X-CUBE-ALS_V1.0.2, X-CUBE-AZRTOS-F4_V1.1.0, X-CUBE-AZRTOS-F7_V1.1.0, X-CUBE-AZRTOS-G0_V1.1.0, X-CUBE-AZRTOS-G4_V2.0.0, X-CUBE-AZRTOS-H7RS_V1.1.0, X-CUBE-AZRTOS-H7_V3.3.0, X-CUBE-AZRTOS-L4_V2.0.0, X-CUBE-AZRTOS-L5_V2.0.0, X-CUBE-AZRTOS-WB_V2.0.0, X-CUBE-AZRTOS-WL_V2.0.0, X-CUBE-BLE1_V7.1.0, X-CUBE-BLE2_V3.3.0, X-CUBE-BLEMGR_V4.0.0, X-CUBE-EEPRMA1_V5.1.0, X-CUBE-FREERTOS_V1.3.0, X-CUBE-GNSS1_V6.0.0, X-CUBE-MEMS1_V11.2.0, X-CUBE-NFC4_V3.0.0, X-CUBE-NFC7_V1.0.1, X-CUBE-SFXS2LP1_V4.0.0, X-CUBE-SUBG2_V5.0.0, X-CUBE-TOF1_V3.4.3]
2025-05-19 13:59:57,813 [INFO] DbBoardsSqlite:226 - include board P-NUCLEO-WB55-NUCLEO as a kit item of type 'Nucleo-64'
2025-05-19 13:59:57,814 [INFO] DbBoardsSqlite:226 - include board P-NUCLEO-WB55-USBDONGLE as a kit item of type 'Nucleo USB Dongle'
2025-05-19 13:59:57,814 [INFO] DbBoardsSqlite:226 - include board STEVAL-IDP005V1 as a kit item of type 'Evaluation Board'
2025-05-19 13:59:57,814 [INFO] DbBoardsSqlite:226 - include board STEVAL-IDP005V2 as a kit item of type 'Evaluation Board'
2025-05-19 13:59:57,835 [INFO] ApiDb:240 - Found 895 in-development CPN: [B-G473E-ZEST1S, B-WB1M-WPAN1, B-WBA5M-WPAN, B-WL5M-SUBG1, NUCLEO-C031C6, NUCLEO-C051C8, NUCLEO-C071RB, NUCLEO-C092RC, NUCLEO-H503RB, NUCLEO-H533RE, NUCLEO-H563ZI, NUCLEO-H7S3L8, NUCLEO-N657X0-Q, NUCLEO-U031R8, NUCLEO-U083RC, NUCLEO-U385RG-Q, NUCLEO-U545RE-Q, NUCLEO-U5A5ZJ-Q, NUCLEO-WB05KZ, NUCLEO-WB07CC, NUCLEO-WB09KE, NUCLEO-WBA52CG, NUCLEO-WBA55CG, NUCLEO-WBA65RI, NUCLEO-WL33CC1, NUCLEO-WL33CC2, STEVAL-PROTEUS1, STEVAL-SMARTAG2, STEVAL-STWINBX1, STM320518-EVAL, STM32C0116-DK, STM32C011D6Y3TR, STM32C011D6Y6TR, STM32C011F4P3, STM32C011F4P6, STM32C011F4U3, STM32C011F4U6TR, STM32C011F6P3, STM32C011F6P6, STM32C011F6U3, STM32C011F6U6TR, STM32C011J4M3, STM32C011J4M6, STM32C011J6M3, STM32C011J6M6, STM32C0316-DK, STM32C031C4T3, STM32C031C4T6, STM32C031C4U3, STM32C031C4U6, STM32C031C6T3, STM32C031C6T6, STM32C031C6U3, STM32C031C6U6, STM32C031F4P3, STM32C031F4P6, STM32C031F6P3, STM32C031F6P6, STM32C031G4U3, STM32C031G4U6, STM32C031G6U3, STM32C031G6U6, STM32C031K4T3, STM32C031K4T6, STM32C031K4U3, STM32C031K4U6, STM32C031K6T3, STM32C031K6T6, STM32C031K6U3, STM32C031K6U6, STM32C051C6T6, STM32C051C6U6, STM32C051C8T6, STM32C051C8U6, STM32C051D8Y6TR, STM32C051F6P6, STM32C051F8P6, STM32C051G6U6, STM32C051G8U6, STM32C051K6T6, STM32C051K6U6, STM32C051K8T6, STM32C071C8T6, STM32C071C8T6N, STM32C071C8U6, STM32C071C8U6N, STM32C071CBT6, STM32C071CBT6N, STM32C071CBU6, STM32C071CBU6N, STM32C071F8P6, STM32C071F8P6N, STM32C071FBP6, STM32C071FBP6N, STM32C071FBY6TR, STM32C071G8U6, STM32C071G8U6N, STM32C071GBU6, STM32C071GBU6N, STM32C071K8T6, STM32C071K8T6N, STM32C071K8U6, STM32C071K8U6N, STM32C071KBT6, STM32C071KBT6N, STM32C071KBU6, STM32C071KBU6N, STM32C071R8T6, STM32C071R8T6N, STM32C071RBI6N, STM32C071RBT6, STM32C071RBT6N, STM32C091CBT6, STM32C091CBU6, STM32C091CCT6, STM32C091CCU6, STM32C091ECY6TR, STM32C091FBP6, STM32C091FCP6, STM32C091GBU6, STM32C091GCU6, STM32C091KBT6, STM32C091KBU6, STM32C091KCT6, STM32C091KCU6, STM32C091RBT6, STM32C091RCI6, STM32C091RCT6, STM32C092CBT6, STM32C092CBU6, STM32C092CCT6, STM32C092CCU6, STM32C092ECY6TR, STM32C092FBP6, STM32C092FCP6, STM32C092GBU6, STM32C092GCU6, STM32C092KBT6, STM32C092KBU6, STM32C092KCT6, STM32C092KCU6, STM32C092RBT6, STM32C092RCI6, STM32C092RCT6, STM32G071K8TXN, STM32G071K8UXN, STM32G081GBU6N, STM32G081KBT6N, STM32G081KBUXN, STM32G0B1CCT6N, STM32G0B1KCT6, STM32G0B1NEY6TR, STM32G0B1RCT6N, STM32G0C1CCT6, STM32G0C1CCT6N, STM32G0C1CCU6N, STM32G0C1CET6N, STM32G0C1CEU6N, STM32G0C1KCT6, STM32G0C1NEY6TR, STM32G0C1RCI6N, STM32G0C1RCT6N, STM32G0C1REI6N, STM32G0C1RET6N, STM32G0C1VCI6, STM32G0C1VEI6, STM32G411C6T3, STM32G411C6T6, STM32G411C6U3, STM32G411C6U6, STM32G411C8T3, STM32G411C8T6, STM32G411C8U3, STM32G411C8U6, STM32G411CBT3, STM32G411CBT6, STM32G411CBU3, STM32G411CBU6, STM32G411CCT3, STM32G411CCT6, STM32G411CCU3, STM32G411CCU6, STM32G411K6T3, STM32G411K6T6, STM32G411K6U3, STM32G411K6U6, STM32G411K8T3, STM32G411K8T6, STM32G411K8U3, STM32G411K8U6, STM32G411KBT3, STM32G411KBT6, STM32G411KBU3, STM32G411KBU6, STM32G411M6T3, STM32G411M6T6, STM32G411M8T3, STM32G411M8T6, STM32G411MBT3, STM32G411MBT6, STM32G411MCT3, STM32G411MCT6, STM32G411R6T3, STM32G411R6T6, STM32G411R8T3, STM32G411R8T6, STM32G411RBT3, STM32G411RBT6, STM32G411RCT3, STM32G411RCT6, STM32G414CBT3, STM32G414CBT6, STM32G414CBU3, STM32G414CBU6, STM32G414CCT3, STM32G414CCT6, STM32G414CCU3, STM32G414CCU6, STM32G414MBT3, STM32G414MBT6, STM32G414MCT3, STM32G414MCT6, STM32G414RBT3, STM32G414RBT6, STM32G414RCT3, STM32G414RCT6, STM32G414VBT3, STM32G414VBT6, STM32G414VCT3, STM32G414VCT6, STM32G431CBT3Z, STM32G431RBT3Z, STM32G471CCT6, STM32G471CCU6, STM32G471CET3, STM32G471CET6, STM32G471CEU3, STM32G471CEU6, STM32G471MCT6, STM32G471MET3, STM32G471MET6, STM32G471MEY6TR, STM32G471QCT6, STM32G471QET3, STM32G471RCT6, STM32G471RET3, STM32G471RET6, STM32G471VCH6, STM32G471VCI6, STM32G471VCT6, STM32G471VEH3, STM32G471VEH6, STM32G471VEI3, STM32G471VEI6, STM32G471VET3, STM32G471VET6, STM32G473QET3Z, STM32G473RET3Z, STM32G474CCT6, STM32G491RET3Z, STM32H503CBT6, STM32H503CBU6, STM32H503EBY6TR, STM32H503KBU6, STM32H503RBT6, STM32H523CCT6, STM32H523CCU6, STM32H523CET6, STM32H523CEU6, STM32H523HEY6TR, STM32H523RCT6, STM32H523RET6, STM32H523VCI6, STM32H523VCT6, STM32H523VEI6, STM32H523VET6, STM32H523ZCJ6, STM32H523ZCT6, STM32H523ZEJ6, STM32H523ZET6, STM32H533CET6, STM32H533CEU6, STM32H533HEY6TR, STM32H533RET6, STM32H533VEI6, STM32H533VET6, STM32H533ZEJ6, STM32H533ZET6, STM32H562AGI6, STM32H562AII6, STM32H562IGK6, STM32H562IGT6, STM32H562IIK6, STM32H562IIT6, STM32H562RGT6, STM32H562RGV6, STM32H562RIT6, STM32H562RIV6, STM32H562VGT6, STM32H562VIT6, STM32H562ZGT6, STM32H562ZIT6, STM32H563AGI6, STM32H563AII3Q, STM32H563AII6, STM32H563IGK6, STM32H563IGT6, STM32H563IIK3Q, STM32H563IIK6, STM32H563IIT3Q, STM32H563IIT6, STM32H563MIY3QTR, STM32H563RGT6, STM32H563RGV6, STM32H563RIT6, STM32H563RIV6, STM32H563VGT6, STM32H563VIT3Q, STM32H563VIT6, STM32H563ZGT6, STM32H563ZIT3Q, STM32H563ZIT6, STM32H573AII3Q, STM32H573AII6, STM32H573I-DK, STM32H573IIK3Q, STM32H573IIK6, STM32H573IIT3Q, STM32H573IIT6, STM32H573MIY3QTR, STM32H573RIT6, STM32H573RIV6, STM32H573VIT3Q, STM32H573VIT6, STM32H573ZIT3Q, STM32H573ZIT6, STM32H7R3A8I6, STM32H7R3I8K6, STM32H7R3I8T6, STM32H7R3L8H6, STM32H7R3L8H6H, STM32H7R3R8V6, STM32H7R3V8H6, STM32H7R3V8T6, STM32H7R3V8Y6TR, STM32H7R3Z8J6, STM32H7R3Z8T6, STM32H7R7A8I6, STM32H7R7I8K6, STM32H7R7I8T6, STM32H7R7L8H6, STM32H7R7L8H6H, STM32H7R7Z8J6, STM32H7S3A8I6, STM32H7S3I8K6, STM32H7S3I8T6, STM32H7S3L8H6, STM32H7S3L8H6H, STM32H7S3R8V6, STM32H7S3V8H6, STM32H7S3V8T6, STM32H7S3V8Y6TR, STM32H7S3Z8J6, STM32H7S3Z8T6, STM32H7S78-DK, STM32H7S7A8I6, STM32H7S7I8K6, STM32H7S7I8T6, STM32H7S7L8H6, STM32H7S7L8H6H, STM32H7S7Z8J6, STM32L4R5QGI6STR, STM32MP131AAE3, STM32MP131AAF3, STM32MP131AAG3, STM32MP131CAE3, STM32MP131CAF3, STM32MP131CAG3, STM32MP131DAE7, STM32MP131DAF7, STM32MP131DAG7, STM32MP131FAE7, STM32MP131FAF7, STM32MP131FAG7, STM32MP133AAE3, STM32MP133AAF3, STM32MP133AAG3, STM32MP133CAE3, STM32MP133CAF3, STM32MP133CAG3, STM32MP133DAE7, STM32MP133DAF7, STM32MP133DAG7, STM32MP133FAE7, STM32MP133FAF7, STM32MP133FAG7, STM32MP135AAE3, STM32MP135AAF3, STM32MP135AAG3, STM32MP135CAE3, STM32MP135CAF3, STM32MP135CAG3, STM32MP135DAE7, STM32MP135DAF7, STM32MP135DAG7, STM32MP135F-DK, STM32MP135FAE7, STM32MP135FAF7, STM32MP135FAF7T, STM32MP135FAF7U, STM32MP135FAG7, STM32MP231AAJ3, STM32MP231AAK3, STM32MP231AAL3, STM32MP231CAJ3, STM32MP231CAK3, STM32MP231CAL3, STM32MP231DAJ3, STM32MP231DAK3, STM32MP231DAL3, STM32MP231FAJ3, STM32MP231FAK3, STM32MP231FAL3, STM32MP233AAJ3, STM32MP233AAK3, STM32MP233AAL3, STM32MP233CAJ3, STM32MP233CAK3, STM32MP233CAL3, STM32MP233DAJ3, STM32MP233DAK3, STM32MP233DAL3, STM32MP233FAJ3, STM32MP233FAK3, STM32MP233FAL3, STM32MP235AAJ3, STM32MP235AAK3, STM32MP235AAL3, STM32MP235CAJ3, STM32MP235CAK3, STM32MP235CAL3, STM32MP235DAJ3, STM32MP235DAK3, STM32MP235DAL3, STM32MP235FAJ3, STM32MP235FAK3, STM32MP235FAL3, STM32MP251AAI3, STM32MP251AAJ3, STM32MP251AAK3, STM32MP251AAL3, STM32MP251CAI3, STM32MP251CAJ3, STM32MP251CAK3, STM32MP251CAL3, STM32MP251DAI3, STM32MP251DAJ3, STM32MP251DAK3, STM32MP251DAL3, STM32MP251FAI3, STM32MP251FAJ3, STM32MP251FAK3, STM32MP251FAL3, STM32MP253AAI3, STM32MP253AAJ3, STM32MP253AAK3, STM32MP253AAL3, STM32MP253CAI3, STM32MP253CAJ3, STM32MP253CAK3, STM32MP253CAL3, STM32MP253DAI3, STM32MP253DAJ3, STM32MP253DAK3, STM32MP253DAL3, STM32MP253FAI3, STM32MP253FAJ3, STM32MP253FAK3, STM32MP253FAL3, STM32MP255AAI3, STM32MP255AAJ3, STM32MP255AAK3, STM32MP255AAL3, STM32MP255CAI3, STM32MP255CAJ3, STM32MP255CAK3, STM32MP255CAL3, STM32MP255DAI3, STM32MP255DAJ3, STM32MP255DAK3, STM32MP255DAL3, STM32MP255FAI3, STM32MP255FAJ3, STM32MP255FAK3, STM32MP255FAL3, STM32MP257AAI3, STM32MP257AAJ3, STM32MP257AAK3, STM32MP257AAL3, STM32MP257CAI3, STM32MP257CAJ3, STM32MP257CAK3, STM32MP257CAL3, STM32MP257DAI3, STM32MP257DAJ3, STM32MP257DAK3, STM32MP257DAL3, STM32MP257F-DK, STM32MP257F-EV1, STM32MP257FAI3, STM32MP257FAJ3, STM32MP257FAK3, STM32MP257FAL3, STM32N645A0H3Q, STM32N645B0H3Q, STM32N645I0H3Q, STM32N645L0H3Q, STM32N645X0H3Q, STM32N645Z0H3Q, STM32N647A0H3Q, STM32N647B0H3Q, STM32N647I0H3Q, STM32N647L0H3Q, STM32N647X0H3Q, STM32N647Z0H3Q, STM32N655A0H3Q, STM32N655B0H3Q, STM32N655I0H3Q, STM32N655L0H3Q, STM32N655X0H3Q, STM32N655Z0H3Q, STM32N6570-DK, STM32N657A0H3Q, STM32N657B0H3Q, STM32N657I0H3Q, STM32N657L0H3Q, STM32N657X0H3Q, STM32N657Z0H3Q, STM32U031C6T6, STM32U031C6U6, STM32U031C8T6, STM32U031C8U6, STM32U031F4P6, STM32U031F6P6, STM32U031F8P6, STM32U031G6Y6TR, STM32U031G8Y6TR, STM32U031K4U6, STM32U031K6U6, STM32U031K8U6, STM32U031R6I6, STM32U031R6T6, STM32U031R8I6, STM32U031R8T6, STM32U073C8T6, STM32U073C8U6, STM32U073CBT6, STM32U073CBU6, STM32U073CCT6, STM32U073CCU6, STM32U073H8Y6TR, STM32U073HBY6TR, STM32U073HCY6TR, STM32U073K8U6, STM32U073KBU6, STM32U073KCU6, STM32U073M8I6, STM32U073M8T6, STM32U073MBI6, STM32U073MBT6, STM32U073MCI6, STM32U073MCT6, STM32U073R8I6, STM32U073R8T6, STM32U073RBI6, STM32U073RBT6, STM32U073RCI6, STM32U073RCT6, STM32U083C-DK, STM32U083CCT6, STM32U083CCU6, STM32U083HCY6TR, STM32U083KCU6, STM32U083MCI6, STM32U083MCT6, STM32U083RCI6, STM32U083RCT6, STM32U375CET6, STM32U375CET6Q, STM32U375CEU6, STM32U375CEU6Q, STM32U375CEY6QTR, STM32U375CGT6, STM32U375CGT6Q, STM32U375CGU6, STM32U375CGU6Q, STM32U375CGY6QTR, STM32U375KEU6, STM32U375KGU6, STM32U375REI6, STM32U375REI6Q, STM32U375RET6, STM32U375RET6Q, STM32U375REY6GTR, STM32U375REY6QTR, STM32U375RGI6, STM32U375RGI6Q, STM32U375RGT6, STM32U375RGT6Q, STM32U375RGY6GTR, STM32U375RGY6QTR, STM32U375VEI6, STM32U375VEI6Q, STM32U375VET6, STM32U375VET6Q, STM32U375VGI6, STM32U375VGI6Q, STM32U375VGT6, STM32U375VGT6Q, STM32U385CGT6, STM32U385CGT6Q, STM32U385CGU6, STM32U385CGU6Q, STM32U385CGY6QTR, STM32U385KGU6, STM32U385RGI6, STM32U385RGI6Q, STM32U385RGT6, STM32U385RGT6Q, STM32U385RGY6GTR, STM32U385RGY6QTR, STM32U385VGI6, STM32U385VGI6Q, STM32U385VGT6, STM32U385VGT6Q, STM32U535CBT6, STM32U535CBT6Q, STM32U535CBU6, STM32U535CBU6Q, STM32U535CCT6, STM32U535CCT6Q, STM32U535CCU6, STM32U535CCU6Q, STM32U535CET6, STM32U535CET6Q, STM32U535CEU6, STM32U535CEU6Q, STM32U535JEY6QTR, STM32U535NCY6QTR, STM32U535NEY6QTR, STM32U535RBI6, STM32U535RBI6Q, STM32U535RBT6, STM32U535RBT6Q, STM32U535RCI6, STM32U535RCI6Q, STM32U535RCT6, STM32U535RCT6Q, STM32U535REI6, STM32U535REI6Q, STM32U535RET6, STM32U535RET6Q, STM32U535VCI6, STM32U535VCI6Q, STM32U535VCT6, STM32U535VCT6Q, STM32U535VEI6, STM32U535VEI6Q, STM32U535VET6, STM32U535VET6Q, STM32U545CET6, STM32U545CET6Q, STM32U545CEU6, STM32U545CEU6Q, STM32U545JEY6QTR, STM32U545NEY6QTR, STM32U545REI6, STM32U545REI6Q, STM32U545RET6, STM32U545RET6Q, STM32U545VEI6, STM32U545VEI6Q, STM32U545VET6, STM32U545VET6Q, STM32U595AIH6, STM32U595AIH6Q, STM32U595AJH6, STM32U595AJH6Q, STM32U595QII6, STM32U595QII6Q, STM32U595QJI6, STM32U595QJI6Q, STM32U595RIT6, STM32U595RIT6Q, STM32U595RJT6, STM32U595RJT6Q, STM32U595VIT6, STM32U595VIT6Q, STM32U595VJT6, STM32U595VJT6Q, STM32U595ZIT6, STM32U595ZIT6Q, STM32U595ZIY6QTR, STM32U595ZJT6, STM32U595ZJT6Q, STM32U595ZJY6QTR, STM32U599BJY6QTR, STM32U599NIH6Q, STM32U599NJH6Q, STM32U599VIT6Q, STM32U599VJT6, STM32U599VJT6Q, STM32U599ZIT6Q, STM32U599ZIY6QTR, STM32U599ZJT6Q, STM32U599ZJY6QTR, STM32U5A5AJH6, STM32U5A5AJH6Q, STM32U5A5QII3Q , STM32U5A5QJI6, STM32U5A5QJI6Q, STM32U5A5RJT6, STM32U5A5RJT6Q, STM32U5A5VJT6, STM32U5A5VJT6Q, STM32U5A5ZJT6, STM32U5A5ZJT6Q, STM32U5A5ZJY6QTR, STM32U5A9BJY6QTR, STM32U5A9J-DK, STM32U5A9NJH6Q, STM32U5A9VJT6Q, STM32U5A9ZJT6Q, STM32U5A9ZJY6QTR, STM32U5F7VIT6, STM32U5F7VIT6Q, STM32U5F7VJT6, STM32U5F7VJT6Q, STM32U5F9BJY6QTR, STM32U5F9NJH6Q, STM32U5F9VIT6Q, STM32U5F9VJT6Q, STM32U5F9ZIJ6QTR, STM32U5F9ZIT6Q, STM32U5F9ZJJ6QTR, STM32U5F9ZJT6Q, STM32U5G7VJT6, STM32U5G7VJT6Q, STM32U5G9BJY6QTR, STM32U5G9J-DK1, STM32U5G9J-DK2, STM32U5G9NJH6Q, STM32U5G9VJT6Q, STM32U5G9ZJJ6QTR, STM32U5G9ZJT6Q, STM32WB05KZV6TR, STM32WB05KZV7TR, STM32WB05TZF6TR, STM32WB05TZF7TR, STM32WB06CCF6TR, STM32WB06CCF7TR, STM32WB06CCV6TR, STM32WB06CCV7TR, STM32WB06KCV6TR, STM32WB06KCV7TR, STM32WB07CCF6TR, STM32WB07CCF7TR, STM32WB07CCV6TR, STM32WB07CCV7TR, STM32WB07KCV6TR, STM32WB07KCV7TR, STM32WB09KEV6TR, STM32WB09KEV7TR, STM32WB09TEF6TR, STM32WB09TEF7TR, STM32WB1MMCH6, STM32WBA50KGU6, STM32WBA50KGU6TR, STM32WBA52CEU6, STM32WBA52CEU6TR, STM32WBA52CEU7, STM32WBA52CEU7TR, STM32WBA52CGU6, STM32WBA52CGU6TR, STM32WBA52CGU6U, STM32WBA52CGU7, STM32WBA52CGU7TR, STM32WBA52KEU6, STM32WBA52KEU6TR, STM32WBA52KGU6, STM32WBA52KGU6TR, STM32WBA54CEU6, STM32WBA54CEU6TR, STM32WBA54CEU7, STM32WBA54CEU7TR, STM32WBA54CGU6, STM32WBA54CGU6TR, STM32WBA54CGU7, STM32WBA54CGU7TR, STM32WBA54KEU6, STM32WBA54KEU6TR, STM32WBA54KEU7, STM32WBA54KEU7TR, STM32WBA54KGU6, STM32WBA54KGU6TR, STM32WBA54KGU7, STM32WBA54KGU7TR, STM32WBA55CEU6, STM32WBA55CEU6TR, STM32WBA55CEU7, STM32WBA55CEU7TR, STM32WBA55CGU6, STM32WBA55CGU6TR, STM32WBA55CGU6U, STM32WBA55CGU7, STM32WBA55CGU7TR, STM32WBA55G-DK1, STM32WBA55HEF6, STM32WBA55HEF7, STM32WBA55HGF6, STM32WBA55HGF7, STM32WBA55UEI6, STM32WBA55UEI6TR, STM32WBA55UEI7, STM32WBA55UEI7TR, STM32WBA55UGI6, STM32WBA55UGI6TR, STM32WBA55UGI7, STM32WBA55UGI7TR, STM32WBA5MJGH6TR, STM32WBA62CGU6, STM32WBA62CIU6, STM32WBA62MGF6, STM32WBA62MIF6, STM32WBA62PGI6, STM32WBA62PII6, STM32WBA63CGU6, STM32WBA63CGU7, STM32WBA63CIU6, STM32WBA63CIU7, STM32WBA64CGU6, STM32WBA64CGU7, STM32WBA64CIU6, STM32WBA64CIU7, STM32WBA65CGU6, STM32WBA65CGU7, STM32WBA65CIU6, STM32WBA65CIU7, STM32WBA65I-DK1, STM32WBA65MGF6, STM32WBA65MGF7, STM32WBA65MIF6, STM32WBA65MIF7, STM32WBA65PGI6, STM32WBA65PGI7, STM32WBA65PII6, STM32WBA65PII7, STM32WBA65RGV6, STM32WBA65RGV7, STM32WBA65RIV6, STM32WBA65RIV7, STM32WL30K8V6, STM32WL30KBV6, STM32WL31C8V6, STM32WL31CBV6, STM32WL31K8V6, STM32WL31KBV6, STM32WL33C8V6, STM32WL33C8V6TR, STM32WL33C8V7, STM32WL33C8V7TR, STM32WL33CBV6, STM32WL33CBV6TR, STM32WL33CBV7, STM32WL33CBV7TR, STM32WL33CCV6, STM32WL33CCV6TR, STM32WL33CCV7, STM32WL33CCV7A, STM32WL33CCV7ATR, STM32WL33CCV7TR, STM32WL33K8V6, STM32WL33K8V6TR, STM32WL33K8V7, STM32WL33K8V7TR, STM32WL33KBV6, STM32WL33KBV6TR, STM32WL33KBV7, STM32WL33KBV7TR, STM32WL33KCV6, STM32WL33KCV6TR, STM32WL33KCV7, STM32WL33KCV7TR, STM32WL5MOCH6, STM32WL5MOCH6TR]
2025-05-19 13:59:57,929 [INFO] BoardInfo:889 - No configuration file found for board P-NUCLEO-WB55
2025-05-19 13:59:57,929 [INFO] DbBoards:161 - Kit is not supported: P-NUCLEO-WB55
2025-05-19 13:59:57,932 [INFO] BoardInfo:889 - No configuration file found for board STEVAL-BFA001V1B
2025-05-19 13:59:57,932 [INFO] DbBoards:161 - Kit is not supported: STEVAL-BFA001V1B
2025-05-19 13:59:57,933 [INFO] BoardInfo:889 - No configuration file found for board STEVAL-BFA001V2B
2025-05-19 13:59:57,933 [INFO] DbBoards:161 - Kit is not supported: STEVAL-BFA001V2B
2025-05-19 13:59:58,018 [INFO] DbBoards:168 - Found 211 boards, 208 are supported
2025-05-19 13:59:58,018 [INFO] DbBoards:169 - Found 211 boards, 43 of them is supported for  Bsp
2025-05-19 13:59:58,021 [INFO] ApiDb:423 - Load user favorites file /Users/johnnario/.stm32cubeide/favorites.boards.txt: 0 item(s)
2025-05-19 13:59:58,021 [INFO] ApiDb:427 - User favorites Boards=[]
2025-05-19 13:59:58,021 [INFO] DbBoards:198 - Set 0 / 0 favorites Boards
2025-05-19 13:59:58,079 [INFO] LoadUrlFilesThread:185 - End of LoadServerUrlFiles without Thread
2025-05-19 13:59:58,079 [INFO] TargetSelectorAdapter:259 - Refresh data is successful
2025-05-19 13:59:58,083 [INFO] ApiDb:668 - CubeFinder database Data Model version=2.1
2025-05-19 13:59:58,083 [INFO] ApiDb:669 - CubeFinder database Configuration version=3.0.39
2025-05-19 13:59:58,083 [INFO] ApiDb:670 - CubeFinder database generation date=2025-04-23 (1745419778)
2025-05-19 13:59:58,083 [INFO] ApiDb:671 - CubeFinder database FW Pack versions=[FP-ATR-ASTRA1_V2.0.0, FP-SNS-FLIGHT1_V5.1.0, FP-SNS-MOTENV1_V5.0.0, FP-SNS-MOTENVWB1_V1.4.0, FP-SNS-SMARTAG2_V1.2.0, FP-SNS-STBOX1_V2.0.0, STM32Cube_FW_C0_V1.4.0, STM32Cube_FW_F4_V1.28.1, STM32Cube_FW_F7_V1.17.2, STM32Cube_FW_G0_V1.6.2, STM32Cube_FW_G4_V1.6.1, STM32Cube_FW_H5_V1.5.0, STM32Cube_FW_H7RS_V1.2.0, STM32Cube_FW_H7_V1.12.1, STM32Cube_FW_L0_V1.12.2, STM32Cube_FW_L4_V1.18.1, STM32Cube_FW_L5_V1.5.1, STM32Cube_FW_N6_V1.1.1, STM32Cube_FW_U0_V1.2.0, STM32Cube_FW_U3_V1.1.0, STM32Cube_FW_U5_V1.7.0, STM32Cube_FW_WB0_V1.2.0, STM32Cube_FW_WBA_V1.6.0, STM32Cube_FW_WB_V1.22.0, STM32Cube_FW_WL3_V1.1.0, STM32Cube_FW_WL_V1.3.1, X-CUBE-ALGOBUILD_V1.4.0, X-CUBE-ALS_V1.0.2, X-CUBE-AZRTOS-F4_V1.1.0, X-CUBE-AZRTOS-F7_V1.1.0, X-CUBE-AZRTOS-G0_V1.1.0, X-CUBE-AZRTOS-G4_V2.0.0, X-CUBE-AZRTOS-H7RS_V1.1.0, X-CUBE-AZRTOS-H7_V3.3.0, X-CUBE-AZRTOS-L4_V2.0.0, X-CUBE-AZRTOS-L5_V2.0.0, X-CUBE-AZRTOS-WB_V2.0.0, X-CUBE-AZRTOS-WL_V2.0.0, X-CUBE-BLE1_V7.1.0, X-CUBE-BLE2_V3.3.0, X-CUBE-BLEMGR_V4.0.0, X-CUBE-EEPRMA1_V5.1.0, X-CUBE-FREERTOS_V1.3.0, X-CUBE-GNSS1_V6.0.0, X-CUBE-MEMS1_V11.2.0, X-CUBE-NFC4_V3.0.0, X-CUBE-NFC7_V1.0.1, X-CUBE-SFXS2LP1_V4.0.0, X-CUBE-SUBG2_V5.0.0, X-CUBE-TOF1_V3.4.3]
2025-05-19 13:59:58,575 [ERROR] DbExamplesSqlite:437 - Missing JSON key: board_cpn
2025-05-19 13:59:58,576 [ERROR] DbExamplesSqlite:437 - Missing JSON key: board_cpn
2025-05-19 13:59:58,576 [ERROR] DbExamplesSqlite:437 - Missing JSON key: board_cpn
2025-05-19 13:59:58,576 [ERROR] DbExamplesSqlite:437 - Missing JSON key: board_cpn
2025-05-19 13:59:58,663 [ERROR] DbExamplesSqlite:437 - Missing JSON key: board_cpn
2025-05-19 13:59:58,663 [ERROR] DbExamplesSqlite:437 - Missing JSON key: board_cpn
2025-05-19 13:59:58,663 [ERROR] DbExamplesSqlite:437 - Missing JSON key: board_cpn
2025-05-19 13:59:58,663 [ERROR] DbExamplesSqlite:437 - Missing JSON key: board_cpn
2025-05-19 13:59:58,663 [ERROR] DbExamplesSqlite:437 - Missing JSON key: board_cpn
2025-05-19 13:59:58,663 [ERROR] DbExamplesSqlite:437 - Missing JSON key: board_cpn
2025-05-19 13:59:58,663 [ERROR] DbExamplesSqlite:437 - Missing JSON key: board_cpn
2025-05-19 13:59:58,663 [ERROR] DbExamplesSqlite:437 - Missing JSON key: board_cpn
2025-05-19 13:59:58,664 [ERROR] DbExamplesSqlite:437 - Missing JSON key: board_cpn
2025-05-19 13:59:58,783 [ERROR] DbExamplesSqlite:437 - Missing JSON key: board_cpn
2025-05-19 13:59:58,792 [INFO] DbExamplesSqlite:395 - Ignored 46 examples not supported by CubeIDE
2025-05-19 13:59:58,792 [INFO] DbExamplesSqlite:396 - Found 10821 examples active
2025-05-19 13:59:58,792 [INFO] DbExamplesSqlite:397 - Found 0 examples obsolete
2025-05-19 13:59:58,793 [INFO] DbExamplesSqlite:398 - Found 0 examples under development
2025-05-19 13:59:58,793 [INFO] DbExamplesSqlite:399 - Found 79 examples not building
2025-05-19 13:59:58,795 [INFO] DbExamples:125 - Found 10854 examples
2025-05-19 13:59:58,816 [ERROR] DbExamples:208 - Found 3 examples with invalid data (board or MCU)
2025-05-19 13:59:58,817 [INFO] DbExamples:222 - Found 134 boards with related examples
2025-05-19 13:59:58,817 [INFO] DbExamples:235 - Found 110 MCUs with related examples
2025-05-19 13:59:58,836 [INFO] ApiDb:414 - User favorites file not found: /Users/johnnario/.stm32cubeide/favorites.examples.txt
2025-05-19 13:59:58,837 [INFO] DbExamples:250 - Set 0 / 0 favorites Examples
2025-05-19 13:59:59,158 [INFO] McuFinderGlobals:76 - Set McuFinderConnectedMode to true
2025-05-19 13:59:59,160 [INFO] MultiScanPanel:200 - Auto-refresh data requested => check proxy status ongoing
2025-05-19 13:59:59,161 [INFO] FinderPluginLoader:95 - Searching for filters in installed packs
2025-05-19 14:00:00,920 [INFO] LoadUrlFilesThread:185 - End of LoadServerUrlFiles without Thread
2025-05-19 14:00:00,932 [INFO] DetailPanel:341 - Set advertising image to /Users/johnnario/STM32Cube/Repository//en.summit-h1-25-promotion.jpg
2025-05-19 14:00:53,284 [INFO] MultiScanPanel:200 - Auto-refresh data requested => check proxy status ongoing
2025-05-19 14:00:53,649 [INFO] LoadUrlFilesThread:185 - End of LoadServerUrlFiles without Thread
2025-05-19 14:00:53,651 [INFO] DetailPanel:341 - Set advertising image to /Users/johnnario/STM32Cube/Repository//en.summit-h1-25-promotion.jpg
2025-05-19 14:00:53,678 [INFO] DbBoards:642 - Loading board mini-images...
2025-05-19 14:00:53,733 [ERROR] DbBoards:659 - Image file not found for board B-WBA5M-WPAN: /Users/johnnario/.stmcufinder/plugins/mcufinder//mcu//boards_images/B-WBA5M-WPAN.jpg
2025-05-19 14:00:55,466 [INFO] DbBoards:665 - Loaded 210 board mini-images
2025-05-19 14:01:23,733 [INFO] McuFinderGlobals:76 - Set McuFinderConnectedMode to true
2025-05-19 14:01:23,747 [INFO] ApiDb:448 - Save user favorites file /Users/johnnario/.stm32cubeide/favorites.mcus.txt: 0 item(s)
2025-05-19 14:01:23,748 [INFO] ApiDb:452 - User favorites MCUs=[]
2025-05-19 14:01:23,752 [INFO] ApiDb:448 - Save user favorites file /Users/johnnario/.stm32cubeide/favorites.boards.txt: 0 item(s)
2025-05-19 14:01:23,752 [INFO] ApiDb:452 - User favorites Boards=[]
2025-05-19 14:40:24,883 [INFO] WebApp:194 - Connection lost
2025-05-19 14:40:25,383 [INFO] WebApp:191 - Connection restablished
2025-05-19 14:54:14,887 [INFO] WebApp:194 - Connection lost
2025-05-19 14:54:15,459 [INFO] WebApp:191 - Connection restablished
2025-05-19 14:54:24,092 [INFO] WebApp:194 - Connection lost
2025-05-19 14:54:24,656 [INFO] WebApp:191 - Connection restablished
2025-05-19 15:09:40,730 [INFO] WebApp:194 - Connection lost
2025-05-19 15:09:41,252 [INFO] WebApp:191 - Connection restablished
2025-05-19 15:13:02,086 [INFO] WebApp:194 - Connection lost
2025-05-19 15:13:03,166 [INFO] WebApp:191 - Connection restablished
2025-05-19 15:13:11,870 [INFO] WebApp:194 - Connection lost
2025-05-19 15:13:12,412 [INFO] WebApp:191 - Connection restablished
2025-05-19 15:13:20,874 [INFO] WebApp:194 - Connection lost
2025-05-19 15:13:21,692 [INFO] WebApp:191 - Connection restablished
2025-05-19 15:28:30,684 [INFO] WebApp:194 - Connection lost
2025-05-19 15:28:31,009 [INFO] WebApp:191 - Connection restablished
2025-05-19 15:33:16,581 [INFO] WebApp:194 - Connection lost
2025-05-19 15:33:17,244 [INFO] WebApp:191 - Connection restablished
2025-05-19 15:38:46,830 [INFO] WebApp:194 - Connection lost
2025-05-19 15:38:47,118 [INFO] WebApp:191 - Connection restablished
2025-05-19 16:03:03,604 [INFO] WebApp:194 - Connection lost
2025-05-19 16:03:03,931 [INFO] WebApp:191 - Connection restablished
2025-05-19 16:03:09,690 [INFO] WebApp:194 - Connection lost
2025-05-19 16:03:10,917 [INFO] WebApp:191 - Connection restablished
2025-05-19 16:56:19,834 [INFO] WebApp:194 - Connection lost
2025-05-19 16:56:20,482 [INFO] WebApp:191 - Connection restablished
2025-05-19 17:13:54,734 [INFO] WebApp:194 - Connection lost
2025-05-19 17:13:55,583 [INFO] WebApp:191 - Connection restablished
2025-05-19 17:30:38,684 [INFO] WebApp:194 - Connection lost
2025-05-19 17:30:39,747 [INFO] WebApp:191 - Connection restablished
2025-05-19 17:31:38,572 [INFO] WebApp:194 - Connection lost
2025-05-19 17:31:40,163 [INFO] WebApp:191 - Connection restablished
2025-05-19 17:48:32,658 [INFO] WebApp:194 - Connection lost
2025-05-19 17:48:32,936 [INFO] WebApp:191 - Connection restablished
2025-05-19 18:03:42,674 [INFO] WebApp:194 - Connection lost
2025-05-19 18:03:42,818 [INFO] WebApp:191 - Connection restablished
2025-05-19 18:10:21,573 [INFO] WebApp:194 - Connection lost
2025-05-19 18:10:22,094 [INFO] WebApp:191 - Connection restablished
2025-05-19 18:26:56,701 [INFO] WebApp:194 - Connection lost
2025-05-19 18:26:56,970 [INFO] WebApp:191 - Connection restablished
2025-05-19 18:27:42,534 [INFO] WebApp:194 - Connection lost
2025-05-19 18:27:43,049 [INFO] WebApp:191 - Connection restablished
2025-05-19 18:27:50,873 [INFO] WebApp:194 - Connection lost
2025-05-19 18:27:51,111 [INFO] WebApp:191 - Connection restablished
2025-05-19 18:40:23,613 [INFO] WebApp:194 - Connection lost
2025-05-19 18:40:24,132 [INFO] WebApp:191 - Connection restablished
2025-05-19 18:42:55,745 [INFO] WebApp:194 - Connection lost
2025-05-19 18:42:56,162 [INFO] WebApp:191 - Connection restablished
2025-05-19 18:49:41,548 [INFO] WebApp:194 - Connection lost
2025-05-19 18:49:42,152 [INFO] WebApp:191 - Connection restablished
2025-05-19 19:05:13,639 [INFO] WebApp:194 - Connection lost
2025-05-19 19:05:13,926 [INFO] WebApp:191 - Connection restablished
2025-05-19 19:06:07,606 [INFO] WebApp:194 - Connection lost
2025-05-19 19:06:08,181 [INFO] WebApp:191 - Connection restablished
2025-05-19 19:21:30,564 [INFO] WebApp:194 - Connection lost
2025-05-19 19:21:30,856 [INFO] WebApp:191 - Connection restablished
2025-05-19 19:37:50,641 [INFO] WebApp:194 - Connection lost
2025-05-19 19:37:50,986 [INFO] WebApp:191 - Connection restablished
2025-05-19 19:37:56,545 [INFO] WebApp:194 - Connection lost
2025-05-19 19:37:56,913 [INFO] WebApp:191 - Connection restablished
2025-05-19 19:41:31,758 [INFO] WebApp:194 - Connection lost
2025-05-19 19:41:32,392 [INFO] WebApp:191 - Connection restablished
2025-05-19 19:45:36,202 [INFO] WebApp:194 - Connection lost
2025-05-19 19:45:36,587 [INFO] WebApp:191 - Connection restablished
2025-05-19 19:45:55,605 [INFO] WebApp:194 - Connection lost
2025-05-19 19:45:55,947 [INFO] WebApp:191 - Connection restablished
2025-05-19 19:57:45,063 [INFO] WebApp:194 - Connection lost
2025-05-19 19:57:45,729 [INFO] WebApp:191 - Connection restablished
2025-05-19 20:09:11,189 [INFO] WebApp:194 - Connection lost
2025-05-19 20:09:11,771 [INFO] WebApp:191 - Connection restablished
2025-05-19 20:18:28,336 [INFO] WebApp:194 - Connection lost
2025-05-19 20:18:28,908 [INFO] WebApp:191 - Connection restablished
2025-05-19 20:27:00,300 [INFO] WebApp:194 - Connection lost
2025-05-19 20:27:00,599 [INFO] WebApp:191 - Connection restablished
2025-05-19 20:29:03,776 [INFO] WebApp:194 - Connection lost
2025-05-19 20:29:04,067 [INFO] WebApp:191 - Connection restablished
2025-05-19 20:29:30,893 [INFO] WebApp:194 - Connection lost
2025-05-19 20:29:31,218 [INFO] WebApp:191 - Connection restablished
2025-05-19 20:34:54,568 [INFO] WebApp:194 - Connection lost
2025-05-19 20:34:55,258 [INFO] WebApp:191 - Connection restablished
2025-05-19 20:35:34,962 [INFO] WebApp:194 - Connection lost
2025-05-19 20:35:35,471 [INFO] WebApp:191 - Connection restablished
2025-05-19 20:37:02,528 [INFO] WebApp:194 - Connection lost
2025-05-19 20:37:03,146 [INFO] WebApp:191 - Connection restablished
2025-05-19 20:37:10,727 [INFO] WebApp:194 - Connection lost
2025-05-19 20:37:11,043 [INFO] WebApp:191 - Connection restablished
2025-05-19 20:38:03,647 [INFO] WebApp:194 - Connection lost
2025-05-19 20:38:04,025 [INFO] WebApp:191 - Connection restablished
2025-05-19 20:38:45,760 [INFO] WebApp:194 - Connection lost
2025-05-19 20:38:46,057 [INFO] WebApp:191 - Connection restablished
2025-05-19 20:42:23,607 [INFO] WebApp:194 - Connection lost
2025-05-19 20:42:24,080 [INFO] WebApp:191 - Connection restablished
2025-05-19 21:21:03,582 [INFO] WebApp:194 - Connection lost
2025-05-19 21:21:04,438 [INFO] WebApp:191 - Connection restablished
2025-05-19 21:39:08,564 [INFO] WebApp:194 - Connection lost
2025-05-19 21:39:09,263 [INFO] WebApp:191 - Connection restablished
2025-05-19 21:43:23,442 [INFO] WebApp:194 - Connection lost
2025-05-19 21:43:25,143 [INFO] WebApp:191 - Connection restablished
2025-05-19 21:59:25,479 [INFO] WebApp:194 - Connection lost
2025-05-19 21:59:25,755 [INFO] WebApp:191 - Connection restablished
2025-05-19 22:14:48,487 [INFO] WebApp:194 - Connection lost
2025-05-19 22:14:49,357 [INFO] WebApp:191 - Connection restablished
2025-05-19 22:32:05,563 [INFO] WebApp:194 - Connection lost
2025-05-19 22:32:06,791 [INFO] WebApp:191 - Connection restablished
2025-05-19 22:44:23,609 [INFO] WebApp:194 - Connection lost
2025-05-19 22:44:23,873 [INFO] WebApp:191 - Connection restablished
2025-05-19 23:02:14,550 [INFO] WebApp:194 - Connection lost
2025-05-19 23:02:14,893 [INFO] WebApp:191 - Connection restablished
2025-05-19 23:17:53,628 [INFO] WebApp:194 - Connection lost
2025-05-19 23:17:53,988 [INFO] WebApp:191 - Connection restablished
2025-05-19 23:33:47,543 [INFO] WebApp:194 - Connection lost
2025-05-19 23:33:48,272 [INFO] WebApp:191 - Connection restablished
2025-05-19 23:45:23,531 [INFO] WebApp:194 - Connection lost
2025-05-19 23:45:24,124 [INFO] WebApp:191 - Connection restablished
2025-05-19 23:45:31,813 [INFO] WebApp:194 - Connection lost
2025-05-19 23:45:32,092 [INFO] WebApp:191 - Connection restablished
2025-05-19 23:45:40,004 [INFO] WebApp:194 - Connection lost
2025-05-19 23:45:40,308 [INFO] WebApp:191 - Connection restablished
