2025-05-15 00:10:03,171 [INFO] WebApp:194 - Connection lost
2025-05-15 00:10:03,434 [INFO] WebApp:191 - Connection restablished
2025-05-15 00:21:17,799 [INFO] WebApp:194 - Connection lost
2025-05-15 00:21:18,091 [INFO] WebApp:191 - Connection restablished
2025-05-15 00:21:26,129 [INFO] WebApp:194 - Connection lost
2025-05-15 00:21:26,417 [INFO] WebApp:191 - Connection restablished
2025-05-15 00:21:34,391 [INFO] WebApp:194 - Connection lost
2025-05-15 00:21:34,816 [INFO] WebApp:191 - Connection restablished
2025-05-15 00:21:57,743 [INFO] WebApp:194 - Connection lost
2025-05-15 00:21:58,049 [INFO] WebApp:191 - Connection restablished
2025-05-15 00:38:50,123 [INFO] WebApp:194 - Connection lost
2025-05-15 00:38:50,408 [INFO] WebApp:191 - Connection restablished
2025-05-15 01:10:22,071 [INFO] WebApp:194 - Connection lost
2025-05-15 01:10:22,271 [INFO] WebApp:191 - Connection restablished
2025-05-15 01:27:28,031 [INFO] WebApp:194 - Connection lost
2025-05-15 01:27:28,579 [INFO] WebApp:191 - Connection restablished
2025-05-15 01:43:10,030 [INFO] WebApp:194 - Connection lost
2025-05-15 01:43:11,023 [INFO] WebApp:191 - Connection restablished
2025-05-15 02:00:44,969 [INFO] WebApp:194 - Connection lost
2025-05-15 02:00:45,192 [INFO] WebApp:191 - Connection restablished
2025-05-15 02:18:02,005 [INFO] WebApp:194 - Connection lost
2025-05-15 02:18:02,414 [INFO] WebApp:191 - Connection restablished
2025-05-15 02:33:49,007 [INFO] WebApp:194 - Connection lost
2025-05-15 02:33:49,432 [INFO] WebApp:191 - Connection restablished
2025-05-15 02:50:05,282 [INFO] WebApp:194 - Connection lost
2025-05-15 02:50:05,627 [INFO] WebApp:191 - Connection restablished
2025-05-15 03:06:46,071 [INFO] WebApp:194 - Connection lost
2025-05-15 03:06:46,384 [INFO] WebApp:191 - Connection restablished
2025-05-15 03:23:39,065 [INFO] WebApp:194 - Connection lost
2025-05-15 03:23:39,357 [INFO] WebApp:191 - Connection restablished
2025-05-15 03:41:02,968 [INFO] WebApp:194 - Connection lost
2025-05-15 03:41:03,489 [INFO] WebApp:191 - Connection restablished
2025-05-15 04:13:26,974 [INFO] WebApp:194 - Connection lost
2025-05-15 04:13:27,250 [INFO] WebApp:191 - Connection restablished
2025-05-15 04:47:06,844 [INFO] WebApp:194 - Connection lost
2025-05-15 04:47:07,351 [INFO] WebApp:191 - Connection restablished
2025-05-15 05:02:21,969 [INFO] WebApp:194 - Connection lost
2025-05-15 05:02:22,124 [INFO] WebApp:191 - Connection restablished
2025-05-15 05:34:23,018 [INFO] WebApp:194 - Connection lost
2025-05-15 05:34:23,269 [INFO] WebApp:191 - Connection restablished
2025-05-15 05:48:20,955 [INFO] WebApp:194 - Connection lost
2025-05-15 05:48:21,206 [INFO] WebApp:191 - Connection restablished
2025-05-15 06:05:24,050 [INFO] WebApp:194 - Connection lost
2025-05-15 06:05:24,367 [INFO] WebApp:191 - Connection restablished
2025-05-15 06:40:04,984 [INFO] WebApp:194 - Connection lost
2025-05-15 06:40:05,518 [INFO] WebApp:191 - Connection restablished
2025-05-15 06:55:50,993 [INFO] WebApp:194 - Connection lost
2025-05-15 06:55:51,286 [INFO] WebApp:191 - Connection restablished
2025-05-15 07:12:55,902 [INFO] WebApp:194 - Connection lost
2025-05-15 07:12:56,307 [INFO] WebApp:191 - Connection restablished
2025-05-15 07:30:54,826 [INFO] WebApp:194 - Connection lost
2025-05-15 07:30:56,499 [INFO] WebApp:191 - Connection restablished
2025-05-15 07:47:15,920 [INFO] WebApp:194 - Connection lost
2025-05-15 07:47:16,414 [INFO] WebApp:191 - Connection restablished
2025-05-15 07:50:52,900 [INFO] WebApp:194 - Connection lost
2025-05-15 07:50:53,407 [INFO] WebApp:191 - Connection restablished
2025-05-15 08:06:18,826 [INFO] WebApp:194 - Connection lost
2025-05-15 08:06:19,113 [INFO] WebApp:191 - Connection restablished
2025-05-15 08:22:36,959 [INFO] WebApp:194 - Connection lost
2025-05-15 08:22:37,639 [INFO] WebApp:191 - Connection restablished
2025-05-15 08:29:38,725 [INFO] WebApp:194 - Connection lost
2025-05-15 08:29:40,503 [INFO] WebApp:191 - Connection restablished
2025-05-15 08:34:32,036 [INFO] WebApp:194 - Connection lost
2025-05-15 08:34:32,482 [INFO] WebApp:191 - Connection restablished
2025-05-15 08:54:00,390 [INFO] WebApp:194 - Connection lost
2025-05-15 08:54:00,747 [INFO] WebApp:191 - Connection restablished
2025-05-15 09:12:09,999 [INFO] WebApp:194 - Connection lost
2025-05-15 09:12:10,355 [INFO] WebApp:191 - Connection restablished
2025-05-15 09:27:31,966 [INFO] WebApp:194 - Connection lost
2025-05-15 09:27:34,077 [INFO] WebApp:191 - Connection restablished
2025-05-15 09:27:35,438 [INFO] WebApp:194 - Connection lost
2025-05-15 09:45:07,200 [INFO] WebApp:191 - Connection restablished
2025-05-15 09:50:12,701 [INFO] WebApp:194 - Connection lost
2025-05-15 09:50:13,996 [INFO] WebApp:191 - Connection restablished
2025-05-15 09:50:22,504 [INFO] WebApp:194 - Connection lost
2025-05-15 09:50:23,277 [INFO] WebApp:191 - Connection restablished
2025-05-15 09:50:35,925 [INFO] WebApp:194 - Connection lost
2025-05-15 09:50:36,261 [INFO] WebApp:191 - Connection restablished
2025-05-15 09:51:53,026 [INFO] WebApp:194 - Connection lost
2025-05-15 09:51:53,340 [INFO] WebApp:191 - Connection restablished
2025-05-15 09:52:12,555 [INFO] WebApp:194 - Connection lost
2025-05-15 09:52:12,868 [INFO] WebApp:191 - Connection restablished
2025-05-15 09:52:20,342 [INFO] WebApp:194 - Connection lost
2025-05-15 09:52:21,092 [INFO] WebApp:191 - Connection restablished
2025-05-15 09:58:17,985 [INFO] WebApp:194 - Connection lost
2025-05-15 09:58:18,317 [INFO] WebApp:191 - Connection restablished
2025-05-15 10:14:16,857 [INFO] WebApp:194 - Connection lost
2025-05-15 10:14:17,219 [INFO] WebApp:191 - Connection restablished
2025-05-15 10:27:12,553 [INFO] WebApp:194 - Connection lost
2025-05-15 10:27:12,900 [INFO] WebApp:191 - Connection restablished
2025-05-15 10:31:02,917 [INFO] WebApp:194 - Connection lost
2025-05-15 10:31:03,284 [INFO] WebApp:191 - Connection restablished
2025-05-15 10:41:31,995 [INFO] WebApp:194 - Connection lost
2025-05-15 10:41:32,364 [INFO] WebApp:191 - Connection restablished
2025-05-15 10:48:49,913 [INFO] WebApp:194 - Connection lost
2025-05-15 10:48:50,345 [INFO] WebApp:191 - Connection restablished
2025-05-15 10:49:01,083 [INFO] WebApp:194 - Connection lost
2025-05-15 10:49:01,520 [INFO] WebApp:191 - Connection restablished
2025-05-15 10:49:09,476 [INFO] WebApp:194 - Connection lost
2025-05-15 10:49:09,838 [INFO] WebApp:191 - Connection restablished
2025-05-15 10:49:18,080 [INFO] WebApp:194 - Connection lost
2025-05-15 10:49:18,614 [INFO] WebApp:191 - Connection restablished
2025-05-15 10:52:53,027 [INFO] WebApp:194 - Connection lost
2025-05-15 10:52:53,349 [INFO] WebApp:191 - Connection restablished
2025-05-15 11:10:57,167 [INFO] WebApp:194 - Connection lost
2025-05-15 11:10:57,539 [INFO] WebApp:191 - Connection restablished
2025-05-15 11:13:25,134 [INFO] WebApp:194 - Connection lost
2025-05-15 11:13:25,628 [INFO] WebApp:191 - Connection restablished
2025-05-15 11:29:27,875 [INFO] WebApp:194 - Connection lost
2025-05-15 11:29:28,230 [INFO] WebApp:191 - Connection restablished
2025-05-15 11:44:47,849 [INFO] WebApp:194 - Connection lost
2025-05-15 11:44:48,087 [INFO] WebApp:191 - Connection restablished
2025-05-15 11:53:52,841 [INFO] WebApp:194 - Connection lost
2025-05-15 11:53:53,382 [INFO] WebApp:191 - Connection restablished
2025-05-15 11:58:47,736 [INFO] WebApp:194 - Connection lost
2025-05-15 11:58:48,061 [INFO] WebApp:191 - Connection restablished
2025-05-15 12:15:11,933 [INFO] WebApp:194 - Connection lost
2025-05-15 12:15:12,297 [INFO] WebApp:191 - Connection restablished
2025-05-15 12:31:51,896 [INFO] WebApp:194 - Connection lost
2025-05-15 12:31:52,310 [INFO] WebApp:191 - Connection restablished
2025-05-15 12:37:54,101 [INFO] WebApp:194 - Connection lost
2025-05-15 12:37:54,352 [INFO] WebApp:191 - Connection restablished
2025-05-15 12:52:10,800 [INFO] WebApp:194 - Connection lost
2025-05-15 12:52:11,201 [INFO] WebApp:191 - Connection restablished
2025-05-15 14:31:09,035 [INFO] WebApp:194 - Connection lost
2025-05-15 14:31:09,793 [INFO] WebApp:191 - Connection restablished
2025-05-15 14:47:46,832 [INFO] WebApp:194 - Connection lost
2025-05-15 14:47:47,236 [INFO] WebApp:191 - Connection restablished
2025-05-15 15:03:37,830 [INFO] WebApp:194 - Connection lost
2025-05-15 15:03:38,096 [INFO] WebApp:191 - Connection restablished
2025-05-15 15:20:38,708 [INFO] WebApp:194 - Connection lost
2025-05-15 15:20:39,254 [INFO] WebApp:191 - Connection restablished
2025-05-15 15:24:28,979 [INFO] WebApp:194 - Connection lost
2025-05-15 15:24:29,538 [INFO] WebApp:191 - Connection restablished
2025-05-15 15:34:12,099 [INFO] WebApp:194 - Connection lost
2025-05-15 15:34:12,900 [INFO] WebApp:191 - Connection restablished
2025-05-15 15:58:20,480 [INFO] McuFinderGlobals:63 - Set McuFinder mode to 2 (CubeIDE integrated)
2025-05-15 15:58:20,657 [INFO] MainUpdater:2872 - connection check result : 10
2025-05-15 15:58:21,583 [INFO] ApiDb:581 - Connected to CubeFinder SQLite database (/Users/johnnario/.stmcufinder/plugins/mcufinder/mcu/cube-finder-db.db)
2025-05-15 15:58:21,629 [INFO] ApiDb:668 - CubeFinder database Data Model version=2.1
2025-05-15 15:58:21,631 [INFO] ApiDb:669 - CubeFinder database Configuration version=3.0.39
2025-05-15 15:58:21,633 [INFO] ApiDb:670 - CubeFinder database generation date=2025-04-23 (1745419778)
2025-05-15 15:58:21,633 [INFO] ApiDb:671 - CubeFinder database FW Pack versions=[FP-ATR-ASTRA1_V2.0.0, FP-SNS-FLIGHT1_V5.1.0, FP-SNS-MOTENV1_V5.0.0, FP-SNS-MOTENVWB1_V1.4.0, FP-SNS-SMARTAG2_V1.2.0, FP-SNS-STBOX1_V2.0.0, STM32Cube_FW_C0_V1.4.0, STM32Cube_FW_F4_V1.28.1, STM32Cube_FW_F7_V1.17.2, STM32Cube_FW_G0_V1.6.2, STM32Cube_FW_G4_V1.6.1, STM32Cube_FW_H5_V1.5.0, STM32Cube_FW_H7RS_V1.2.0, STM32Cube_FW_H7_V1.12.1, STM32Cube_FW_L0_V1.12.2, STM32Cube_FW_L4_V1.18.1, STM32Cube_FW_L5_V1.5.1, STM32Cube_FW_N6_V1.1.1, STM32Cube_FW_U0_V1.2.0, STM32Cube_FW_U3_V1.1.0, STM32Cube_FW_U5_V1.7.0, STM32Cube_FW_WB0_V1.2.0, STM32Cube_FW_WBA_V1.6.0, STM32Cube_FW_WB_V1.22.0, STM32Cube_FW_WL3_V1.1.0, STM32Cube_FW_WL_V1.3.1, X-CUBE-ALGOBUILD_V1.4.0, X-CUBE-ALS_V1.0.2, X-CUBE-AZRTOS-F4_V1.1.0, X-CUBE-AZRTOS-F7_V1.1.0, X-CUBE-AZRTOS-G0_V1.1.0, X-CUBE-AZRTOS-G4_V2.0.0, X-CUBE-AZRTOS-H7RS_V1.1.0, X-CUBE-AZRTOS-H7_V3.3.0, X-CUBE-AZRTOS-L4_V2.0.0, X-CUBE-AZRTOS-L5_V2.0.0, X-CUBE-AZRTOS-WB_V2.0.0, X-CUBE-AZRTOS-WL_V2.0.0, X-CUBE-BLE1_V7.1.0, X-CUBE-BLE2_V3.3.0, X-CUBE-BLEMGR_V4.0.0, X-CUBE-EEPRMA1_V5.1.0, X-CUBE-FREERTOS_V1.3.0, X-CUBE-GNSS1_V6.0.0, X-CUBE-MEMS1_V11.2.0, X-CUBE-NFC4_V3.0.0, X-CUBE-NFC7_V1.0.1, X-CUBE-SFXS2LP1_V4.0.0, X-CUBE-SUBG2_V5.0.0, X-CUBE-TOF1_V3.4.3]
2025-05-15 15:58:21,712 [INFO] DbBoardsSqlite:226 - include board P-NUCLEO-WB55-NUCLEO as a kit item of type 'Nucleo-64'
2025-05-15 15:58:21,713 [INFO] DbBoardsSqlite:226 - include board P-NUCLEO-WB55-USBDONGLE as a kit item of type 'Nucleo USB Dongle'
2025-05-15 15:58:21,714 [INFO] DbBoardsSqlite:226 - include board STEVAL-IDP005V1 as a kit item of type 'Evaluation Board'
2025-05-15 15:58:21,714 [INFO] DbBoardsSqlite:226 - include board STEVAL-IDP005V2 as a kit item of type 'Evaluation Board'
2025-05-15 15:58:21,831 [INFO] ApiDb:240 - Found 895 in-development CPN: [B-G473E-ZEST1S, B-WB1M-WPAN1, B-WBA5M-WPAN, B-WL5M-SUBG1, NUCLEO-C031C6, NUCLEO-C051C8, NUCLEO-C071RB, NUCLEO-C092RC, NUCLEO-H503RB, NUCLEO-H533RE, NUCLEO-H563ZI, NUCLEO-H7S3L8, NUCLEO-N657X0-Q, NUCLEO-U031R8, NUCLEO-U083RC, NUCLEO-U385RG-Q, NUCLEO-U545RE-Q, NUCLEO-U5A5ZJ-Q, NUCLEO-WB05KZ, NUCLEO-WB07CC, NUCLEO-WB09KE, NUCLEO-WBA52CG, NUCLEO-WBA55CG, NUCLEO-WBA65RI, NUCLEO-WL33CC1, NUCLEO-WL33CC2, STEVAL-PROTEUS1, STEVAL-SMARTAG2, STEVAL-STWINBX1, STM320518-EVAL, STM32C0116-DK, STM32C011D6Y3TR, STM32C011D6Y6TR, STM32C011F4P3, STM32C011F4P6, STM32C011F4U3, STM32C011F4U6TR, STM32C011F6P3, STM32C011F6P6, STM32C011F6U3, STM32C011F6U6TR, STM32C011J4M3, STM32C011J4M6, STM32C011J6M3, STM32C011J6M6, STM32C0316-DK, STM32C031C4T3, STM32C031C4T6, STM32C031C4U3, STM32C031C4U6, STM32C031C6T3, STM32C031C6T6, STM32C031C6U3, STM32C031C6U6, STM32C031F4P3, STM32C031F4P6, STM32C031F6P3, STM32C031F6P6, STM32C031G4U3, STM32C031G4U6, STM32C031G6U3, STM32C031G6U6, STM32C031K4T3, STM32C031K4T6, STM32C031K4U3, STM32C031K4U6, STM32C031K6T3, STM32C031K6T6, STM32C031K6U3, STM32C031K6U6, STM32C051C6T6, STM32C051C6U6, STM32C051C8T6, STM32C051C8U6, STM32C051D8Y6TR, STM32C051F6P6, STM32C051F8P6, STM32C051G6U6, STM32C051G8U6, STM32C051K6T6, STM32C051K6U6, STM32C051K8T6, STM32C071C8T6, STM32C071C8T6N, STM32C071C8U6, STM32C071C8U6N, STM32C071CBT6, STM32C071CBT6N, STM32C071CBU6, STM32C071CBU6N, STM32C071F8P6, STM32C071F8P6N, STM32C071FBP6, STM32C071FBP6N, STM32C071FBY6TR, STM32C071G8U6, STM32C071G8U6N, STM32C071GBU6, STM32C071GBU6N, STM32C071K8T6, STM32C071K8T6N, STM32C071K8U6, STM32C071K8U6N, STM32C071KBT6, STM32C071KBT6N, STM32C071KBU6, STM32C071KBU6N, STM32C071R8T6, STM32C071R8T6N, STM32C071RBI6N, STM32C071RBT6, STM32C071RBT6N, STM32C091CBT6, STM32C091CBU6, STM32C091CCT6, STM32C091CCU6, STM32C091ECY6TR, STM32C091FBP6, STM32C091FCP6, STM32C091GBU6, STM32C091GCU6, STM32C091KBT6, STM32C091KBU6, STM32C091KCT6, STM32C091KCU6, STM32C091RBT6, STM32C091RCI6, STM32C091RCT6, STM32C092CBT6, STM32C092CBU6, STM32C092CCT6, STM32C092CCU6, STM32C092ECY6TR, STM32C092FBP6, STM32C092FCP6, STM32C092GBU6, STM32C092GCU6, STM32C092KBT6, STM32C092KBU6, STM32C092KCT6, STM32C092KCU6, STM32C092RBT6, STM32C092RCI6, STM32C092RCT6, STM32G071K8TXN, STM32G071K8UXN, STM32G081GBU6N, STM32G081KBT6N, STM32G081KBUXN, STM32G0B1CCT6N, STM32G0B1KCT6, STM32G0B1NEY6TR, STM32G0B1RCT6N, STM32G0C1CCT6, STM32G0C1CCT6N, STM32G0C1CCU6N, STM32G0C1CET6N, STM32G0C1CEU6N, STM32G0C1KCT6, STM32G0C1NEY6TR, STM32G0C1RCI6N, STM32G0C1RCT6N, STM32G0C1REI6N, STM32G0C1RET6N, STM32G0C1VCI6, STM32G0C1VEI6, STM32G411C6T3, STM32G411C6T6, STM32G411C6U3, STM32G411C6U6, STM32G411C8T3, STM32G411C8T6, STM32G411C8U3, STM32G411C8U6, STM32G411CBT3, STM32G411CBT6, STM32G411CBU3, STM32G411CBU6, STM32G411CCT3, STM32G411CCT6, STM32G411CCU3, STM32G411CCU6, STM32G411K6T3, STM32G411K6T6, STM32G411K6U3, STM32G411K6U6, STM32G411K8T3, STM32G411K8T6, STM32G411K8U3, STM32G411K8U6, STM32G411KBT3, STM32G411KBT6, STM32G411KBU3, STM32G411KBU6, STM32G411M6T3, STM32G411M6T6, STM32G411M8T3, STM32G411M8T6, STM32G411MBT3, STM32G411MBT6, STM32G411MCT3, STM32G411MCT6, STM32G411R6T3, STM32G411R6T6, STM32G411R8T3, STM32G411R8T6, STM32G411RBT3, STM32G411RBT6, STM32G411RCT3, STM32G411RCT6, STM32G414CBT3, STM32G414CBT6, STM32G414CBU3, STM32G414CBU6, STM32G414CCT3, STM32G414CCT6, STM32G414CCU3, STM32G414CCU6, STM32G414MBT3, STM32G414MBT6, STM32G414MCT3, STM32G414MCT6, STM32G414RBT3, STM32G414RBT6, STM32G414RCT3, STM32G414RCT6, STM32G414VBT3, STM32G414VBT6, STM32G414VCT3, STM32G414VCT6, STM32G431CBT3Z, STM32G431RBT3Z, STM32G471CCT6, STM32G471CCU6, STM32G471CET3, STM32G471CET6, STM32G471CEU3, STM32G471CEU6, STM32G471MCT6, STM32G471MET3, STM32G471MET6, STM32G471MEY6TR, STM32G471QCT6, STM32G471QET3, STM32G471RCT6, STM32G471RET3, STM32G471RET6, STM32G471VCH6, STM32G471VCI6, STM32G471VCT6, STM32G471VEH3, STM32G471VEH6, STM32G471VEI3, STM32G471VEI6, STM32G471VET3, STM32G471VET6, STM32G473QET3Z, STM32G473RET3Z, STM32G474CCT6, STM32G491RET3Z, STM32H503CBT6, STM32H503CBU6, STM32H503EBY6TR, STM32H503KBU6, STM32H503RBT6, STM32H523CCT6, STM32H523CCU6, STM32H523CET6, STM32H523CEU6, STM32H523HEY6TR, STM32H523RCT6, STM32H523RET6, STM32H523VCI6, STM32H523VCT6, STM32H523VEI6, STM32H523VET6, STM32H523ZCJ6, STM32H523ZCT6, STM32H523ZEJ6, STM32H523ZET6, STM32H533CET6, STM32H533CEU6, STM32H533HEY6TR, STM32H533RET6, STM32H533VEI6, STM32H533VET6, STM32H533ZEJ6, STM32H533ZET6, STM32H562AGI6, STM32H562AII6, STM32H562IGK6, STM32H562IGT6, STM32H562IIK6, STM32H562IIT6, STM32H562RGT6, STM32H562RGV6, STM32H562RIT6, STM32H562RIV6, STM32H562VGT6, STM32H562VIT6, STM32H562ZGT6, STM32H562ZIT6, STM32H563AGI6, STM32H563AII3Q, STM32H563AII6, STM32H563IGK6, STM32H563IGT6, STM32H563IIK3Q, STM32H563IIK6, STM32H563IIT3Q, STM32H563IIT6, STM32H563MIY3QTR, STM32H563RGT6, STM32H563RGV6, STM32H563RIT6, STM32H563RIV6, STM32H563VGT6, STM32H563VIT3Q, STM32H563VIT6, STM32H563ZGT6, STM32H563ZIT3Q, STM32H563ZIT6, STM32H573AII3Q, STM32H573AII6, STM32H573I-DK, STM32H573IIK3Q, STM32H573IIK6, STM32H573IIT3Q, STM32H573IIT6, STM32H573MIY3QTR, STM32H573RIT6, STM32H573RIV6, STM32H573VIT3Q, STM32H573VIT6, STM32H573ZIT3Q, STM32H573ZIT6, STM32H7R3A8I6, STM32H7R3I8K6, STM32H7R3I8T6, STM32H7R3L8H6, STM32H7R3L8H6H, STM32H7R3R8V6, STM32H7R3V8H6, STM32H7R3V8T6, STM32H7R3V8Y6TR, STM32H7R3Z8J6, STM32H7R3Z8T6, STM32H7R7A8I6, STM32H7R7I8K6, STM32H7R7I8T6, STM32H7R7L8H6, STM32H7R7L8H6H, STM32H7R7Z8J6, STM32H7S3A8I6, STM32H7S3I8K6, STM32H7S3I8T6, STM32H7S3L8H6, STM32H7S3L8H6H, STM32H7S3R8V6, STM32H7S3V8H6, STM32H7S3V8T6, STM32H7S3V8Y6TR, STM32H7S3Z8J6, STM32H7S3Z8T6, STM32H7S78-DK, STM32H7S7A8I6, STM32H7S7I8K6, STM32H7S7I8T6, STM32H7S7L8H6, STM32H7S7L8H6H, STM32H7S7Z8J6, STM32L4R5QGI6STR, STM32MP131AAE3, STM32MP131AAF3, STM32MP131AAG3, STM32MP131CAE3, STM32MP131CAF3, STM32MP131CAG3, STM32MP131DAE7, STM32MP131DAF7, STM32MP131DAG7, STM32MP131FAE7, STM32MP131FAF7, STM32MP131FAG7, STM32MP133AAE3, STM32MP133AAF3, STM32MP133AAG3, STM32MP133CAE3, STM32MP133CAF3, STM32MP133CAG3, STM32MP133DAE7, STM32MP133DAF7, STM32MP133DAG7, STM32MP133FAE7, STM32MP133FAF7, STM32MP133FAG7, STM32MP135AAE3, STM32MP135AAF3, STM32MP135AAG3, STM32MP135CAE3, STM32MP135CAF3, STM32MP135CAG3, STM32MP135DAE7, STM32MP135DAF7, STM32MP135DAG7, STM32MP135F-DK, STM32MP135FAE7, STM32MP135FAF7, STM32MP135FAF7T, STM32MP135FAF7U, STM32MP135FAG7, STM32MP231AAJ3, STM32MP231AAK3, STM32MP231AAL3, STM32MP231CAJ3, STM32MP231CAK3, STM32MP231CAL3, STM32MP231DAJ3, STM32MP231DAK3, STM32MP231DAL3, STM32MP231FAJ3, STM32MP231FAK3, STM32MP231FAL3, STM32MP233AAJ3, STM32MP233AAK3, STM32MP233AAL3, STM32MP233CAJ3, STM32MP233CAK3, STM32MP233CAL3, STM32MP233DAJ3, STM32MP233DAK3, STM32MP233DAL3, STM32MP233FAJ3, STM32MP233FAK3, STM32MP233FAL3, STM32MP235AAJ3, STM32MP235AAK3, STM32MP235AAL3, STM32MP235CAJ3, STM32MP235CAK3, STM32MP235CAL3, STM32MP235DAJ3, STM32MP235DAK3, STM32MP235DAL3, STM32MP235FAJ3, STM32MP235FAK3, STM32MP235FAL3, STM32MP251AAI3, STM32MP251AAJ3, STM32MP251AAK3, STM32MP251AAL3, STM32MP251CAI3, STM32MP251CAJ3, STM32MP251CAK3, STM32MP251CAL3, STM32MP251DAI3, STM32MP251DAJ3, STM32MP251DAK3, STM32MP251DAL3, STM32MP251FAI3, STM32MP251FAJ3, STM32MP251FAK3, STM32MP251FAL3, STM32MP253AAI3, STM32MP253AAJ3, STM32MP253AAK3, STM32MP253AAL3, STM32MP253CAI3, STM32MP253CAJ3, STM32MP253CAK3, STM32MP253CAL3, STM32MP253DAI3, STM32MP253DAJ3, STM32MP253DAK3, STM32MP253DAL3, STM32MP253FAI3, STM32MP253FAJ3, STM32MP253FAK3, STM32MP253FAL3, STM32MP255AAI3, STM32MP255AAJ3, STM32MP255AAK3, STM32MP255AAL3, STM32MP255CAI3, STM32MP255CAJ3, STM32MP255CAK3, STM32MP255CAL3, STM32MP255DAI3, STM32MP255DAJ3, STM32MP255DAK3, STM32MP255DAL3, STM32MP255FAI3, STM32MP255FAJ3, STM32MP255FAK3, STM32MP255FAL3, STM32MP257AAI3, STM32MP257AAJ3, STM32MP257AAK3, STM32MP257AAL3, STM32MP257CAI3, STM32MP257CAJ3, STM32MP257CAK3, STM32MP257CAL3, STM32MP257DAI3, STM32MP257DAJ3, STM32MP257DAK3, STM32MP257DAL3, STM32MP257F-DK, STM32MP257F-EV1, STM32MP257FAI3, STM32MP257FAJ3, STM32MP257FAK3, STM32MP257FAL3, STM32N645A0H3Q, STM32N645B0H3Q, STM32N645I0H3Q, STM32N645L0H3Q, STM32N645X0H3Q, STM32N645Z0H3Q, STM32N647A0H3Q, STM32N647B0H3Q, STM32N647I0H3Q, STM32N647L0H3Q, STM32N647X0H3Q, STM32N647Z0H3Q, STM32N655A0H3Q, STM32N655B0H3Q, STM32N655I0H3Q, STM32N655L0H3Q, STM32N655X0H3Q, STM32N655Z0H3Q, STM32N6570-DK, STM32N657A0H3Q, STM32N657B0H3Q, STM32N657I0H3Q, STM32N657L0H3Q, STM32N657X0H3Q, STM32N657Z0H3Q, STM32U031C6T6, STM32U031C6U6, STM32U031C8T6, STM32U031C8U6, STM32U031F4P6, STM32U031F6P6, STM32U031F8P6, STM32U031G6Y6TR, STM32U031G8Y6TR, STM32U031K4U6, STM32U031K6U6, STM32U031K8U6, STM32U031R6I6, STM32U031R6T6, STM32U031R8I6, STM32U031R8T6, STM32U073C8T6, STM32U073C8U6, STM32U073CBT6, STM32U073CBU6, STM32U073CCT6, STM32U073CCU6, STM32U073H8Y6TR, STM32U073HBY6TR, STM32U073HCY6TR, STM32U073K8U6, STM32U073KBU6, STM32U073KCU6, STM32U073M8I6, STM32U073M8T6, STM32U073MBI6, STM32U073MBT6, STM32U073MCI6, STM32U073MCT6, STM32U073R8I6, STM32U073R8T6, STM32U073RBI6, STM32U073RBT6, STM32U073RCI6, STM32U073RCT6, STM32U083C-DK, STM32U083CCT6, STM32U083CCU6, STM32U083HCY6TR, STM32U083KCU6, STM32U083MCI6, STM32U083MCT6, STM32U083RCI6, STM32U083RCT6, STM32U375CET6, STM32U375CET6Q, STM32U375CEU6, STM32U375CEU6Q, STM32U375CEY6QTR, STM32U375CGT6, STM32U375CGT6Q, STM32U375CGU6, STM32U375CGU6Q, STM32U375CGY6QTR, STM32U375KEU6, STM32U375KGU6, STM32U375REI6, STM32U375REI6Q, STM32U375RET6, STM32U375RET6Q, STM32U375REY6GTR, STM32U375REY6QTR, STM32U375RGI6, STM32U375RGI6Q, STM32U375RGT6, STM32U375RGT6Q, STM32U375RGY6GTR, STM32U375RGY6QTR, STM32U375VEI6, STM32U375VEI6Q, STM32U375VET6, STM32U375VET6Q, STM32U375VGI6, STM32U375VGI6Q, STM32U375VGT6, STM32U375VGT6Q, STM32U385CGT6, STM32U385CGT6Q, STM32U385CGU6, STM32U385CGU6Q, STM32U385CGY6QTR, STM32U385KGU6, STM32U385RGI6, STM32U385RGI6Q, STM32U385RGT6, STM32U385RGT6Q, STM32U385RGY6GTR, STM32U385RGY6QTR, STM32U385VGI6, STM32U385VGI6Q, STM32U385VGT6, STM32U385VGT6Q, STM32U535CBT6, STM32U535CBT6Q, STM32U535CBU6, STM32U535CBU6Q, STM32U535CCT6, STM32U535CCT6Q, STM32U535CCU6, STM32U535CCU6Q, STM32U535CET6, STM32U535CET6Q, STM32U535CEU6, STM32U535CEU6Q, STM32U535JEY6QTR, STM32U535NCY6QTR, STM32U535NEY6QTR, STM32U535RBI6, STM32U535RBI6Q, STM32U535RBT6, STM32U535RBT6Q, STM32U535RCI6, STM32U535RCI6Q, STM32U535RCT6, STM32U535RCT6Q, STM32U535REI6, STM32U535REI6Q, STM32U535RET6, STM32U535RET6Q, STM32U535VCI6, STM32U535VCI6Q, STM32U535VCT6, STM32U535VCT6Q, STM32U535VEI6, STM32U535VEI6Q, STM32U535VET6, STM32U535VET6Q, STM32U545CET6, STM32U545CET6Q, STM32U545CEU6, STM32U545CEU6Q, STM32U545JEY6QTR, STM32U545NEY6QTR, STM32U545REI6, STM32U545REI6Q, STM32U545RET6, STM32U545RET6Q, STM32U545VEI6, STM32U545VEI6Q, STM32U545VET6, STM32U545VET6Q, STM32U595AIH6, STM32U595AIH6Q, STM32U595AJH6, STM32U595AJH6Q, STM32U595QII6, STM32U595QII6Q, STM32U595QJI6, STM32U595QJI6Q, STM32U595RIT6, STM32U595RIT6Q, STM32U595RJT6, STM32U595RJT6Q, STM32U595VIT6, STM32U595VIT6Q, STM32U595VJT6, STM32U595VJT6Q, STM32U595ZIT6, STM32U595ZIT6Q, STM32U595ZIY6QTR, STM32U595ZJT6, STM32U595ZJT6Q, STM32U595ZJY6QTR, STM32U599BJY6QTR, STM32U599NIH6Q, STM32U599NJH6Q, STM32U599VIT6Q, STM32U599VJT6, STM32U599VJT6Q, STM32U599ZIT6Q, STM32U599ZIY6QTR, STM32U599ZJT6Q, STM32U599ZJY6QTR, STM32U5A5AJH6, STM32U5A5AJH6Q, STM32U5A5QII3Q , STM32U5A5QJI6, STM32U5A5QJI6Q, STM32U5A5RJT6, STM32U5A5RJT6Q, STM32U5A5VJT6, STM32U5A5VJT6Q, STM32U5A5ZJT6, STM32U5A5ZJT6Q, STM32U5A5ZJY6QTR, STM32U5A9BJY6QTR, STM32U5A9J-DK, STM32U5A9NJH6Q, STM32U5A9VJT6Q, STM32U5A9ZJT6Q, STM32U5A9ZJY6QTR, STM32U5F7VIT6, STM32U5F7VIT6Q, STM32U5F7VJT6, STM32U5F7VJT6Q, STM32U5F9BJY6QTR, STM32U5F9NJH6Q, STM32U5F9VIT6Q, STM32U5F9VJT6Q, STM32U5F9ZIJ6QTR, STM32U5F9ZIT6Q, STM32U5F9ZJJ6QTR, STM32U5F9ZJT6Q, STM32U5G7VJT6, STM32U5G7VJT6Q, STM32U5G9BJY6QTR, STM32U5G9J-DK1, STM32U5G9J-DK2, STM32U5G9NJH6Q, STM32U5G9VJT6Q, STM32U5G9ZJJ6QTR, STM32U5G9ZJT6Q, STM32WB05KZV6TR, STM32WB05KZV7TR, STM32WB05TZF6TR, STM32WB05TZF7TR, STM32WB06CCF6TR, STM32WB06CCF7TR, STM32WB06CCV6TR, STM32WB06CCV7TR, STM32WB06KCV6TR, STM32WB06KCV7TR, STM32WB07CCF6TR, STM32WB07CCF7TR, STM32WB07CCV6TR, STM32WB07CCV7TR, STM32WB07KCV6TR, STM32WB07KCV7TR, STM32WB09KEV6TR, STM32WB09KEV7TR, STM32WB09TEF6TR, STM32WB09TEF7TR, STM32WB1MMCH6, STM32WBA50KGU6, STM32WBA50KGU6TR, STM32WBA52CEU6, STM32WBA52CEU6TR, STM32WBA52CEU7, STM32WBA52CEU7TR, STM32WBA52CGU6, STM32WBA52CGU6TR, STM32WBA52CGU6U, STM32WBA52CGU7, STM32WBA52CGU7TR, STM32WBA52KEU6, STM32WBA52KEU6TR, STM32WBA52KGU6, STM32WBA52KGU6TR, STM32WBA54CEU6, STM32WBA54CEU6TR, STM32WBA54CEU7, STM32WBA54CEU7TR, STM32WBA54CGU6, STM32WBA54CGU6TR, STM32WBA54CGU7, STM32WBA54CGU7TR, STM32WBA54KEU6, STM32WBA54KEU6TR, STM32WBA54KEU7, STM32WBA54KEU7TR, STM32WBA54KGU6, STM32WBA54KGU6TR, STM32WBA54KGU7, STM32WBA54KGU7TR, STM32WBA55CEU6, STM32WBA55CEU6TR, STM32WBA55CEU7, STM32WBA55CEU7TR, STM32WBA55CGU6, STM32WBA55CGU6TR, STM32WBA55CGU6U, STM32WBA55CGU7, STM32WBA55CGU7TR, STM32WBA55G-DK1, STM32WBA55HEF6, STM32WBA55HEF7, STM32WBA55HGF6, STM32WBA55HGF7, STM32WBA55UEI6, STM32WBA55UEI6TR, STM32WBA55UEI7, STM32WBA55UEI7TR, STM32WBA55UGI6, STM32WBA55UGI6TR, STM32WBA55UGI7, STM32WBA55UGI7TR, STM32WBA5MJGH6TR, STM32WBA62CGU6, STM32WBA62CIU6, STM32WBA62MGF6, STM32WBA62MIF6, STM32WBA62PGI6, STM32WBA62PII6, STM32WBA63CGU6, STM32WBA63CGU7, STM32WBA63CIU6, STM32WBA63CIU7, STM32WBA64CGU6, STM32WBA64CGU7, STM32WBA64CIU6, STM32WBA64CIU7, STM32WBA65CGU6, STM32WBA65CGU7, STM32WBA65CIU6, STM32WBA65CIU7, STM32WBA65I-DK1, STM32WBA65MGF6, STM32WBA65MGF7, STM32WBA65MIF6, STM32WBA65MIF7, STM32WBA65PGI6, STM32WBA65PGI7, STM32WBA65PII6, STM32WBA65PII7, STM32WBA65RGV6, STM32WBA65RGV7, STM32WBA65RIV6, STM32WBA65RIV7, STM32WL30K8V6, STM32WL30KBV6, STM32WL31C8V6, STM32WL31CBV6, STM32WL31K8V6, STM32WL31KBV6, STM32WL33C8V6, STM32WL33C8V6TR, STM32WL33C8V7, STM32WL33C8V7TR, STM32WL33CBV6, STM32WL33CBV6TR, STM32WL33CBV7, STM32WL33CBV7TR, STM32WL33CCV6, STM32WL33CCV6TR, STM32WL33CCV7, STM32WL33CCV7A, STM32WL33CCV7ATR, STM32WL33CCV7TR, STM32WL33K8V6, STM32WL33K8V6TR, STM32WL33K8V7, STM32WL33K8V7TR, STM32WL33KBV6, STM32WL33KBV6TR, STM32WL33KBV7, STM32WL33KBV7TR, STM32WL33KCV6, STM32WL33KCV6TR, STM32WL33KCV7, STM32WL33KCV7TR, STM32WL5MOCH6, STM32WL5MOCH6TR]
2025-05-15 15:58:21,958 [INFO] BoardInfo:889 - No configuration file found for board P-NUCLEO-WB55
2025-05-15 15:58:21,959 [INFO] DbBoards:161 - Kit is not supported: P-NUCLEO-WB55
2025-05-15 15:58:21,963 [INFO] BoardInfo:889 - No configuration file found for board STEVAL-BFA001V1B
2025-05-15 15:58:21,963 [INFO] DbBoards:161 - Kit is not supported: STEVAL-BFA001V1B
2025-05-15 15:58:21,964 [INFO] BoardInfo:889 - No configuration file found for board STEVAL-BFA001V2B
2025-05-15 15:58:21,965 [INFO] DbBoards:161 - Kit is not supported: STEVAL-BFA001V2B
2025-05-15 15:58:22,086 [INFO] DbBoards:168 - Found 211 boards, 208 are supported
2025-05-15 15:58:22,086 [INFO] DbBoards:169 - Found 211 boards, 43 of them is supported for  Bsp
2025-05-15 15:58:22,090 [INFO] ApiDb:668 - CubeFinder database Data Model version=2.1
2025-05-15 15:58:22,090 [INFO] ApiDb:669 - CubeFinder database Configuration version=3.0.39
2025-05-15 15:58:22,090 [INFO] ApiDb:670 - CubeFinder database generation date=2025-04-23 (1745419778)
2025-05-15 15:58:22,090 [INFO] ApiDb:671 - CubeFinder database FW Pack versions=[FP-ATR-ASTRA1_V2.0.0, FP-SNS-FLIGHT1_V5.1.0, FP-SNS-MOTENV1_V5.0.0, FP-SNS-MOTENVWB1_V1.4.0, FP-SNS-SMARTAG2_V1.2.0, FP-SNS-STBOX1_V2.0.0, STM32Cube_FW_C0_V1.4.0, STM32Cube_FW_F4_V1.28.1, STM32Cube_FW_F7_V1.17.2, STM32Cube_FW_G0_V1.6.2, STM32Cube_FW_G4_V1.6.1, STM32Cube_FW_H5_V1.5.0, STM32Cube_FW_H7RS_V1.2.0, STM32Cube_FW_H7_V1.12.1, STM32Cube_FW_L0_V1.12.2, STM32Cube_FW_L4_V1.18.1, STM32Cube_FW_L5_V1.5.1, STM32Cube_FW_N6_V1.1.1, STM32Cube_FW_U0_V1.2.0, STM32Cube_FW_U3_V1.1.0, STM32Cube_FW_U5_V1.7.0, STM32Cube_FW_WB0_V1.2.0, STM32Cube_FW_WBA_V1.6.0, STM32Cube_FW_WB_V1.22.0, STM32Cube_FW_WL3_V1.1.0, STM32Cube_FW_WL_V1.3.1, X-CUBE-ALGOBUILD_V1.4.0, X-CUBE-ALS_V1.0.2, X-CUBE-AZRTOS-F4_V1.1.0, X-CUBE-AZRTOS-F7_V1.1.0, X-CUBE-AZRTOS-G0_V1.1.0, X-CUBE-AZRTOS-G4_V2.0.0, X-CUBE-AZRTOS-H7RS_V1.1.0, X-CUBE-AZRTOS-H7_V3.3.0, X-CUBE-AZRTOS-L4_V2.0.0, X-CUBE-AZRTOS-L5_V2.0.0, X-CUBE-AZRTOS-WB_V2.0.0, X-CUBE-AZRTOS-WL_V2.0.0, X-CUBE-BLE1_V7.1.0, X-CUBE-BLE2_V3.3.0, X-CUBE-BLEMGR_V4.0.0, X-CUBE-EEPRMA1_V5.1.0, X-CUBE-FREERTOS_V1.3.0, X-CUBE-GNSS1_V6.0.0, X-CUBE-MEMS1_V11.2.0, X-CUBE-NFC4_V3.0.0, X-CUBE-NFC7_V1.0.1, X-CUBE-SFXS2LP1_V4.0.0, X-CUBE-SUBG2_V5.0.0, X-CUBE-TOF1_V3.4.3]
2025-05-15 15:58:23,025 [INFO] ApiDb:240 - Found 895 in-development CPN: [B-G473E-ZEST1S, B-WB1M-WPAN1, B-WBA5M-WPAN, B-WL5M-SUBG1, NUCLEO-C031C6, NUCLEO-C051C8, NUCLEO-C071RB, NUCLEO-C092RC, NUCLEO-H503RB, NUCLEO-H533RE, NUCLEO-H563ZI, NUCLEO-H7S3L8, NUCLEO-N657X0-Q, NUCLEO-U031R8, NUCLEO-U083RC, NUCLEO-U385RG-Q, NUCLEO-U545RE-Q, NUCLEO-U5A5ZJ-Q, NUCLEO-WB05KZ, NUCLEO-WB07CC, NUCLEO-WB09KE, NUCLEO-WBA52CG, NUCLEO-WBA55CG, NUCLEO-WBA65RI, NUCLEO-WL33CC1, NUCLEO-WL33CC2, STEVAL-PROTEUS1, STEVAL-SMARTAG2, STEVAL-STWINBX1, STM320518-EVAL, STM32C0116-DK, STM32C011D6Y3TR, STM32C011D6Y6TR, STM32C011F4P3, STM32C011F4P6, STM32C011F4U3, STM32C011F4U6TR, STM32C011F6P3, STM32C011F6P6, STM32C011F6U3, STM32C011F6U6TR, STM32C011J4M3, STM32C011J4M6, STM32C011J6M3, STM32C011J6M6, STM32C0316-DK, STM32C031C4T3, STM32C031C4T6, STM32C031C4U3, STM32C031C4U6, STM32C031C6T3, STM32C031C6T6, STM32C031C6U3, STM32C031C6U6, STM32C031F4P3, STM32C031F4P6, STM32C031F6P3, STM32C031F6P6, STM32C031G4U3, STM32C031G4U6, STM32C031G6U3, STM32C031G6U6, STM32C031K4T3, STM32C031K4T6, STM32C031K4U3, STM32C031K4U6, STM32C031K6T3, STM32C031K6T6, STM32C031K6U3, STM32C031K6U6, STM32C051C6T6, STM32C051C6U6, STM32C051C8T6, STM32C051C8U6, STM32C051D8Y6TR, STM32C051F6P6, STM32C051F8P6, STM32C051G6U6, STM32C051G8U6, STM32C051K6T6, STM32C051K6U6, STM32C051K8T6, STM32C071C8T6, STM32C071C8T6N, STM32C071C8U6, STM32C071C8U6N, STM32C071CBT6, STM32C071CBT6N, STM32C071CBU6, STM32C071CBU6N, STM32C071F8P6, STM32C071F8P6N, STM32C071FBP6, STM32C071FBP6N, STM32C071FBY6TR, STM32C071G8U6, STM32C071G8U6N, STM32C071GBU6, STM32C071GBU6N, STM32C071K8T6, STM32C071K8T6N, STM32C071K8U6, STM32C071K8U6N, STM32C071KBT6, STM32C071KBT6N, STM32C071KBU6, STM32C071KBU6N, STM32C071R8T6, STM32C071R8T6N, STM32C071RBI6N, STM32C071RBT6, STM32C071RBT6N, STM32C091CBT6, STM32C091CBU6, STM32C091CCT6, STM32C091CCU6, STM32C091ECY6TR, STM32C091FBP6, STM32C091FCP6, STM32C091GBU6, STM32C091GCU6, STM32C091KBT6, STM32C091KBU6, STM32C091KCT6, STM32C091KCU6, STM32C091RBT6, STM32C091RCI6, STM32C091RCT6, STM32C092CBT6, STM32C092CBU6, STM32C092CCT6, STM32C092CCU6, STM32C092ECY6TR, STM32C092FBP6, STM32C092FCP6, STM32C092GBU6, STM32C092GCU6, STM32C092KBT6, STM32C092KBU6, STM32C092KCT6, STM32C092KCU6, STM32C092RBT6, STM32C092RCI6, STM32C092RCT6, STM32G071K8TXN, STM32G071K8UXN, STM32G081GBU6N, STM32G081KBT6N, STM32G081KBUXN, STM32G0B1CCT6N, STM32G0B1KCT6, STM32G0B1NEY6TR, STM32G0B1RCT6N, STM32G0C1CCT6, STM32G0C1CCT6N, STM32G0C1CCU6N, STM32G0C1CET6N, STM32G0C1CEU6N, STM32G0C1KCT6, STM32G0C1NEY6TR, STM32G0C1RCI6N, STM32G0C1RCT6N, STM32G0C1REI6N, STM32G0C1RET6N, STM32G0C1VCI6, STM32G0C1VEI6, STM32G411C6T3, STM32G411C6T6, STM32G411C6U3, STM32G411C6U6, STM32G411C8T3, STM32G411C8T6, STM32G411C8U3, STM32G411C8U6, STM32G411CBT3, STM32G411CBT6, STM32G411CBU3, STM32G411CBU6, STM32G411CCT3, STM32G411CCT6, STM32G411CCU3, STM32G411CCU6, STM32G411K6T3, STM32G411K6T6, STM32G411K6U3, STM32G411K6U6, STM32G411K8T3, STM32G411K8T6, STM32G411K8U3, STM32G411K8U6, STM32G411KBT3, STM32G411KBT6, STM32G411KBU3, STM32G411KBU6, STM32G411M6T3, STM32G411M6T6, STM32G411M8T3, STM32G411M8T6, STM32G411MBT3, STM32G411MBT6, STM32G411MCT3, STM32G411MCT6, STM32G411R6T3, STM32G411R6T6, STM32G411R8T3, STM32G411R8T6, STM32G411RBT3, STM32G411RBT6, STM32G411RCT3, STM32G411RCT6, STM32G414CBT3, STM32G414CBT6, STM32G414CBU3, STM32G414CBU6, STM32G414CCT3, STM32G414CCT6, STM32G414CCU3, STM32G414CCU6, STM32G414MBT3, STM32G414MBT6, STM32G414MCT3, STM32G414MCT6, STM32G414RBT3, STM32G414RBT6, STM32G414RCT3, STM32G414RCT6, STM32G414VBT3, STM32G414VBT6, STM32G414VCT3, STM32G414VCT6, STM32G431CBT3Z, STM32G431RBT3Z, STM32G471CCT6, STM32G471CCU6, STM32G471CET3, STM32G471CET6, STM32G471CEU3, STM32G471CEU6, STM32G471MCT6, STM32G471MET3, STM32G471MET6, STM32G471MEY6TR, STM32G471QCT6, STM32G471QET3, STM32G471RCT6, STM32G471RET3, STM32G471RET6, STM32G471VCH6, STM32G471VCI6, STM32G471VCT6, STM32G471VEH3, STM32G471VEH6, STM32G471VEI3, STM32G471VEI6, STM32G471VET3, STM32G471VET6, STM32G473QET3Z, STM32G473RET3Z, STM32G474CCT6, STM32G491RET3Z, STM32H503CBT6, STM32H503CBU6, STM32H503EBY6TR, STM32H503KBU6, STM32H503RBT6, STM32H523CCT6, STM32H523CCU6, STM32H523CET6, STM32H523CEU6, STM32H523HEY6TR, STM32H523RCT6, STM32H523RET6, STM32H523VCI6, STM32H523VCT6, STM32H523VEI6, STM32H523VET6, STM32H523ZCJ6, STM32H523ZCT6, STM32H523ZEJ6, STM32H523ZET6, STM32H533CET6, STM32H533CEU6, STM32H533HEY6TR, STM32H533RET6, STM32H533VEI6, STM32H533VET6, STM32H533ZEJ6, STM32H533ZET6, STM32H562AGI6, STM32H562AII6, STM32H562IGK6, STM32H562IGT6, STM32H562IIK6, STM32H562IIT6, STM32H562RGT6, STM32H562RGV6, STM32H562RIT6, STM32H562RIV6, STM32H562VGT6, STM32H562VIT6, STM32H562ZGT6, STM32H562ZIT6, STM32H563AGI6, STM32H563AII3Q, STM32H563AII6, STM32H563IGK6, STM32H563IGT6, STM32H563IIK3Q, STM32H563IIK6, STM32H563IIT3Q, STM32H563IIT6, STM32H563MIY3QTR, STM32H563RGT6, STM32H563RGV6, STM32H563RIT6, STM32H563RIV6, STM32H563VGT6, STM32H563VIT3Q, STM32H563VIT6, STM32H563ZGT6, STM32H563ZIT3Q, STM32H563ZIT6, STM32H573AII3Q, STM32H573AII6, STM32H573I-DK, STM32H573IIK3Q, STM32H573IIK6, STM32H573IIT3Q, STM32H573IIT6, STM32H573MIY3QTR, STM32H573RIT6, STM32H573RIV6, STM32H573VIT3Q, STM32H573VIT6, STM32H573ZIT3Q, STM32H573ZIT6, STM32H7R3A8I6, STM32H7R3I8K6, STM32H7R3I8T6, STM32H7R3L8H6, STM32H7R3L8H6H, STM32H7R3R8V6, STM32H7R3V8H6, STM32H7R3V8T6, STM32H7R3V8Y6TR, STM32H7R3Z8J6, STM32H7R3Z8T6, STM32H7R7A8I6, STM32H7R7I8K6, STM32H7R7I8T6, STM32H7R7L8H6, STM32H7R7L8H6H, STM32H7R7Z8J6, STM32H7S3A8I6, STM32H7S3I8K6, STM32H7S3I8T6, STM32H7S3L8H6, STM32H7S3L8H6H, STM32H7S3R8V6, STM32H7S3V8H6, STM32H7S3V8T6, STM32H7S3V8Y6TR, STM32H7S3Z8J6, STM32H7S3Z8T6, STM32H7S78-DK, STM32H7S7A8I6, STM32H7S7I8K6, STM32H7S7I8T6, STM32H7S7L8H6, STM32H7S7L8H6H, STM32H7S7Z8J6, STM32L4R5QGI6STR, STM32MP131AAE3, STM32MP131AAF3, STM32MP131AAG3, STM32MP131CAE3, STM32MP131CAF3, STM32MP131CAG3, STM32MP131DAE7, STM32MP131DAF7, STM32MP131DAG7, STM32MP131FAE7, STM32MP131FAF7, STM32MP131FAG7, STM32MP133AAE3, STM32MP133AAF3, STM32MP133AAG3, STM32MP133CAE3, STM32MP133CAF3, STM32MP133CAG3, STM32MP133DAE7, STM32MP133DAF7, STM32MP133DAG7, STM32MP133FAE7, STM32MP133FAF7, STM32MP133FAG7, STM32MP135AAE3, STM32MP135AAF3, STM32MP135AAG3, STM32MP135CAE3, STM32MP135CAF3, STM32MP135CAG3, STM32MP135DAE7, STM32MP135DAF7, STM32MP135DAG7, STM32MP135F-DK, STM32MP135FAE7, STM32MP135FAF7, STM32MP135FAF7T, STM32MP135FAF7U, STM32MP135FAG7, STM32MP231AAJ3, STM32MP231AAK3, STM32MP231AAL3, STM32MP231CAJ3, STM32MP231CAK3, STM32MP231CAL3, STM32MP231DAJ3, STM32MP231DAK3, STM32MP231DAL3, STM32MP231FAJ3, STM32MP231FAK3, STM32MP231FAL3, STM32MP233AAJ3, STM32MP233AAK3, STM32MP233AAL3, STM32MP233CAJ3, STM32MP233CAK3, STM32MP233CAL3, STM32MP233DAJ3, STM32MP233DAK3, STM32MP233DAL3, STM32MP233FAJ3, STM32MP233FAK3, STM32MP233FAL3, STM32MP235AAJ3, STM32MP235AAK3, STM32MP235AAL3, STM32MP235CAJ3, STM32MP235CAK3, STM32MP235CAL3, STM32MP235DAJ3, STM32MP235DAK3, STM32MP235DAL3, STM32MP235FAJ3, STM32MP235FAK3, STM32MP235FAL3, STM32MP251AAI3, STM32MP251AAJ3, STM32MP251AAK3, STM32MP251AAL3, STM32MP251CAI3, STM32MP251CAJ3, STM32MP251CAK3, STM32MP251CAL3, STM32MP251DAI3, STM32MP251DAJ3, STM32MP251DAK3, STM32MP251DAL3, STM32MP251FAI3, STM32MP251FAJ3, STM32MP251FAK3, STM32MP251FAL3, STM32MP253AAI3, STM32MP253AAJ3, STM32MP253AAK3, STM32MP253AAL3, STM32MP253CAI3, STM32MP253CAJ3, STM32MP253CAK3, STM32MP253CAL3, STM32MP253DAI3, STM32MP253DAJ3, STM32MP253DAK3, STM32MP253DAL3, STM32MP253FAI3, STM32MP253FAJ3, STM32MP253FAK3, STM32MP253FAL3, STM32MP255AAI3, STM32MP255AAJ3, STM32MP255AAK3, STM32MP255AAL3, STM32MP255CAI3, STM32MP255CAJ3, STM32MP255CAK3, STM32MP255CAL3, STM32MP255DAI3, STM32MP255DAJ3, STM32MP255DAK3, STM32MP255DAL3, STM32MP255FAI3, STM32MP255FAJ3, STM32MP255FAK3, STM32MP255FAL3, STM32MP257AAI3, STM32MP257AAJ3, STM32MP257AAK3, STM32MP257AAL3, STM32MP257CAI3, STM32MP257CAJ3, STM32MP257CAK3, STM32MP257CAL3, STM32MP257DAI3, STM32MP257DAJ3, STM32MP257DAK3, STM32MP257DAL3, STM32MP257F-DK, STM32MP257F-EV1, STM32MP257FAI3, STM32MP257FAJ3, STM32MP257FAK3, STM32MP257FAL3, STM32N645A0H3Q, STM32N645B0H3Q, STM32N645I0H3Q, STM32N645L0H3Q, STM32N645X0H3Q, STM32N645Z0H3Q, STM32N647A0H3Q, STM32N647B0H3Q, STM32N647I0H3Q, STM32N647L0H3Q, STM32N647X0H3Q, STM32N647Z0H3Q, STM32N655A0H3Q, STM32N655B0H3Q, STM32N655I0H3Q, STM32N655L0H3Q, STM32N655X0H3Q, STM32N655Z0H3Q, STM32N6570-DK, STM32N657A0H3Q, STM32N657B0H3Q, STM32N657I0H3Q, STM32N657L0H3Q, STM32N657X0H3Q, STM32N657Z0H3Q, STM32U031C6T6, STM32U031C6U6, STM32U031C8T6, STM32U031C8U6, STM32U031F4P6, STM32U031F6P6, STM32U031F8P6, STM32U031G6Y6TR, STM32U031G8Y6TR, STM32U031K4U6, STM32U031K6U6, STM32U031K8U6, STM32U031R6I6, STM32U031R6T6, STM32U031R8I6, STM32U031R8T6, STM32U073C8T6, STM32U073C8U6, STM32U073CBT6, STM32U073CBU6, STM32U073CCT6, STM32U073CCU6, STM32U073H8Y6TR, STM32U073HBY6TR, STM32U073HCY6TR, STM32U073K8U6, STM32U073KBU6, STM32U073KCU6, STM32U073M8I6, STM32U073M8T6, STM32U073MBI6, STM32U073MBT6, STM32U073MCI6, STM32U073MCT6, STM32U073R8I6, STM32U073R8T6, STM32U073RBI6, STM32U073RBT6, STM32U073RCI6, STM32U073RCT6, STM32U083C-DK, STM32U083CCT6, STM32U083CCU6, STM32U083HCY6TR, STM32U083KCU6, STM32U083MCI6, STM32U083MCT6, STM32U083RCI6, STM32U083RCT6, STM32U375CET6, STM32U375CET6Q, STM32U375CEU6, STM32U375CEU6Q, STM32U375CEY6QTR, STM32U375CGT6, STM32U375CGT6Q, STM32U375CGU6, STM32U375CGU6Q, STM32U375CGY6QTR, STM32U375KEU6, STM32U375KGU6, STM32U375REI6, STM32U375REI6Q, STM32U375RET6, STM32U375RET6Q, STM32U375REY6GTR, STM32U375REY6QTR, STM32U375RGI6, STM32U375RGI6Q, STM32U375RGT6, STM32U375RGT6Q, STM32U375RGY6GTR, STM32U375RGY6QTR, STM32U375VEI6, STM32U375VEI6Q, STM32U375VET6, STM32U375VET6Q, STM32U375VGI6, STM32U375VGI6Q, STM32U375VGT6, STM32U375VGT6Q, STM32U385CGT6, STM32U385CGT6Q, STM32U385CGU6, STM32U385CGU6Q, STM32U385CGY6QTR, STM32U385KGU6, STM32U385RGI6, STM32U385RGI6Q, STM32U385RGT6, STM32U385RGT6Q, STM32U385RGY6GTR, STM32U385RGY6QTR, STM32U385VGI6, STM32U385VGI6Q, STM32U385VGT6, STM32U385VGT6Q, STM32U535CBT6, STM32U535CBT6Q, STM32U535CBU6, STM32U535CBU6Q, STM32U535CCT6, STM32U535CCT6Q, STM32U535CCU6, STM32U535CCU6Q, STM32U535CET6, STM32U535CET6Q, STM32U535CEU6, STM32U535CEU6Q, STM32U535JEY6QTR, STM32U535NCY6QTR, STM32U535NEY6QTR, STM32U535RBI6, STM32U535RBI6Q, STM32U535RBT6, STM32U535RBT6Q, STM32U535RCI6, STM32U535RCI6Q, STM32U535RCT6, STM32U535RCT6Q, STM32U535REI6, STM32U535REI6Q, STM32U535RET6, STM32U535RET6Q, STM32U535VCI6, STM32U535VCI6Q, STM32U535VCT6, STM32U535VCT6Q, STM32U535VEI6, STM32U535VEI6Q, STM32U535VET6, STM32U535VET6Q, STM32U545CET6, STM32U545CET6Q, STM32U545CEU6, STM32U545CEU6Q, STM32U545JEY6QTR, STM32U545NEY6QTR, STM32U545REI6, STM32U545REI6Q, STM32U545RET6, STM32U545RET6Q, STM32U545VEI6, STM32U545VEI6Q, STM32U545VET6, STM32U545VET6Q, STM32U595AIH6, STM32U595AIH6Q, STM32U595AJH6, STM32U595AJH6Q, STM32U595QII6, STM32U595QII6Q, STM32U595QJI6, STM32U595QJI6Q, STM32U595RIT6, STM32U595RIT6Q, STM32U595RJT6, STM32U595RJT6Q, STM32U595VIT6, STM32U595VIT6Q, STM32U595VJT6, STM32U595VJT6Q, STM32U595ZIT6, STM32U595ZIT6Q, STM32U595ZIY6QTR, STM32U595ZJT6, STM32U595ZJT6Q, STM32U595ZJY6QTR, STM32U599BJY6QTR, STM32U599NIH6Q, STM32U599NJH6Q, STM32U599VIT6Q, STM32U599VJT6, STM32U599VJT6Q, STM32U599ZIT6Q, STM32U599ZIY6QTR, STM32U599ZJT6Q, STM32U599ZJY6QTR, STM32U5A5AJH6, STM32U5A5AJH6Q, STM32U5A5QII3Q , STM32U5A5QJI6, STM32U5A5QJI6Q, STM32U5A5RJT6, STM32U5A5RJT6Q, STM32U5A5VJT6, STM32U5A5VJT6Q, STM32U5A5ZJT6, STM32U5A5ZJT6Q, STM32U5A5ZJY6QTR, STM32U5A9BJY6QTR, STM32U5A9J-DK, STM32U5A9NJH6Q, STM32U5A9VJT6Q, STM32U5A9ZJT6Q, STM32U5A9ZJY6QTR, STM32U5F7VIT6, STM32U5F7VIT6Q, STM32U5F7VJT6, STM32U5F7VJT6Q, STM32U5F9BJY6QTR, STM32U5F9NJH6Q, STM32U5F9VIT6Q, STM32U5F9VJT6Q, STM32U5F9ZIJ6QTR, STM32U5F9ZIT6Q, STM32U5F9ZJJ6QTR, STM32U5F9ZJT6Q, STM32U5G7VJT6, STM32U5G7VJT6Q, STM32U5G9BJY6QTR, STM32U5G9J-DK1, STM32U5G9J-DK2, STM32U5G9NJH6Q, STM32U5G9VJT6Q, STM32U5G9ZJJ6QTR, STM32U5G9ZJT6Q, STM32WB05KZV6TR, STM32WB05KZV7TR, STM32WB05TZF6TR, STM32WB05TZF7TR, STM32WB06CCF6TR, STM32WB06CCF7TR, STM32WB06CCV6TR, STM32WB06CCV7TR, STM32WB06KCV6TR, STM32WB06KCV7TR, STM32WB07CCF6TR, STM32WB07CCF7TR, STM32WB07CCV6TR, STM32WB07CCV7TR, STM32WB07KCV6TR, STM32WB07KCV7TR, STM32WB09KEV6TR, STM32WB09KEV7TR, STM32WB09TEF6TR, STM32WB09TEF7TR, STM32WB1MMCH6, STM32WBA50KGU6, STM32WBA50KGU6TR, STM32WBA52CEU6, STM32WBA52CEU6TR, STM32WBA52CEU7, STM32WBA52CEU7TR, STM32WBA52CGU6, STM32WBA52CGU6TR, STM32WBA52CGU6U, STM32WBA52CGU7, STM32WBA52CGU7TR, STM32WBA52KEU6, STM32WBA52KEU6TR, STM32WBA52KGU6, STM32WBA52KGU6TR, STM32WBA54CEU6, STM32WBA54CEU6TR, STM32WBA54CEU7, STM32WBA54CEU7TR, STM32WBA54CGU6, STM32WBA54CGU6TR, STM32WBA54CGU7, STM32WBA54CGU7TR, STM32WBA54KEU6, STM32WBA54KEU6TR, STM32WBA54KEU7, STM32WBA54KEU7TR, STM32WBA54KGU6, STM32WBA54KGU6TR, STM32WBA54KGU7, STM32WBA54KGU7TR, STM32WBA55CEU6, STM32WBA55CEU6TR, STM32WBA55CEU7, STM32WBA55CEU7TR, STM32WBA55CGU6, STM32WBA55CGU6TR, STM32WBA55CGU6U, STM32WBA55CGU7, STM32WBA55CGU7TR, STM32WBA55G-DK1, STM32WBA55HEF6, STM32WBA55HEF7, STM32WBA55HGF6, STM32WBA55HGF7, STM32WBA55UEI6, STM32WBA55UEI6TR, STM32WBA55UEI7, STM32WBA55UEI7TR, STM32WBA55UGI6, STM32WBA55UGI6TR, STM32WBA55UGI7, STM32WBA55UGI7TR, STM32WBA5MJGH6TR, STM32WBA62CGU6, STM32WBA62CIU6, STM32WBA62MGF6, STM32WBA62MIF6, STM32WBA62PGI6, STM32WBA62PII6, STM32WBA63CGU6, STM32WBA63CGU7, STM32WBA63CIU6, STM32WBA63CIU7, STM32WBA64CGU6, STM32WBA64CGU7, STM32WBA64CIU6, STM32WBA64CIU7, STM32WBA65CGU6, STM32WBA65CGU7, STM32WBA65CIU6, STM32WBA65CIU7, STM32WBA65I-DK1, STM32WBA65MGF6, STM32WBA65MGF7, STM32WBA65MIF6, STM32WBA65MIF7, STM32WBA65PGI6, STM32WBA65PGI7, STM32WBA65PII6, STM32WBA65PII7, STM32WBA65RGV6, STM32WBA65RGV7, STM32WBA65RIV6, STM32WBA65RIV7, STM32WL30K8V6, STM32WL30KBV6, STM32WL31C8V6, STM32WL31CBV6, STM32WL31K8V6, STM32WL31KBV6, STM32WL33C8V6, STM32WL33C8V6TR, STM32WL33C8V7, STM32WL33C8V7TR, STM32WL33CBV6, STM32WL33CBV6TR, STM32WL33CBV7, STM32WL33CBV7TR, STM32WL33CCV6, STM32WL33CCV6TR, STM32WL33CCV7, STM32WL33CCV7A, STM32WL33CCV7ATR, STM32WL33CCV7TR, STM32WL33K8V6, STM32WL33K8V6TR, STM32WL33K8V7, STM32WL33K8V7TR, STM32WL33KBV6, STM32WL33KBV6TR, STM32WL33KBV7, STM32WL33KBV7TR, STM32WL33KCV6, STM32WL33KCV6TR, STM32WL33KCV7, STM32WL33KCV7TR, STM32WL5MOCH6, STM32WL5MOCH6TR]
2025-05-15 15:58:23,028 [INFO] DbMcus:218 - Found 4686 MCUs, 4686 are supported
2025-05-15 15:58:23,029 [INFO] ApiDb:423 - Load user favorites file /Users/johnnario/.stm32cubeide/favorites.mcus.txt: 0 item(s)
2025-05-15 15:58:23,030 [INFO] ApiDb:427 - User favorites MCUs=[]
2025-05-15 15:58:23,030 [INFO] DbMcus:224 - Set 0 / 0 favorites MCUs
2025-05-15 15:58:23,314 [INFO] ApiDb:423 - Load user favorites file /Users/johnnario/.stm32cubeide/favorites.boards.txt: 0 item(s)
2025-05-15 15:58:23,314 [INFO] ApiDb:427 - User favorites Boards=[]
2025-05-15 15:58:23,314 [INFO] DbBoards:198 - Set 0 / 0 favorites Boards
2025-05-15 15:58:23,315 [INFO] McuFinderGlobals:76 - Set McuFinderConnectedMode to true
2025-05-15 15:58:23,324 [INFO] MultiScanPanel:200 - Auto-refresh data requested => check proxy status ongoing
2025-05-15 15:58:23,326 [INFO] FinderPluginLoader:95 - Searching for filters in installed packs
2025-05-15 15:58:24,576 [INFO] LoadUrlFilesThread:185 - End of LoadServerUrlFiles without Thread
2025-05-15 15:58:24,592 [INFO] DetailPanel:341 - Set advertising image to /Users/johnnario/STM32Cube/Repository//en.summit-h1-25-promotion.jpg
2025-05-15 15:58:36,782 [INFO] MultiScanPanel:200 - Auto-refresh data requested => check proxy status ongoing
2025-05-15 15:58:36,970 [INFO] LoadUrlFilesThread:185 - End of LoadServerUrlFiles without Thread
2025-05-15 15:58:36,971 [INFO] DetailPanel:341 - Set advertising image to /Users/johnnario/STM32Cube/Repository//en.summit-h1-25-promotion.jpg
2025-05-15 15:58:36,996 [INFO] DbBoards:642 - Loading board mini-images...
2025-05-15 15:58:37,060 [ERROR] DbBoards:659 - Image file not found for board B-WBA5M-WPAN: /Users/johnnario/.stmcufinder/plugins/mcufinder//mcu//boards_images/B-WBA5M-WPAN.jpg
2025-05-15 15:58:38,557 [INFO] DbBoards:665 - Loaded 210 board mini-images
2025-05-15 15:59:23,869 [INFO] MainUpdater:2872 - connection check result : 10
2025-05-15 15:59:23,873 [INFO] MainUpdater:2872 - connection check result : 10
2025-05-15 15:59:24,412 [INFO] MicroXplorer:468 - Change Database Path : 
2025-05-15 15:59:24,412 [INFO] MicroXplorer:498 - Change Database Version : DB.6.0.140
2025-05-15 15:59:24,416 [WARN] ThirdParty:871 - waiting for thirdparty lock release [close project]
2025-05-15 15:59:24,416 [INFO] ThirdParty:873 - entering critical section [close project]
2025-05-15 15:59:24,418 [INFO] ThirdParty:883 - exiting critical section [close project]
2025-05-15 15:59:24,421 [INFO] PinOutPanel:1589 - setPackage(No Configuration,No Configuration)
2025-05-15 15:59:24,426 [INFO] UtilMem:75 - Begin LoadConfig() Used Memory: 843958488 Bytes (1073741824)
2025-05-15 15:59:24,427 [INFO] MicroXplorer:468 - Change Database Path : 
2025-05-15 15:59:24,427 [INFO] MicroXplorer:498 - Change Database Version : DB.6.0.140
2025-05-15 15:59:24,427 [INFO] OpenFileManager:354 - Change cursor
2025-05-15 15:59:24,551 [INFO] Mcu:2011 - Initializing MCU STM32F446RETx STM32F446RETx STM32F446RET6
2025-05-15 15:59:26,197 [INFO] Context:756 - Trying to add GPIOservice into a context  which must be forbidden
2025-05-15 15:59:26,759 [INFO] ImportTextPane:218 - (OptionalMessage_ERROR) Unable to find key (Mcu.ThirdPartyNb) in loaded IOC file
2025-05-15 15:59:26,760 [INFO] ImportTextPane:218 - (OptionalMessage_ERROR) Unable to find key (Mcu.PinsNb) in loaded IOC file
2025-05-15 15:59:26,786 [INFO] ImportTextPane:218 - (OptionalMessage_ERROR) Pin0 (VP_RIF_VS_RIF1) cannot be retrieved for this MCU
2025-05-15 15:59:26,787 [INFO] ImportTextPane:218 - (OptionalMessage_ERROR) Unable to find key (Mcu.IPNb) in loaded IOC file
2025-05-15 15:59:27,009 [INFO] RtosManager:558 - Registered RTOS mode: class=CMSIS, group=RTOS, mode=CMSIS_V1, owner=FREERTOS
2025-05-15 15:59:27,009 [INFO] RtosManager:558 - Registered RTOS mode: class=CMSIS, group=RTOS2, mode=CMSIS_V2, owner=FREERTOS
2025-05-15 15:59:27,009 [INFO] RtosManager:558 - Registered RTOS mode: class=RTOS, group=Core, mode=CMSIS_V1, owner=FREERTOS
2025-05-15 15:59:27,010 [INFO] RtosManager:558 - Registered RTOS mode: class=RTOS, group=Core, mode=CMSIS_V2, owner=FREERTOS
2025-05-15 15:59:27,010 [WARN] ModelIntegratedComponent:184 - Missing modes for component STMicroelectronics:FreeRTOS:0.0.1:STMicroelectronics:RTOS:FreeRTOS:Core:::10.2.0:
2025-05-15 15:59:27,033 [WARN] ModelIntegratedComponent:63 - No mode defined for component null
2025-05-15 15:59:27,033 [WARN] ModelIntegratedComponent:63 - No mode defined for component null
2025-05-15 15:59:27,033 [WARN] ModelIntegratedComponent:63 - No mode defined for component null
2025-05-15 15:59:27,033 [WARN] ModelIntegratedComponent:63 - No mode defined for component null
2025-05-15 15:59:27,033 [WARN] ModelIntegratedComponent:63 - No mode defined for component null
2025-05-15 15:59:27,033 [WARN] ModelIntegratedComponent:63 - No mode defined for component null
2025-05-15 15:59:27,033 [WARN] ModelIntegratedComponent:63 - No mode defined for component null
2025-05-15 15:59:27,033 [WARN] ModelIntegratedComponent:63 - No mode defined for component null
2025-05-15 15:59:27,033 [WARN] ModelIntegratedComponent:63 - No mode defined for component null
2025-05-15 15:59:27,033 [WARN] ModelIntegratedComponent:63 - No mode defined for component null
2025-05-15 15:59:27,033 [WARN] ModelIntegratedComponent:63 - No mode defined for component null
2025-05-15 15:59:27,033 [WARN] ModelIntegratedComponent:63 - No mode defined for component null
2025-05-15 15:59:27,033 [WARN] ModelIntegratedComponent:63 - No mode defined for component null
2025-05-15 15:59:27,033 [WARN] ModelIntegratedComponent:63 - No mode defined for component null
2025-05-15 15:59:27,033 [WARN] ModelIntegratedComponent:63 - No mode defined for component null
2025-05-15 15:59:27,033 [WARN] ModelIntegratedComponent:63 - No mode defined for component null
2025-05-15 15:59:27,033 [WARN] ModelIntegratedComponent:63 - No mode defined for component null
2025-05-15 15:59:27,033 [WARN] ModelIntegratedComponent:63 - No mode defined for component null
2025-05-15 15:59:27,033 [WARN] ModelIntegratedComponent:63 - No mode defined for component null
2025-05-15 15:59:27,033 [WARN] ModelIntegratedComponent:63 - No mode defined for component null
2025-05-15 15:59:27,033 [WARN] ModelIntegratedComponent:63 - No mode defined for component null
2025-05-15 15:59:27,033 [WARN] ModelIntegratedComponent:63 - No mode defined for component null
2025-05-15 15:59:27,033 [WARN] ModelIntegratedComponent:63 - No mode defined for component null
2025-05-15 15:59:27,033 [WARN] ModelIntegratedComponent:63 - No mode defined for component null
2025-05-15 15:59:27,034 [WARN] ModelIntegratedComponent:63 - No mode defined for component null
2025-05-15 15:59:27,034 [WARN] ModelIntegratedComponent:63 - No mode defined for component null
2025-05-15 15:59:27,034 [WARN] ModelIntegratedComponent:63 - No mode defined for component null
2025-05-15 15:59:27,034 [WARN] ModelIntegratedComponent:63 - No mode defined for component null
2025-05-15 15:59:27,034 [WARN] ModelIntegratedComponent:63 - No mode defined for component null
2025-05-15 15:59:27,035 [WARN] ModelIntegratedComponent:63 - No mode defined for component null
2025-05-15 15:59:27,035 [WARN] ModelIntegratedComponent:63 - No mode defined for component null
2025-05-15 15:59:27,035 [WARN] ModelIntegratedComponent:63 - No mode defined for component null
2025-05-15 15:59:27,035 [WARN] ModelIntegratedComponent:63 - No mode defined for component null
2025-05-15 15:59:27,035 [WARN] ModelIntegratedComponent:63 - No mode defined for component null
2025-05-15 15:59:27,035 [WARN] ModelIntegratedComponent:63 - No mode defined for component null
2025-05-15 15:59:27,035 [WARN] ModelPack:524 - Component already loaded: STMicroelectronics:HAL Drivers:0.0.0:STMicroelectronics:Device:STMicro_Driver:XSPI:HAL::0.0.1:HAL_XSPI
2025-05-15 15:59:27,149 [INFO] ThirdPartyModel:298 - Start build external matchings
2025-05-15 15:59:27,638 [INFO] ThirdPartyModel:316 - End build external matchings
2025-05-15 15:59:28,083 [INFO] UtilMem:75 - End LoadConfig() Used Memory: 804616360 Bytes (1073741824)
2025-05-15 15:59:28,156 [WARN] ThirdParty:833 - waiting for thirdparty lock release [change project]
2025-05-15 15:59:28,169 [INFO] ThirdParty:835 - entering critical section [change project]
2025-05-15 15:59:28,173 [INFO] ThirdParty:1030 - CMSIS Pack Vendor :STMicroelectronics USBPD 4.1
2025-05-15 15:59:28,173 [INFO] ThirdParty:1030 - CMSIS Pack Vendor :STMicroelectronics X-CUBE-AZRTOS-H7 3.3.0
2025-05-15 15:59:28,173 [INFO] ThirdParty:1030 - CMSIS Pack Vendor :STMicroelectronics X-CUBE-NFC9 1.0.0
2025-05-15 15:59:28,173 [INFO] ThirdParty:1030 - CMSIS Pack Vendor :STMicroelectronics USB_HOST 2.0.0
2025-05-15 15:59:28,173 [INFO] ThirdParty:1030 - CMSIS Pack Vendor :STMicroelectronics FP-SNS-MOTENVWB1 1.4.0
2025-05-15 15:59:28,173 [INFO] ThirdParty:1030 - CMSIS Pack Vendor :STMicroelectronics X-CUBE-AZRTOS-F4 1.1.0
2025-05-15 15:59:28,173 [INFO] ThirdParty:1030 - CMSIS Pack Vendor :STMicroelectronics LIBJPEG 8.0.0
2025-05-15 15:59:28,173 [INFO] ThirdParty:1030 - CMSIS Pack Vendor :STMicroelectronics FP-ATR-ASTRA1 2.0.2
2025-05-15 15:59:28,173 [INFO] ThirdParty:1030 - CMSIS Pack Vendor :STMicroelectronics X-CUBE-BLE1 7.1.0
2025-05-15 15:59:28,174 [INFO] ThirdParty:1030 - CMSIS Pack Vendor :Avnet-IotConnect X-CUBE-IoTC-DA16k-PMOD 1.0.0
2025-05-15 15:59:28,177 [INFO] ThirdParty:1030 - CMSIS Pack Vendor :STMicroelectronics X-CUBE-SMBUS 2.1.0
2025-05-15 15:59:28,178 [INFO] ThirdParty:1030 - CMSIS Pack Vendor :STMicroelectronics X-CUBE-WB05N 1.1.0
2025-05-15 15:59:28,178 [INFO] ThirdParty:1030 - CMSIS Pack Vendor :wolfSSL I-CUBE-wolfMQTT 1.19.2
2025-05-15 15:59:28,178 [INFO] ThirdParty:1030 - CMSIS Pack Vendor :STMicroelectronics USB_DEVICE 3.0.0
2025-05-15 15:59:28,178 [INFO] ThirdParty:1030 - CMSIS Pack Vendor :STMicroelectronics X-CUBE-ISPU 2.1.0
2025-05-15 15:59:28,178 [INFO] ThirdParty:1030 - CMSIS Pack Vendor :STMicroelectronics X-CUBE-AZRTOS-WB 2.0.0
2025-05-15 15:59:28,178 [INFO] ThirdParty:1030 - CMSIS Pack Vendor :STMicroelectronics X-CUBE-GNSS1 7.0.1
2025-05-15 15:59:28,178 [INFO] ThirdParty:1030 - CMSIS Pack Vendor :STMicroelectronics X-CUBE-AZRTOS-F7 1.1.0
2025-05-15 15:59:28,178 [INFO] ThirdParty:1030 - CMSIS Pack Vendor :STMicroelectronics X-CUBE-AZRTOS-L5 2.0.0
2025-05-15 15:59:28,178 [INFO] ThirdParty:1030 - CMSIS Pack Vendor :STMicroelectronics X-CUBE-TOUCHGFX 4.25.0
2025-05-15 15:59:28,178 [INFO] ThirdParty:1030 - CMSIS Pack Vendor :STMicroelectronics USB_DEVICE 2.0.0
2025-05-15 15:59:28,178 [INFO] ThirdParty:1030 - CMSIS Pack Vendor :STMicroelectronics X-CUBE-NFC6 3.1.0
2025-05-15 15:59:28,178 [INFO] ThirdParty:1030 - CMSIS Pack Vendor :STMicroelectronics FP-SNS-STBOX1 2.0.0
2025-05-15 15:59:28,178 [INFO] ThirdParty:1030 - CMSIS Pack Vendor :STMicroelectronics X-CUBE-MEMS1 11.2.0
2025-05-15 15:59:28,178 [INFO] ThirdParty:1030 - CMSIS Pack Vendor :STMicroelectronics FreeRTOS 0.0.1
2025-05-15 15:59:28,178 [INFO] ThirdParty:1030 - CMSIS Pack Vendor :STMicroelectronics X-CUBE-AZRTOS-G0 1.1.0
2025-05-15 15:59:28,178 [INFO] ThirdParty:1030 - CMSIS Pack Vendor :STMicroelectronics X-CUBE-SAFEA1 1.2.2
2025-05-15 15:59:28,178 [INFO] ThirdParty:1030 - CMSIS Pack Vendor :STMicroelectronics X-CUBE-NFC4 3.0.0
2025-05-15 15:59:28,178 [INFO] ThirdParty:1030 - CMSIS Pack Vendor :STMicroelectronics X-CUBE-DPower 1.2.0
2025-05-15 15:59:28,178 [INFO] ThirdParty:1030 - CMSIS Pack Vendor :STMicroelectronics X-CUBE-SUBG2 5.0.0
2025-05-15 15:59:28,178 [INFO] ThirdParty:1030 - CMSIS Pack Vendor :STMicroelectronics X-CUBE-AZRTOS-H7RS 1.1.0
2025-05-15 15:59:28,178 [INFO] ThirdParty:1030 - CMSIS Pack Vendor :STMicroelectronics STM32_WPAN 1.0.0
2025-05-15 15:59:28,178 [INFO] ThirdParty:1030 - CMSIS Pack Vendor :EmbeddedOffice I-CUBE-FS-RTOS 1.0.1
2025-05-15 15:59:28,179 [INFO] ThirdParty:1030 - CMSIS Pack Vendor :STMicroelectronics lwIP 2.0.3
2025-05-15 15:59:28,179 [INFO] ThirdParty:1030 - CMSIS Pack Vendor :Cesanta I-CUBE-Mongoose 7.13.0
2025-05-15 15:59:28,179 [INFO] ThirdParty:1030 - CMSIS Pack Vendor :STMicroelectronics USB_HOST 1.0.0
2025-05-15 15:59:28,179 [INFO] ThirdParty:1030 - CMSIS Pack Vendor :Infineon AIROC-Wi-Fi-Bluetooth-STM32 1.7.0
2025-05-15 15:59:28,179 [INFO] ThirdParty:1030 - CMSIS Pack Vendor :STMicroelectronics X-CUBE-AZRTOS-G4 2.0.0
2025-05-15 15:59:28,180 [INFO] ThirdParty:1030 - CMSIS Pack Vendor :STMicroelectronics X-CUBE-WB05N 2.0.0
2025-05-15 15:59:28,180 [INFO] ThirdParty:1030 - CMSIS Pack Vendor :STMicroelectronics PDM2PCM 3.1.0
2025-05-15 15:59:28,180 [INFO] ThirdParty:1030 - CMSIS Pack Vendor :STMicroelectronics PDM2PCM 3.3.0
2025-05-15 15:59:28,180 [INFO] ThirdParty:1030 - CMSIS Pack Vendor :wolfSSL I-CUBE-wolfTPM 3.8.0
2025-05-15 15:59:28,181 [INFO] ThirdParty:1030 - CMSIS Pack Vendor :STMicroelectronics X-CUBE-DISPLAY 3.0.0
2025-05-15 15:59:28,181 [INFO] ThirdParty:1030 - CMSIS Pack Vendor :wolfSSL I-CUBE-wolfSSH 1.4.20
2025-05-15 15:59:28,181 [INFO] ThirdParty:1030 - CMSIS Pack Vendor :STMicroelectronics X-CUBE-NFC7 2.0.0
2025-05-15 15:59:28,181 [INFO] ThirdParty:1030 - CMSIS Pack Vendor :STMicroelectronics X-CUBE-TCPP 4.2.0
2025-05-15 15:59:28,181 [INFO] ThirdParty:1030 - CMSIS Pack Vendor :RealThread X-CUBE-RT-Thread_Nano 4.1.1
2025-05-15 15:59:28,181 [INFO] ThirdParty:1030 - CMSIS Pack Vendor :STMicroelectronics FP-ATR-SIGFOX1 3.2.0
2025-05-15 15:59:28,181 [INFO] ThirdParty:1030 - CMSIS Pack Vendor :STMicroelectronics X-CUBE-NFC10 1.0.0
2025-05-15 15:59:28,181 [INFO] ThirdParty:1030 - CMSIS Pack Vendor :STMicroelectronics X-CUBE-BLEMGR 4.0.0
2025-05-15 15:59:28,181 [INFO] ThirdParty:1030 - CMSIS Pack Vendor :STMicroelectronics X-CUBE-EEPRMA1 5.1.0
2025-05-15 15:59:28,181 [INFO] ThirdParty:1030 - CMSIS Pack Vendor :STMicroelectronics X-CUBE-FREERTOS 1.3.1
2025-05-15 15:59:28,181 [INFO] ThirdParty:1030 - CMSIS Pack Vendor :STMicroelectronics HAL Drivers 0.0.0
2025-05-15 15:59:28,181 [INFO] ThirdParty:1030 - CMSIS Pack Vendor :STMicroelectronics MBEDTLS 2.16.2
2025-05-15 15:59:28,181 [INFO] ThirdParty:1030 - CMSIS Pack Vendor :STMicroelectronics X-CUBE-IPS 3.1.0
2025-05-15 15:59:28,182 [INFO] ThirdParty:1030 - CMSIS Pack Vendor :STMicroelectronics X-CUBE-ALS 1.0.2
2025-05-15 15:59:28,182 [INFO] ThirdParty:1030 - CMSIS Pack Vendor :emotas I-CUBE-CANOPEN 1.3.0
2025-05-15 15:59:28,182 [INFO] ThirdParty:1030 - CMSIS Pack Vendor :STMicroelectronics X-CUBE-FREERTOS 1.3.0
2025-05-15 15:59:28,182 [INFO] ThirdParty:1030 - CMSIS Pack Vendor :STMicroelectronics X-CUBE-NFC7 1.0.1
2025-05-15 15:59:28,182 [INFO] ThirdParty:1030 - CMSIS Pack Vendor :STMicroelectronics MBEDTLS 2.14.1
2025-05-15 15:59:28,182 [INFO] ThirdParty:1030 - CMSIS Pack Vendor :wolfSSL I-CUBE-wolfSSL 5.7.6
2025-05-15 15:59:28,182 [INFO] ThirdParty:1030 - CMSIS Pack Vendor :ITTIA_DB I-CUBE-ITTIADB 8.9.0
2025-05-15 15:59:28,182 [INFO] ThirdParty:1030 - CMSIS Pack Vendor :portGmbH I-Cube-SoM-uGOAL 1.1.0
2025-05-15 15:59:28,182 [INFO] ThirdParty:1030 - CMSIS Pack Vendor :quantropi X-CUBE-qispace-sdk-base 2.0.0
2025-05-15 15:59:28,182 [INFO] ThirdParty:1030 - CMSIS Pack Vendor :STMicroelectronics X-CUBE-AI 10.0.0
2025-05-15 15:59:28,182 [INFO] ThirdParty:1030 - CMSIS Pack Vendor :STMicroelectronics ThreadX 1.0.0
2025-05-15 15:59:28,182 [INFO] ThirdParty:1030 - CMSIS Pack Vendor :STMicroelectronics FP-SNS-SMARTAG2 1.2.0
2025-05-15 15:59:28,182 [INFO] ThirdParty:1030 - CMSIS Pack Vendor :STMicroelectronics FP-SNS-FLIGHT1 5.1.0
2025-05-15 15:59:28,182 [INFO] ThirdParty:1030 - CMSIS Pack Vendor :STMicroelectronics X-CUBE-MEMS1 11.1.0
2025-05-15 15:59:28,182 [INFO] ThirdParty:1030 - CMSIS Pack Vendor :STMicroelectronics X-CUBE-AZRTOS-WL 2.0.0
2025-05-15 15:59:28,182 [INFO] ThirdParty:1030 - CMSIS Pack Vendor :SEGGER I-CUBE-embOS 1.3.1
2025-05-15 15:59:28,182 [INFO] ThirdParty:1030 - CMSIS Pack Vendor :STMicroelectronics X-CUBE-ALGOBUILD 1.4.0
2025-05-15 15:59:28,182 [INFO] ThirdParty:1030 - CMSIS Pack Vendor :STMicroelectronics X-CUBE-DPower 1.3.0
2025-05-15 15:59:28,182 [INFO] ThirdParty:1030 - CMSIS Pack Vendor :STMicroelectronics FP-SNS-MOTENV1 5.0.0
2025-05-15 15:59:28,182 [INFO] ThirdParty:1030 - CMSIS Pack Vendor :STMicroelectronics USB_DEVICE 1.0.0
2025-05-15 15:59:28,182 [INFO] ThirdParty:1030 - CMSIS Pack Vendor :STMicroelectronics X-CUBE-AZRTOS-H7RS 1.0.0
2025-05-15 15:59:28,182 [INFO] ThirdParty:1030 - CMSIS Pack Vendor :STMicroelectronics X-CUBE-AZRTOS-L4 2.0.0
2025-05-15 15:59:28,182 [INFO] ThirdParty:1030 - CMSIS Pack Vendor :STMicroelectronics ThreadX 0.0.2
2025-05-15 15:59:28,182 [INFO] ThirdParty:1030 - CMSIS Pack Vendor :WES I-CUBE-Cesium 1.3.0
2025-05-15 15:59:28,182 [INFO] ThirdParty:1030 - CMSIS Pack Vendor :STMicroelectronics lwIP 2.1.2
2025-05-15 15:59:28,182 [INFO] ThirdParty:1030 - CMSIS Pack Vendor :STMicroelectronics X-CUBE-SFXS2LP1 4.0.0
2025-05-15 15:59:28,182 [INFO] ThirdParty:1030 - CMSIS Pack Vendor :STMicroelectronics X-CUBE-BLE2 3.3.0
2025-05-15 15:59:28,182 [INFO] ThirdParty:1030 - CMSIS Pack Vendor :STMicroelectronics X-CUBE-TOF1 3.4.2
2025-05-15 15:59:28,182 [INFO] ThirdParty:1030 - CMSIS Pack Vendor :STMicroelectronics X-CUBE-TOF1 3.4.3
2025-05-15 15:59:28,182 [INFO] ThirdParty:1030 - CMSIS Pack Vendor :STMicroelectronics PDM2PCM 3.2.0
2025-05-15 15:59:28,183 [INFO] ThirdParty:841 - exiting critical section [change project]
2025-05-15 15:59:28,791 [INFO] PinOutPanel:1589 - setPackage(No Configuration,No Configuration)
2025-05-15 15:59:28,795 [INFO] PinOutPanel:1589 - setPackage(STM32F446RETx,LQFP64)
2025-05-15 15:59:29,738 [INFO] UtilMem:75 - Before build in PCC Used Memory: 719263752 Bytes (1073741824)
2025-05-15 15:59:30,679 [INFO] UtilMem:75 - After build in PCC Used Memory: 672604168 Bytes (1073741824)
2025-05-15 15:59:30,736 [INFO] IPUIPlugin:80 - create IPUIPlugin
2025-05-15 15:59:30,736 [INFO] IPUIPlugin:80 - create IPUIPlugin
2025-05-15 15:59:30,737 [INFO] IPUIPlugin:80 - create IPUIPlugin
2025-05-15 15:59:30,737 [INFO] IPUIPlugin:80 - create IPUIPlugin
2025-05-15 15:59:30,737 [INFO] IPUIPlugin:80 - create IPUIPlugin
2025-05-15 15:59:30,738 [INFO] IPUIPlugin:80 - create IPUIPlugin
2025-05-15 15:59:30,738 [INFO] IPUIPlugin:80 - create IPUIPlugin
2025-05-15 15:59:30,738 [INFO] IPUIPlugin:80 - create IPUIPlugin
2025-05-15 15:59:30,739 [INFO] IPUIPlugin:80 - create IPUIPlugin
2025-05-15 15:59:30,739 [INFO] IPUIPlugin:80 - create IPUIPlugin
2025-05-15 15:59:30,739 [INFO] IPUIPlugin:80 - create IPUIPlugin
2025-05-15 15:59:30,739 [INFO] IPUIPlugin:80 - create IPUIPlugin
2025-05-15 15:59:30,739 [INFO] IPUIPlugin:80 - create IPUIPlugin
2025-05-15 15:59:30,739 [INFO] IPUIPlugin:80 - create IPUIPlugin
2025-05-15 15:59:30,739 [INFO] IPUIPlugin:80 - create IPUIPlugin
2025-05-15 15:59:30,739 [INFO] IPUIPlugin:80 - create IPUIPlugin
2025-05-15 15:59:30,739 [INFO] IPUIPlugin:80 - create IPUIPlugin
2025-05-15 15:59:30,741 [INFO] IPUIPlugin:80 - create IPUIPlugin
2025-05-15 15:59:30,741 [INFO] IPUIPlugin:80 - create IPUIPlugin
2025-05-15 15:59:30,741 [INFO] IPUIPlugin:80 - create IPUIPlugin
2025-05-15 15:59:30,741 [INFO] IPUIPlugin:80 - create IPUIPlugin
2025-05-15 15:59:30,741 [INFO] IPUIPlugin:80 - create IPUIPlugin
2025-05-15 15:59:30,741 [INFO] IPUIPlugin:80 - create IPUIPlugin
2025-05-15 15:59:30,741 [INFO] IPUIPlugin:80 - create IPUIPlugin
2025-05-15 15:59:30,741 [INFO] IPUIPlugin:80 - create IPUIPlugin
2025-05-15 15:59:30,741 [INFO] IPUIPlugin:80 - create IPUIPlugin
2025-05-15 15:59:30,741 [INFO] IPUIPlugin:80 - create IPUIPlugin
2025-05-15 15:59:30,741 [INFO] IPUIPlugin:80 - create IPUIPlugin
2025-05-15 15:59:30,742 [INFO] IPUIPlugin:80 - create IPUIPlugin
2025-05-15 15:59:30,742 [INFO] IPUIPlugin:80 - create IPUIPlugin
2025-05-15 15:59:30,742 [INFO] IPUIPlugin:80 - create IPUIPlugin
2025-05-15 15:59:30,742 [INFO] IPUIPlugin:80 - create IPUIPlugin
2025-05-15 15:59:30,742 [INFO] IPUIPlugin:80 - create IPUIPlugin
2025-05-15 15:59:30,742 [INFO] IPUIPlugin:80 - create IPUIPlugin
2025-05-15 15:59:30,742 [INFO] IPUIPlugin:80 - create IPUIPlugin
2025-05-15 15:59:30,742 [INFO] IPUIPlugin:80 - create IPUIPlugin
2025-05-15 15:59:30,742 [INFO] IPUIPlugin:80 - create IPUIPlugin
2025-05-15 15:59:30,742 [INFO] IPUIPlugin:80 - create IPUIPlugin
2025-05-15 15:59:30,742 [INFO] IPUIPlugin:80 - create IPUIPlugin
2025-05-15 15:59:30,742 [INFO] IPUIPlugin:80 - create IPUIPlugin
2025-05-15 15:59:30,742 [INFO] IPUIPlugin:80 - create IPUIPlugin
2025-05-15 15:59:30,742 [INFO] IPUIPlugin:80 - create IPUIPlugin
2025-05-15 15:59:30,742 [INFO] IPUIPlugin:80 - create IPUIPlugin
2025-05-15 15:59:30,743 [INFO] IPUIPlugin:80 - create IPUIPlugin
2025-05-15 15:59:30,743 [INFO] IPUIPlugin:80 - create IPUIPlugin
2025-05-15 15:59:30,743 [INFO] IPUIPlugin:80 - create IPUIPlugin
2025-05-15 15:59:30,743 [INFO] IPUIPlugin:80 - create IPUIPlugin
2025-05-15 15:59:30,743 [INFO] IPUIPlugin:80 - create IPUIPlugin
2025-05-15 15:59:30,743 [INFO] IPUIPlugin:80 - create IPUIPlugin
2025-05-15 15:59:30,743 [INFO] IPUIPlugin:80 - create IPUIPlugin
2025-05-15 15:59:30,743 [INFO] IPUIPlugin:80 - create IPUIPlugin
2025-05-15 15:59:30,743 [INFO] IPUIPlugin:80 - create IPUIPlugin
2025-05-15 15:59:30,743 [INFO] IPUIPlugin:80 - create IPUIPlugin
2025-05-15 15:59:30,744 [INFO] IPUIPlugin:80 - create IPUIPlugin
2025-05-15 15:59:30,744 [INFO] IPUIPlugin:80 - create IPUIPlugin
2025-05-15 15:59:30,744 [INFO] IPUIPlugin:80 - create IPUIPlugin
2025-05-15 15:59:30,744 [INFO] IPUIPlugin:80 - create IPUIPlugin
2025-05-15 15:59:30,744 [INFO] IPUIPlugin:80 - create IPUIPlugin
2025-05-15 15:59:30,744 [INFO] IPUIPlugin:80 - create IPUIPlugin
2025-05-15 15:59:30,745 [INFO] IPUIPlugin:80 - create IPUIPlugin
2025-05-15 15:59:30,779 [INFO] ApiDbMcu:508 - Load IP Config File for PDM2PCM
2025-05-15 15:59:30,938 [INFO] CADModel:165 - CPN selected for project levelSTM32F446RET6
2025-05-15 15:59:30,938 [INFO] CADModel:114 - Register for checkConnection events
2025-05-15 15:59:30,988 [INFO] OpenFileManager:385 - Restore cursor
2025-05-15 15:59:31,943 [INFO] UtilMem:75 - End SaveConfig() Used Memory: 896999432 Bytes (1073741824)
2025-05-15 15:59:38,768 [INFO] AnalyticsPlugin:368 - Accepted License(s): [FW.F4.1.28.0]
2025-05-15 15:59:38,771 [INFO] FileExtend:242 - Unzip File : stm32cube_fw_f4_v1280.zip
2025-05-15 15:59:38,772 [INFO] FileExtend:257 - Standard Zip Deflate
2025-05-15 15:59:48,259 [INFO] ServerAccessManage:473 - Download File stm32cube_fw_f4_v1282.zip
2025-05-15 15:59:52,857 [INFO] FileExtend:242 - Unzip File : stm32cube_fw_f4_v1282.zip
2025-05-15 15:59:52,861 [INFO] FileExtend:257 - Standard Zip Deflate
2025-05-15 15:59:59,944 [INFO] LoadServerPackagesThread:196 - End of LoadServerPackages Thread
2025-05-15 16:00:00,232 [INFO] ThirdPartyModel:298 - Start build external matchings
2025-05-15 16:00:00,292 [INFO] UtilMem:75 - End SaveConfig() Used Memory: 1040001616 Bytes (1073741824)
2025-05-15 16:00:01,496 [INFO] ThirdPartyModel:316 - End build external matchings
2025-05-15 16:00:01,559 [INFO] CheckServerUpdateThread:120 - End of CheckServer Thread
2025-05-15 16:00:01,653 [INFO] BlockDiagram:2775 - set Specific Code input for plugin: RCC
2025-05-15 16:00:01,654 [INFO] BlockDiagram:2775 - set Specific Code input for plugin: NVIC
2025-05-15 16:00:01,660 [INFO] CodeGenerator:882 - code generatio: config db path: /Applications/STM32CubeIDE.app/Contents/Eclipse/plugins/com.st.stm32cube.common.mx_6.14.0.202502271554//db/
2025-05-15 16:00:01,963 [INFO] CodeEngine:263 - oldGeneratedFile, /Users/johnnario/STM32Projects/BaremetalProjects/SPI/MXTmpFiles/license.tmp_save
2025-05-15 16:00:02,535 [INFO] CodeEngine:287 - Generated code: /Users/johnnario/STM32Projects/BaremetalProjects/SPI/MXTmpFiles/license.tmp
2025-05-15 16:00:02,560 [INFO] CodeEngine:263 - oldGeneratedFile, /Users/johnnario/STM32Projects/BaremetalProjects/SPI/Core/Src/stm32f4xx_it.c_save
2025-05-15 16:00:02,811 [INFO] CodeEngine:287 - Generated code: /Users/johnnario/STM32Projects/BaremetalProjects/SPI/Core/Src/stm32f4xx_it.c
2025-05-15 16:00:02,814 [INFO] CodeEngine:263 - oldGeneratedFile, /Users/johnnario/STM32Projects/BaremetalProjects/SPI/Core/Inc/stm32f4xx_it.h_save
2025-05-15 16:00:02,986 [INFO] CodeEngine:287 - Generated code: /Users/johnnario/STM32Projects/BaremetalProjects/SPI/Core/Inc/stm32f4xx_it.h
2025-05-15 16:00:03,116 [INFO] CodeEngine:263 - oldGeneratedFile, /Users/johnnario/STM32Projects/BaremetalProjects/SPI/Core/Src/stm32f4xx_hal_msp.c_save
2025-05-15 16:00:03,239 [INFO] CodeEngine:287 - Generated code: /Users/johnnario/STM32Projects/BaremetalProjects/SPI/Core/Src/stm32f4xx_hal_msp.c
2025-05-15 16:00:03,244 [INFO] CodeEngine:263 - oldGeneratedFile, /Users/johnnario/STM32Projects/BaremetalProjects/SPI/MXTmpFiles/system.tmp_save
2025-05-15 16:00:03,329 [INFO] CodeEngine:287 - Generated code: /Users/johnnario/STM32Projects/BaremetalProjects/SPI/MXTmpFiles/system.tmp
2025-05-15 16:00:03,343 [INFO] CodeEngine:319 - oldGeneratedFile, /Users/johnnario/STM32Projects/BaremetalProjects/SPI/Core/Inc/stm32f4xx_hal_conf.h_save
2025-05-15 16:00:03,414 [INFO] CodeEngine:343 - Generated code: /Users/johnnario/STM32Projects/BaremetalProjects/SPI/Core/Inc/stm32f4xx_hal_conf.h
2025-05-15 16:00:03,517 [WARN] IPConfigManager:3174 - Warning: the RefConfig PLL2P_FOR_MCO is not available in your config.xml file
2025-05-15 16:00:03,531 [INFO] ApiDbMcu:508 - Load IP Config File for RCC
2025-05-15 16:00:03,539 [INFO] CodeEngine:263 - oldGeneratedFile, /Users/johnnario/STM32Projects/BaremetalProjects/SPI/Core/Inc/main.h_save
2025-05-15 16:00:03,645 [INFO] CodeEngine:287 - Generated code: /Users/johnnario/STM32Projects/BaremetalProjects/SPI/Core/Inc/main.h
2025-05-15 16:00:03,647 [INFO] CodeEngine:263 - oldGeneratedFile, /Users/johnnario/STM32Projects/BaremetalProjects/SPI/Core/Src/main.c_save
2025-05-15 16:00:03,787 [INFO] CodeEngine:287 - Generated code: /Users/johnnario/STM32Projects/BaremetalProjects/SPI/Core/Src/main.c
2025-05-15 16:00:04,420 [INFO] ProjectBuilder:3324 - Time for Copy HAL[1] : 51mS.
2025-05-15 16:00:04,441 [INFO] ProjectBuilder:4912 - Project Generator version: 4.6.0-B36
2025-05-15 16:00:04,587 [INFO] ConfigFileManager:1590 - The Die is : DIE421
2025-05-15 16:00:04,609 [INFO] ApiDbMcu:508 - Load IP Config File for FATFS
2025-05-15 16:00:04,623 [INFO] ApiDbMcu:508 - Load IP Config File for FREERTOS
2025-05-15 16:00:04,631 [INFO] ApiDbMcu:508 - Load IP Config File for LIBJPEG
2025-05-15 16:00:04,644 [INFO] ApiDbMcu:508 - Load IP Config File for MBEDTLS
2025-05-15 16:00:04,656 [INFO] ApiDbMcu:508 - Load IP Config File for USB_DEVICE
2025-05-15 16:00:04,663 [INFO] ApiDbMcu:508 - Load IP Config File for USB_HOST
2025-05-15 16:00:08,514 [INFO] ProjectBuilder:5191 - Time for Generating toolchain IDE Files: 4070mS.
2025-05-15 16:00:08,519 [INFO] ProjectBuilder:3181 - Time for Copy CMSIS : 2mS.
2025-05-15 16:00:08,520 [INFO] ProjectBuilder:3181 - Time for Copy CMSIS : 0mS.
2025-05-15 16:00:10,231 [INFO] McuFinderGlobals:76 - Set McuFinderConnectedMode to true
2025-05-15 16:00:10,261 [INFO] ApiDb:448 - Save user favorites file /Users/johnnario/.stm32cubeide/favorites.mcus.txt: 0 item(s)
2025-05-15 16:00:10,261 [INFO] ApiDb:452 - User favorites MCUs=[]
2025-05-15 16:00:10,274 [INFO] ApiDb:448 - Save user favorites file /Users/johnnario/.stm32cubeide/favorites.boards.txt: 0 item(s)
2025-05-15 16:00:10,275 [INFO] ApiDb:452 - User favorites Boards=[]
2025-05-15 16:01:48,311 [INFO] NvicIntPanel:101 - NVIC parent = com.st.microxplorer.plugins.ip.nvic.MultiNvicIntPanel[,0,0,0x0,invalid,layout=javax.swing.BoxLayout,alignmentX=0.0,alignmentY=0.0,border=,flags=9,maximumSize=,minimumSize=,preferredSize=]
2025-05-15 16:03:04,265 [INFO] UtilMem:75 - End SaveConfig() Used Memory: 775258304 Bytes (1073741824)
2025-05-15 16:03:06,419 [INFO] UtilMem:75 - End SaveConfig() Used Memory: 807427688 Bytes (1073741824)
2025-05-15 16:03:09,294 [INFO] UtilMem:75 - End SaveConfig() Used Memory: 939294160 Bytes (1073741824)
2025-05-15 16:03:09,583 [INFO] BlockDiagram:2775 - set Specific Code input for plugin: SPI
2025-05-15 16:03:09,583 [INFO] BlockDiagram:2775 - set Specific Code input for plugin: SYS
2025-05-15 16:03:09,584 [INFO] BlockDiagram:2775 - set Specific Code input for plugin: RCC
2025-05-15 16:03:09,584 [INFO] BlockDiagram:2775 - set Specific Code input for plugin: NVIC
2025-05-15 16:03:09,584 [INFO] BlockDiagram:2775 - set Specific Code input for plugin: GPIO
2025-05-15 16:03:09,585 [INFO] CodeGenerator:882 - code generatio: config db path: /Applications/STM32CubeIDE.app/Contents/Eclipse/plugins/com.st.stm32cube.common.mx_6.14.0.202502271554//db/
2025-05-15 16:03:09,694 [INFO] CodeEngine:263 - oldGeneratedFile, /Users/johnnario/STM32Projects/BaremetalProjects/SPI/MXTmpFiles/license.tmp_save
2025-05-15 16:03:09,973 [INFO] CodeEngine:287 - Generated code: /Users/johnnario/STM32Projects/BaremetalProjects/SPI/MXTmpFiles/license.tmp
2025-05-15 16:03:10,045 [INFO] CodeEngine:263 - oldGeneratedFile, /Users/johnnario/STM32Projects/BaremetalProjects/SPI/MXTmpFiles/gpio.tmp_save
2025-05-15 16:03:10,162 [INFO] CodeEngine:287 - Generated code: /Users/johnnario/STM32Projects/BaremetalProjects/SPI/MXTmpFiles/gpio.tmp
2025-05-15 16:03:10,238 [INFO] CodeEngine:263 - oldGeneratedFile, /Users/johnnario/STM32Projects/BaremetalProjects/SPI/Core/Src/stm32f4xx_it.c_save
2025-05-15 16:03:10,367 [INFO] CodeEngine:287 - Generated code: /Users/johnnario/STM32Projects/BaremetalProjects/SPI/Core/Src/stm32f4xx_it.c
2025-05-15 16:03:10,368 [INFO] CodeEngine:263 - oldGeneratedFile, /Users/johnnario/STM32Projects/BaremetalProjects/SPI/Core/Inc/stm32f4xx_it.h_save
2025-05-15 16:03:10,460 [INFO] CodeEngine:287 - Generated code: /Users/johnnario/STM32Projects/BaremetalProjects/SPI/Core/Inc/stm32f4xx_it.h
2025-05-15 16:03:10,467 [INFO] CodeEngine:263 - oldGeneratedFile, /Users/johnnario/STM32Projects/BaremetalProjects/SPI/Core/Src/stm32f4xx_hal_msp.c_save
2025-05-15 16:03:10,612 [INFO] CodeEngine:287 - Generated code: /Users/johnnario/STM32Projects/BaremetalProjects/SPI/Core/Src/stm32f4xx_hal_msp.c
2025-05-15 16:03:10,613 [INFO] CodeEngine:263 - oldGeneratedFile, /Users/johnnario/STM32Projects/BaremetalProjects/SPI/MXTmpFiles/system.tmp_save
2025-05-15 16:03:10,708 [INFO] CodeEngine:287 - Generated code: /Users/johnnario/STM32Projects/BaremetalProjects/SPI/MXTmpFiles/system.tmp
2025-05-15 16:03:10,711 [INFO] CodeEngine:319 - oldGeneratedFile, /Users/johnnario/STM32Projects/BaremetalProjects/SPI/Core/Inc/stm32f4xx_hal_conf.h_save
2025-05-15 16:03:10,776 [INFO] CodeEngine:343 - Generated code: /Users/johnnario/STM32Projects/BaremetalProjects/SPI/Core/Inc/stm32f4xx_hal_conf.h
2025-05-15 16:03:10,830 [WARN] IPConfigManager:3174 - Warning: the RefConfig PLL2P_FOR_MCO is not available in your config.xml file
2025-05-15 16:03:10,838 [INFO] ApiDbMcu:508 - Load IP Config File for SPI1
2025-05-15 16:03:10,842 [INFO] CodeEngine:263 - oldGeneratedFile, /Users/johnnario/STM32Projects/BaremetalProjects/SPI/Core/Inc/main.h_save
2025-05-15 16:03:10,912 [INFO] CodeEngine:287 - Generated code: /Users/johnnario/STM32Projects/BaremetalProjects/SPI/Core/Inc/main.h
2025-05-15 16:03:10,914 [INFO] CodeEngine:263 - oldGeneratedFile, /Users/johnnario/STM32Projects/BaremetalProjects/SPI/Core/Src/main.c_save
2025-05-15 16:03:11,014 [INFO] CodeEngine:287 - Generated code: /Users/johnnario/STM32Projects/BaremetalProjects/SPI/Core/Src/main.c
2025-05-15 16:03:11,194 [INFO] ProjectBuilder:3324 - Time for Copy HAL[1] : 65mS.
2025-05-15 16:03:11,206 [INFO] ProjectBuilder:4912 - Project Generator version: 4.6.0-B36
2025-05-15 16:03:11,293 [INFO] ConfigFileManager:1590 - The Die is : DIE421
2025-05-15 16:03:13,993 [INFO] ProjectBuilder:5191 - Time for Generating toolchain IDE Files: 2781mS.
2025-05-15 16:03:13,998 [INFO] ProjectBuilder:3181 - Time for Copy CMSIS : 2mS.
2025-05-15 16:03:14,000 [INFO] ProjectBuilder:3181 - Time for Copy CMSIS : 0mS.
2025-05-15 16:04:29,849 [INFO] NvicIntPanel:101 - NVIC parent = com.st.microxplorer.plugins.ip.nvic.MultiNvicIntPanel[,0,0,0x0,invalid,layout=javax.swing.BoxLayout,alignmentX=0.0,alignmentY=0.0,border=,flags=9,maximumSize=,minimumSize=,preferredSize=]
2025-05-15 16:06:50,026 [INFO] UtilMem:75 - End SaveConfig() Used Memory: 864297392 Bytes (1073741824)
2025-05-15 16:06:52,386 [INFO] UtilMem:75 - End SaveConfig() Used Memory: 895230384 Bytes (1073741824)
2025-05-15 16:06:52,701 [INFO] UtilMem:75 - End SaveConfig() Used Memory: 929307056 Bytes (1073741824)
2025-05-15 16:06:52,876 [INFO] BlockDiagram:2775 - set Specific Code input for plugin: SPI
2025-05-15 16:06:52,876 [INFO] BlockDiagram:2775 - set Specific Code input for plugin: SYS
2025-05-15 16:06:52,876 [INFO] BlockDiagram:2775 - set Specific Code input for plugin: RCC
2025-05-15 16:06:52,876 [INFO] BlockDiagram:2775 - set Specific Code input for plugin: NVIC
2025-05-15 16:06:52,876 [INFO] BlockDiagram:2775 - set Specific Code input for plugin: USART
2025-05-15 16:06:52,876 [INFO] BlockDiagram:2775 - set Specific Code input for plugin: GPIO
2025-05-15 16:06:52,878 [INFO] CodeGenerator:882 - code generatio: config db path: /Applications/STM32CubeIDE.app/Contents/Eclipse/plugins/com.st.stm32cube.common.mx_6.14.0.202502271554//db/
2025-05-15 16:06:53,228 [INFO] CodeEngine:263 - oldGeneratedFile, /Users/johnnario/STM32Projects/BaremetalProjects/SPI/MXTmpFiles/license.tmp_save
2025-05-15 16:06:53,690 [INFO] CodeEngine:287 - Generated code: /Users/johnnario/STM32Projects/BaremetalProjects/SPI/MXTmpFiles/license.tmp
2025-05-15 16:06:53,899 [INFO] CodeEngine:263 - oldGeneratedFile, /Users/johnnario/STM32Projects/BaremetalProjects/SPI/MXTmpFiles/gpio.tmp_save
2025-05-15 16:06:53,988 [INFO] CodeEngine:287 - Generated code: /Users/johnnario/STM32Projects/BaremetalProjects/SPI/MXTmpFiles/gpio.tmp
2025-05-15 16:06:54,106 [INFO] CodeEngine:263 - oldGeneratedFile, /Users/johnnario/STM32Projects/BaremetalProjects/SPI/Core/Src/stm32f4xx_it.c_save
2025-05-15 16:06:54,285 [INFO] CodeEngine:287 - Generated code: /Users/johnnario/STM32Projects/BaremetalProjects/SPI/Core/Src/stm32f4xx_it.c
2025-05-15 16:06:54,334 [INFO] CodeEngine:263 - oldGeneratedFile, /Users/johnnario/STM32Projects/BaremetalProjects/SPI/Core/Inc/stm32f4xx_it.h_save
2025-05-15 16:06:54,439 [INFO] CodeEngine:287 - Generated code: /Users/johnnario/STM32Projects/BaremetalProjects/SPI/Core/Inc/stm32f4xx_it.h
2025-05-15 16:06:54,473 [INFO] CodeEngine:263 - oldGeneratedFile, /Users/johnnario/STM32Projects/BaremetalProjects/SPI/Core/Src/stm32f4xx_hal_msp.c_save
2025-05-15 16:06:54,663 [INFO] CodeEngine:287 - Generated code: /Users/johnnario/STM32Projects/BaremetalProjects/SPI/Core/Src/stm32f4xx_hal_msp.c
2025-05-15 16:06:54,666 [INFO] CodeEngine:263 - oldGeneratedFile, /Users/johnnario/STM32Projects/BaremetalProjects/SPI/MXTmpFiles/system.tmp_save
2025-05-15 16:06:54,713 [INFO] CodeEngine:287 - Generated code: /Users/johnnario/STM32Projects/BaremetalProjects/SPI/MXTmpFiles/system.tmp
2025-05-15 16:06:54,719 [INFO] CodeEngine:319 - oldGeneratedFile, /Users/johnnario/STM32Projects/BaremetalProjects/SPI/Core/Inc/stm32f4xx_hal_conf.h_save
2025-05-15 16:06:54,772 [INFO] CodeEngine:343 - Generated code: /Users/johnnario/STM32Projects/BaremetalProjects/SPI/Core/Inc/stm32f4xx_hal_conf.h
2025-05-15 16:06:54,803 [WARN] IPConfigManager:3174 - Warning: the RefConfig PLL2P_FOR_MCO is not available in your config.xml file
2025-05-15 16:06:54,837 [INFO] ApiDbMcu:508 - Load IP Config File for USART1
2025-05-15 16:06:54,847 [INFO] CodeEngine:263 - oldGeneratedFile, /Users/johnnario/STM32Projects/BaremetalProjects/SPI/Core/Inc/main.h_save
2025-05-15 16:06:54,899 [INFO] CodeEngine:287 - Generated code: /Users/johnnario/STM32Projects/BaremetalProjects/SPI/Core/Inc/main.h
2025-05-15 16:06:54,902 [INFO] CodeEngine:263 - oldGeneratedFile, /Users/johnnario/STM32Projects/BaremetalProjects/SPI/Core/Src/main.c_save
2025-05-15 16:06:55,004 [INFO] CodeEngine:287 - Generated code: /Users/johnnario/STM32Projects/BaremetalProjects/SPI/Core/Src/main.c
2025-05-15 16:06:55,316 [INFO] ProjectBuilder:3324 - Time for Copy HAL[1] : 80mS.
2025-05-15 16:06:55,320 [INFO] ProjectBuilder:4912 - Project Generator version: 4.6.0-B36
2025-05-15 16:06:55,379 [INFO] ConfigFileManager:1590 - The Die is : DIE421
2025-05-15 16:06:57,116 [INFO] ProjectBuilder:5191 - Time for Generating toolchain IDE Files: 1793mS.
2025-05-15 16:06:57,118 [INFO] ProjectBuilder:3181 - Time for Copy CMSIS : 0mS.
2025-05-15 16:06:57,120 [INFO] ProjectBuilder:3181 - Time for Copy CMSIS : 0mS.
2025-05-15 16:57:59,667 [INFO] WebApp:194 - Connection lost
2025-05-15 16:58:00,301 [INFO] WebApp:191 - Connection restablished
2025-05-15 16:58:09,365 [INFO] WebApp:194 - Connection lost
2025-05-15 16:58:09,627 [INFO] WebApp:191 - Connection restablished
2025-05-15 17:13:21,887 [INFO] WebApp:194 - Connection lost
2025-05-15 17:13:22,528 [INFO] WebApp:191 - Connection restablished
2025-05-15 17:13:26,559 [INFO] WebApp:194 - Connection lost
2025-05-15 17:13:27,740 [INFO] WebApp:191 - Connection restablished
2025-05-15 18:04:11,954 [INFO] WebApp:194 - Connection lost
2025-05-15 18:04:12,526 [INFO] WebApp:191 - Connection restablished
2025-05-15 18:15:50,850 [INFO] WebApp:194 - Connection lost
2025-05-15 18:15:51,294 [INFO] WebApp:191 - Connection restablished
2025-05-15 18:31:17,870 [INFO] WebApp:194 - Connection lost
2025-05-15 18:31:18,183 [INFO] WebApp:191 - Connection restablished
2025-05-15 18:37:13,178 [INFO] WebApp:194 - Connection lost
2025-05-15 18:37:14,712 [INFO] WebApp:191 - Connection restablished
2025-05-15 18:46:12,907 [INFO] WebApp:194 - Connection lost
2025-05-15 18:46:13,174 [INFO] WebApp:191 - Connection restablished
2025-05-15 19:03:39,958 [INFO] WebApp:194 - Connection lost
2025-05-15 19:03:40,222 [INFO] WebApp:191 - Connection restablished
2025-05-15 19:05:50,800 [INFO] WebApp:194 - Connection lost
2025-05-15 19:05:51,346 [INFO] WebApp:191 - Connection restablished
2025-05-15 19:05:58,381 [INFO] WebApp:194 - Connection lost
2025-05-15 19:05:58,591 [INFO] WebApp:191 - Connection restablished
2025-05-15 19:06:54,907 [INFO] WebApp:194 - Connection lost
2025-05-15 19:06:55,134 [INFO] WebApp:191 - Connection restablished
2025-05-15 19:10:18,898 [INFO] WebApp:194 - Connection lost
2025-05-15 19:10:19,167 [INFO] WebApp:191 - Connection restablished
2025-05-15 19:26:34,842 [INFO] WebApp:194 - Connection lost
2025-05-15 19:26:35,077 [INFO] WebApp:191 - Connection restablished
2025-05-15 19:31:14,230 [INFO] WebApp:194 - Connection lost
2025-05-15 19:31:14,489 [INFO] WebApp:191 - Connection restablished
2025-05-15 19:32:29,342 [INFO] WebApp:194 - Connection lost
2025-05-15 19:32:29,584 [INFO] WebApp:191 - Connection restablished
2025-05-15 19:32:44,545 [INFO] WebApp:194 - Connection lost
2025-05-15 19:32:44,792 [INFO] WebApp:191 - Connection restablished
2025-05-15 19:33:13,528 [INFO] WebApp:194 - Connection lost
2025-05-15 19:33:14,005 [INFO] WebApp:191 - Connection restablished
2025-05-15 19:37:39,410 [INFO] WebApp:194 - Connection lost
2025-05-15 19:37:39,697 [INFO] WebApp:191 - Connection restablished
2025-05-15 19:39:11,399 [INFO] WebApp:194 - Connection lost
2025-05-15 19:39:11,848 [INFO] WebApp:191 - Connection restablished
2025-05-15 19:47:53,778 [INFO] WebApp:194 - Connection lost
2025-05-15 19:47:54,037 [INFO] WebApp:191 - Connection restablished
2025-05-15 20:04:20,751 [INFO] WebApp:194 - Connection lost
2025-05-15 20:04:21,034 [INFO] WebApp:191 - Connection restablished
2025-05-15 20:22:33,868 [INFO] WebApp:194 - Connection lost
2025-05-15 20:22:34,247 [INFO] WebApp:191 - Connection restablished
2025-05-15 20:28:54,052 [INFO] WebApp:194 - Connection lost
2025-05-15 20:28:54,315 [INFO] WebApp:191 - Connection restablished
2025-05-15 20:45:47,887 [INFO] WebApp:194 - Connection lost
2025-05-15 20:45:48,234 [INFO] WebApp:191 - Connection restablished
2025-05-15 20:45:53,842 [INFO] WebApp:194 - Connection lost
2025-05-15 20:45:54,455 [INFO] WebApp:191 - Connection restablished
2025-05-15 20:48:53,849 [INFO] WebApp:194 - Connection lost
2025-05-15 20:48:54,330 [INFO] WebApp:191 - Connection restablished
2025-05-15 20:55:06,989 [INFO] WebApp:194 - Connection lost
2025-05-15 20:55:07,242 [INFO] WebApp:191 - Connection restablished
2025-05-15 20:57:25,986 [INFO] WebApp:194 - Connection lost
2025-05-15 20:57:26,224 [INFO] WebApp:191 - Connection restablished
2025-05-15 21:09:38,009 [INFO] WebApp:194 - Connection lost
2025-05-15 21:09:38,431 [INFO] WebApp:191 - Connection restablished
2025-05-15 21:10:19,082 [INFO] WebApp:194 - Connection lost
2025-05-15 21:10:19,398 [INFO] WebApp:191 - Connection restablished
2025-05-15 21:27:48,938 [INFO] WebApp:194 - Connection lost
2025-05-15 21:27:49,231 [INFO] WebApp:191 - Connection restablished
2025-05-15 21:45:27,863 [INFO] WebApp:194 - Connection lost
2025-05-15 21:45:29,592 [INFO] WebApp:191 - Connection restablished
2025-05-15 21:49:53,851 [INFO] WebApp:194 - Connection lost
2025-05-15 21:49:54,652 [INFO] WebApp:191 - Connection restablished
2025-05-15 21:55:34,051 [INFO] WebApp:194 - Connection lost
2025-05-15 21:55:34,317 [INFO] WebApp:191 - Connection restablished
2025-05-15 22:08:21,763 [INFO] WebApp:194 - Connection lost
2025-05-15 22:08:22,186 [INFO] WebApp:191 - Connection restablished
2025-05-15 22:24:51,874 [INFO] WebApp:194 - Connection lost
2025-05-15 22:24:52,208 [INFO] WebApp:191 - Connection restablished
2025-05-15 22:35:30,636 [INFO] WebApp:194 - Connection lost
2025-05-15 22:35:30,812 [INFO] WebApp:191 - Connection restablished
2025-05-15 22:35:40,836 [INFO] WebApp:194 - Connection lost
2025-05-15 22:35:41,359 [INFO] WebApp:191 - Connection restablished
2025-05-15 22:38:46,921 [INFO] WebApp:194 - Connection lost
2025-05-15 22:38:47,122 [INFO] WebApp:191 - Connection restablished
2025-05-15 22:41:25,059 [INFO] WebApp:194 - Connection lost
2025-05-15 22:41:25,299 [INFO] WebApp:191 - Connection restablished
2025-05-15 22:41:51,422 [INFO] WebApp:194 - Connection lost
2025-05-15 22:41:51,730 [INFO] WebApp:191 - Connection restablished
2025-05-15 22:42:04,421 [INFO] WebApp:194 - Connection lost
2025-05-15 22:42:04,663 [INFO] WebApp:191 - Connection restablished
2025-05-15 22:42:26,648 [INFO] WebApp:194 - Connection lost
2025-05-15 22:42:26,917 [INFO] WebApp:191 - Connection restablished
2025-05-15 22:50:53,838 [INFO] WebApp:194 - Connection lost
2025-05-15 22:50:54,152 [INFO] WebApp:191 - Connection restablished
2025-05-15 22:52:18,008 [INFO] WebApp:194 - Connection lost
2025-05-15 22:52:18,399 [INFO] WebApp:191 - Connection restablished
2025-05-15 22:52:26,310 [INFO] WebApp:194 - Connection lost
2025-05-15 22:52:26,516 [INFO] WebApp:191 - Connection restablished
2025-05-15 22:56:50,588 [INFO] WebApp:194 - Connection lost
2025-05-15 22:56:50,817 [INFO] WebApp:191 - Connection restablished
2025-05-15 22:57:26,245 [INFO] WebApp:194 - Connection lost
2025-05-15 22:57:26,715 [INFO] WebApp:191 - Connection restablished
2025-05-15 23:03:14,258 [INFO] WebApp:194 - Connection lost
2025-05-15 23:03:14,509 [INFO] WebApp:191 - Connection restablished
2025-05-15 23:03:22,458 [INFO] WebApp:194 - Connection lost
2025-05-15 23:03:22,655 [INFO] WebApp:191 - Connection restablished
2025-05-15 23:03:30,664 [INFO] WebApp:194 - Connection lost
2025-05-15 23:03:30,866 [INFO] WebApp:191 - Connection restablished
2025-05-15 23:28:50,954 [INFO] WebApp:194 - Connection lost
2025-05-15 23:28:51,125 [INFO] WebApp:191 - Connection restablished
2025-05-15 23:46:12,856 [INFO] WebApp:194 - Connection lost
2025-05-15 23:46:13,316 [INFO] WebApp:191 - Connection restablished
2025-05-15 23:46:21,466 [INFO] WebApp:194 - Connection lost
2025-05-15 23:46:21,663 [INFO] WebApp:191 - Connection restablished
2025-05-15 23:51:53,839 [INFO] WebApp:194 - Connection lost
2025-05-15 23:51:54,093 [INFO] WebApp:191 - Connection restablished
